<?xml version="1.0" encoding="UTF-8"?>
<testsuites>
  <testsuite name="add_covariates" timestamp="2023-09-21T15:30:08Z" hostname="1115b4d7e276" tests="10" skipped="0" failures="0" errors="0" time="0.149">
    <testcase time="0.0290000000000001" classname="add_covariates" name="add_covariates_works_for_list_of_priors"/>
    <testcase time="0.0199999999999998" classname="add_covariates" name="add_covariates_works_for_list_of_priors"/>
    <testcase time="0.0230000000000001" classname="add_covariates" name="add_covariates_works_for_a_single_prior"/>
    <testcase time="0.002" classname="add_covariates" name="add_covariates_works_for_a_single_prior"/>
    <testcase time="0.0289999999999999" classname="add_covariates" name="add_covariates_fails_for_invalid_prior_specification"/>
    <testcase time="0.00900000000000012" classname="add_covariates" name="add_covariates_fails_for_invalid_prior_specification"/>
    <testcase time="0.00800000000000001" classname="add_covariates" name="add_covariates_fails_for_invalid_prior_specification"/>
    <testcase time="0.00600000000000001" classname="add_covariates" name="add_covariates_fails_for_invalid_prior_specification"/>
    <testcase time="0.0069999999999999" classname="add_covariates" name="add_covariates_fails_for_invalid_prior_specification"/>
    <testcase time="0.016" classname="add_covariates" name="get_vars_works_for_Covariates"/>
  </testsuite>
  <testsuite name="analysis_class" timestamp="2023-09-21T15:30:08Z" hostname="1115b4d7e276" tests="5" skipped="3" failures="0" errors="0" time="0.24">
    <testcase time="0.032" classname="analysis_class" name="get_vars_works_for_Analysis"/>
    <testcase time="0.00499999999999989" classname="analysis_class" name="get_vars_works_for_Analysis"/>
    <testcase time="0.0870000000000002" classname="analysis_class" name="show_works_for_Analysis">
      <skipped message="Reason: On CRAN ('test-analysis_class.R:55:3')"/>
    </testcase>
    <testcase time="0.0319999999999998" classname="analysis_class" name="show_works_without_covariates">
      <skipped message="Reason: On CRAN ('test-analysis_class.R:75:3')"/>
    </testcase>
    <testcase time="0.0840000000000001" classname="analysis_class" name="show_works_with_no_borrowing">
      <skipped message="Reason: On CRAN ('test-analysis_class.R:96:3')"/>
    </testcase>
  </testsuite>
  <testsuite name="bernoulli_prior" timestamp="2023-09-21T15:30:08Z" hostname="1115b4d7e276" tests="7" skipped="2" failures="0" errors="0" time="0.138">
    <testcase time="0.0389999999999999" classname="bernoulli_prior" name="Bernoulli_priors_are_rendering_correctly"/>
    <testcase time="0.00500000000000012" classname="bernoulli_prior" name="Bernoulli_priors_are_rendering_correctly"/>
    <testcase time="0.00600000000000001" classname="bernoulli_prior" name="Bernoulli_priors_are_rendering_correctly"/>
    <testcase time="0.00800000000000001" classname="bernoulli_prior" name="Bernoulli_priors_are_rendering_correctly"/>
    <testcase time="0.0229999999999999" classname="bernoulli_prior" name="show_works_for_BernoulliPrior">
      <skipped message="Reason: On CRAN ('test-bernoulli_prior.R:19:3')"/>
    </testcase>
    <testcase time="0.032" classname="bernoulli_prior" name="plot_works_for_BernoulliPrior">
      <skipped message="Reason: On CRAN ('test-bernoulli_prior.R:23:3')"/>
    </testcase>
    <testcase time="0.0250000000000001" classname="bernoulli_prior" name="constraints_work_for_BernoulliPrior"/>
  </testsuite>
  <testsuite name="beta_prior" timestamp="2023-09-21T15:30:08Z" hostname="1115b4d7e276" tests="8" skipped="2" failures="0" errors="0" time="0.191">
    <testcase time="0.012" classname="beta_prior" name="Beta_priors_are_rendering_correctly"/>
    <testcase time="0.00499999999999989" classname="beta_prior" name="Beta_priors_are_rendering_correctly"/>
    <testcase time="0.00500000000000012" classname="beta_prior" name="Beta_priors_are_rendering_correctly"/>
    <testcase time="0.00499999999999989" classname="beta_prior" name="Beta_priors_are_rendering_correctly"/>
    <testcase time="0.014" classname="beta_prior" name="Beta_priors_are_rendering_correctly"/>
    <testcase time="0.0109999999999999" classname="beta_prior" name="show_works_for_BetaPrior">
      <skipped message="Reason: On CRAN ('test-beta_prior.R:20:3')"/>
    </testcase>
    <testcase time="0.119" classname="beta_prior" name="plot_works_for_BetaPrior">
      <skipped message="Reason: On CRAN ('test-beta_prior.R:24:3')"/>
    </testcase>
    <testcase time="0.02" classname="beta_prior" name="constraints_work_for_BetaPrior"/>
  </testsuite>
  <testsuite name="borrowing_details" timestamp="2023-09-21T15:30:09Z" hostname="1115b4d7e276" tests="16" skipped="0" failures="0" errors="0" time="0.123">
    <testcase time="0.0110000000000001" classname="borrowing_details" name="borrowing_details_works_as_expected_for_no_borrowing"/>
    <testcase time="0.004" classname="borrowing_details" name="borrowing_details_works_as_expected_for_no_borrowing"/>
    <testcase time="0.004" classname="borrowing_details" name="borrowing_details_works_as_expected_for_no_borrowing"/>
    <testcase time="0.0069999999999999" classname="borrowing_details" name="borrowing_details_works_as_expected_for_full_borrowing"/>
    <testcase time="0.004" classname="borrowing_details" name="borrowing_details_works_as_expected_for_full_borrowing"/>
    <testcase time="0.004" classname="borrowing_details" name="borrowing_details_works_as_expected_for_full_borrowing"/>
    <testcase time="0.01" classname="borrowing_details" name="borrowing_details_works_as_expected_for_BDB"/>
    <testcase time="0.00500000000000012" classname="borrowing_details" name="borrowing_details_works_as_expected_for_BDB"/>
    <testcase time="0.00099999999999989" classname="borrowing_details" name="borrowing_details_works_as_expected_for_BDB"/>
    <testcase time="0.00500000000000012" classname="borrowing_details" name="borrowing_details_works_as_expected_for_BDB"/>
    <testcase time="0.0149999999999999" classname="borrowing_details" name="borrowing_details_gives_expected_errors"/>
    <testcase time="0.00700000000000012" classname="borrowing_details" name="borrowing_details_gives_expected_errors"/>
    <testcase time="0.0069999999999999" classname="borrowing_details" name="borrowing_details_gives_expected_errors"/>
    <testcase time="0.014" classname="borrowing_details" name="get_vars_works_for_borrowing_details"/>
    <testcase time="0.0170000000000001" classname="borrowing_details" name="borrowing_details_checks_tau_prior_limits"/>
    <testcase time="0.00800000000000001" classname="borrowing_details" name="borrowing_details_checks_tau_prior_limits"/>
  </testsuite>
  <testsuite name="cauchy_prior" timestamp="2023-09-21T15:30:09Z" hostname="1115b4d7e276" tests="8" skipped="2" failures="0" errors="0" time="0.102">
    <testcase time="0.0149999999999999" classname="cauchy_prior" name="Cauchy_priors_are_rendering_correctly"/>
    <testcase time="0.00600000000000001" classname="cauchy_prior" name="Cauchy_priors_are_rendering_correctly"/>
    <testcase time="0.00600000000000001" classname="cauchy_prior" name="Cauchy_priors_are_rendering_correctly"/>
    <testcase time="0.00500000000000012" classname="cauchy_prior" name="Cauchy_priors_are_rendering_correctly"/>
    <testcase time="0.01" classname="cauchy_prior" name="Cauchy_priors_are_rendering_correctly"/>
    <testcase time="0.0119999999999998" classname="cauchy_prior" name="show_works_for_CauchyPrior">
      <skipped message="Reason: On CRAN ('test-cauchy_prior.R:20:3')"/>
    </testcase>
    <testcase time="0.028" classname="cauchy_prior" name="plot_works_for_CauchyPrior">
      <skipped message="Reason: On CRAN ('test-cauchy_prior.R:24:3')"/>
    </testcase>
    <testcase time="0.02" classname="cauchy_prior" name="constraints_work_for_CauchyPrior"/>
  </testsuite>
  <testsuite name="check_data_matrix_has_columns" timestamp="2023-09-21T15:30:09Z" hostname="1115b4d7e276" tests="5" skipped="0" failures="0" errors="0" time="0.044">
    <testcase time="0.0169999999999999" classname="check_data_matrix_has_columns" name="check_data_matrix_catches_errors"/>
    <testcase time="0.00700000000000012" classname="check_data_matrix_has_columns" name="check_data_matrix_catches_errors"/>
    <testcase time="0.00600000000000023" classname="check_data_matrix_has_columns" name="check_data_matrix_catches_errors"/>
    <testcase time="0.00699999999999967" classname="check_data_matrix_has_columns" name="check_data_matrix_catches_errors"/>
    <testcase time="0.00700000000000012" classname="check_data_matrix_has_columns" name="check_data_matrix_catches_errors"/>
  </testsuite>
  <testsuite name="cmdstan" timestamp="2023-09-21T15:30:09Z" hostname="1115b4d7e276" tests="2" skipped="0" failures="0" errors="0" time="13.595">
    <testcase time="13.593" classname="cmdstan" name="check_cmdstanr_runs_as_expected"/>
    <testcase time="0.00199999999999889" classname="cmdstan" name="check_cmdstanr_runs_as_expected"/>
    <testcase time="0.0080000000000009" classname="character(0)" name="_unnamed_">
      <skipped message="Reason: On CRAN ('test-create_analysis_obj.R:1:1')"/>
    </testcase>
  </testsuite>
  <testsuite name="create_data_matrix" timestamp="2023-09-21T15:30:23Z" hostname="1115b4d7e276" tests="20" skipped="1" failures="0" errors="0" time="1.211">
    <testcase time="1.025" classname="create_data_matrix" name="create_data_matrix_works"/>
    <testcase time="0.00200000000000244" classname="create_data_matrix" name="create_data_matrix_works"/>
    <testcase time="0.0069999999999979" classname="create_data_matrix" name="create_data_matrix_works"/>
    <testcase time="0.0109999999999992" classname="create_data_matrix" name="create_data_matrix_works_with_complex_formulas"/>
    <testcase time="0.0110000000000028" classname="create_data_matrix" name="create_data_matrix_works_with_weights"/>
    <testcase time="0.0109999999999992" classname="create_data_matrix" name="create_data_matrix_works_with_one_covariate"/>
    <testcase time="0.00999999999999801" classname="create_data_matrix" name="create_data_matrix_works_with_no_covariates"/>
    <testcase time="0.00100000000000122" classname="create_data_matrix" name="create_data_matrix_works_with_no_covariates"/>
    <testcase time="0.0150000000000006" classname="create_data_matrix" name="create_data_matrix_gives_error_invalid_outcome"/>
    <testcase time="0.00799999999999912" classname="create_data_matrix" name="create_data_matrix_gives_error_invalid_outcome"/>
    <testcase time="0.00700000000000145" classname="create_data_matrix" name="create_data_matrix_gives_error_invalid_outcome"/>
    <testcase time="0.0150000000000006" classname="create_data_matrix" name="create_data_matrix_gives_error_invalid_trt_flag_col"/>
    <testcase time="0.014999999999997" classname="create_data_matrix" name="create_data_matrix_gives_error_invalid_ext_flag_col"/>
    <testcase time="0.017000000000003" classname="create_data_matrix" name="create_data_matrix_gives_error_invalid_covariates"/>
    <testcase time="0.00900000000000034" classname="create_data_matrix" name="create_data_matrix_gives_error_invalid_covariates"/>
    <testcase time="0.00799999999999912" classname="create_data_matrix" name="create_data_matrix_gives_error_invalid_covariates"/>
    <testcase time="0.00900000000000034" classname="create_data_matrix" name="create_data_matrix_gives_error_invalid_covariates"/>
    <testcase time="0.014999999999997" classname="create_data_matrix" name="create_data_matrix_gives_error_for_invalid_data"/>
    <testcase time="0.00700000000000145" classname="create_data_matrix" name="create_data_matrix_gives_error_for_invalid_data"/>
    <testcase time="0.0109999999999992" classname="character(0)" name="_unnamed_">
      <skipped message="Reason: On CRAN ('test-create_simulation_obj.R:1:1')"/>
    </testcase>
  </testsuite>
  <testsuite name="exp_surv_dist" timestamp="2023-09-21T15:30:24Z" hostname="1115b4d7e276" tests="11" skipped="1" failures="0" errors="0" time="0.09">
    <testcase time="0.022000000000002" classname="exp_surv_dist" name="Exponential_survival_distributions_are_rendering_correctly"/>
    <testcase time="0.00500000000000256" classname="exp_surv_dist" name="Exponential_survival_distributions_are_rendering_correctly"/>
    <testcase time="0.00499999999999901" classname="exp_surv_dist" name="Exponential_survival_distributions_are_rendering_correctly"/>
    <testcase time="0.00700000000000145" classname="exp_surv_dist" name="Exponential_survival_distributions_are_rendering_correctly"/>
    <testcase time="0.014999999999997" classname="exp_surv_dist" name="get_vars_works_for_ExponentialSurvDist"/>
    <testcase time="0.00700000000000145" classname="exp_surv_dist" name="get_vars_works_for_ExponentialSurvDist"/>
    <testcase time="0.0100000000000016" classname="exp_surv_dist" name="exp_surv_dist_works_with_weights"/>
    <testcase time="0.00599999999999667" classname="exp_surv_dist" name="exp_surv_dist_works_with_weights"/>
    <testcase time="0.00100000000000122" classname="exp_surv_dist" name="exp_surv_dist_works_with_weights"/>
    <testcase time="0.00100000000000122" classname="exp_surv_dist" name="exp_surv_dist_works_with_weights"/>
  </testsuite>
  <testsuite name="exponential_prior" timestamp="2023-09-21T15:30:24Z" hostname="1115b4d7e276" tests="7" skipped="2" failures="0" errors="0" time="0.1">
    <testcase time="0.0159999999999982" classname="exponential_prior" name="Exponential_priors_are_rendering_correctly"/>
    <testcase time="0.0190000000000019" classname="exponential_prior" name="Exponential_priors_are_rendering_correctly"/>
    <testcase time="0.00499999999999901" classname="exponential_prior" name="Exponential_priors_are_rendering_correctly"/>
    <testcase time="0.00799999999999912" classname="exponential_prior" name="Exponential_priors_are_rendering_correctly"/>
    <testcase time="0.0109999999999992" classname="exponential_prior" name="show_works_for_ExponentialPrior">
      <skipped message="Reason: On CRAN ('test-exponential_prior.R:19:3')"/>
    </testcase>
    <testcase time="0.0210000000000008" classname="exponential_prior" name="plot_works_for_ExponentialPrior">
      <skipped message="Reason: On CRAN ('test-exponential_prior.R:23:3')"/>
    </testcase>
    <testcase time="0.0199999999999996" classname="exponential_prior" name="constraints_work_for_ExponentialPrior"/>
  </testsuite>
  <testsuite name="gamma_prior" timestamp="2023-09-21T15:30:24Z" hostname="1115b4d7e276" tests="9" skipped="2" failures="0" errors="0" time="0.095">
    <testcase time="0.0120000000000005" classname="gamma_prior" name="Gamma_priors_are_rendering_correctly"/>
    <testcase time="0.00500000000000256" classname="gamma_prior" name="Gamma_priors_are_rendering_correctly"/>
    <testcase time="0.00399999999999778" classname="gamma_prior" name="Gamma_priors_are_rendering_correctly"/>
    <testcase time="0.00499999999999901" classname="gamma_prior" name="Gamma_priors_are_rendering_correctly"/>
    <testcase time="0.00900000000000034" classname="gamma_prior" name="Gamma_priors_are_rendering_correctly"/>
    <testcase time="0.00800000000000267" classname="gamma_prior" name="Gamma_priors_are_rendering_correctly"/>
    <testcase time="0.0109999999999992" classname="gamma_prior" name="show_works_for_GammaPrior">
      <skipped message="Reason: On CRAN ('test-gamma_prior.R:23:3')"/>
    </testcase>
    <testcase time="0.0210000000000008" classname="gamma_prior" name="plot_works_for_GammaPrior">
      <skipped message="Reason: On CRAN ('test-gamma_prior.R:27:3')"/>
    </testcase>
    <testcase time="0.0199999999999996" classname="gamma_prior" name="constraints_work_for_GammaPrior"/>
  </testsuite>
  <testsuite name="half_cauchy_prior" timestamp="2023-09-21T15:30:24Z" hostname="1115b4d7e276" tests="11" skipped="2" failures="0" errors="0" time="0.101">
    <testcase time="0.0120000000000005" classname="half_cauchy_prior" name="Half_Cauchy_priors_are_rendering_correctly"/>
    <testcase time="0.00499999999999901" classname="half_cauchy_prior" name="Half_Cauchy_priors_are_rendering_correctly"/>
    <testcase time="0.00499999999999901" classname="half_cauchy_prior" name="Half_Cauchy_priors_are_rendering_correctly"/>
    <testcase time="0.00400000000000134" classname="half_cauchy_prior" name="Half_Cauchy_priors_are_rendering_correctly"/>
    <testcase time="0.00499999999999901" classname="half_cauchy_prior" name="Half_Cauchy_priors_are_rendering_correctly"/>
    <testcase time="0.00799999999999912" classname="half_cauchy_prior" name="Half_Cauchy_priors_are_rendering_correctly"/>
    <testcase time="0.0110000000000028" classname="half_cauchy_prior" name="show_works_for_HalfCauchyPrior">
      <skipped message="Reason: On CRAN ('test-half_cauchy_prior.R:21:3')"/>
    </testcase>
    <testcase time="0.0219999999999985" classname="half_cauchy_prior" name="plot_works_for_HalfCauchyPrior">
      <skipped message="Reason: On CRAN ('test-half_cauchy_prior.R:25:3')"/>
    </testcase>
    <testcase time="0.0189999999999984" classname="half_cauchy_prior" name="constraints_work_for_HalfCauchyPrior"/>
    <testcase time="0.00500000000000256" classname="half_cauchy_prior" name="constraints_work_for_HalfCauchyPrior"/>
    <testcase time="0.00499999999999901" classname="half_cauchy_prior" name="constraints_work_for_HalfCauchyPrior"/>
  </testsuite>
  <testsuite name="half_normal_prior" timestamp="2023-09-21T15:30:24Z" hostname="1115b4d7e276" tests="11" skipped="2" failures="0" errors="0" time="0.107">
    <testcase time="0.0120000000000005" classname="half_normal_prior" name="Half_Normal_priors_are_rendering_correctly"/>
    <testcase time="0.00499999999999901" classname="half_normal_prior" name="Half_Normal_priors_are_rendering_correctly"/>
    <testcase time="0.00400000000000134" classname="half_normal_prior" name="Half_Normal_priors_are_rendering_correctly"/>
    <testcase time="0.00499999999999901" classname="half_normal_prior" name="Half_Normal_priors_are_rendering_correctly"/>
    <testcase time="0.00400000000000134" classname="half_normal_prior" name="Half_Normal_priors_are_rendering_correctly"/>
    <testcase time="0.00799999999999912" classname="half_normal_prior" name="Half_Normal_priors_are_rendering_correctly"/>
    <testcase time="0.0120000000000005" classname="half_normal_prior" name="show_works_for_HalfNormalPrior">
      <skipped message="Reason: On CRAN ('test-half_normal_prior.R:21:3')"/>
    </testcase>
    <testcase time="0.0210000000000008" classname="half_normal_prior" name="plot_works_for_HalfNormalPrior">
      <skipped message="Reason: On CRAN ('test-half_normal_prior.R:25:3')"/>
    </testcase>
    <testcase time="0.0259999999999998" classname="half_normal_prior" name="constraints_work_for_HalfNormalPrior"/>
    <testcase time="0.00499999999999901" classname="half_normal_prior" name="constraints_work_for_HalfNormalPrior"/>
    <testcase time="0.00499999999999901" classname="half_normal_prior" name="constraints_work_for_HalfNormalPrior"/>
  </testsuite>
  <testsuite name="helpers" timestamp="2023-09-21T15:30:24Z" hostname="1115b4d7e276" tests="12" skipped="0" failures="0" errors="0" time="0.133">
    <testcase time="0.0150000000000006" classname="helpers" name="h_glue_works_as_expected"/>
    <testcase time="0.00400000000000134" classname="helpers" name="h_glue_works_as_expected"/>
    <testcase time="0.00399999999999778" classname="helpers" name="h_glue_works_as_expected"/>
    <testcase time="0.0109999999999992" classname="helpers" name="parse_constraint_works_as_expected"/>
    <testcase time="0.00500000000000256" classname="helpers" name="parse_constraint_works_as_expected"/>
    <testcase time="0.0129999999999981" classname="helpers" name="parse_constraint_works_as_expected_with_prior_list"/>
    <testcase time="0.0120000000000005" classname="helpers" name="parse_constraint_works_as_expected_with_single_prior"/>
    <testcase time="0.0169999999999995" classname="helpers" name="rename_draws_covariates_works_as_expected"/>
    <testcase time="0.00500000000000256" classname="helpers" name="rename_draws_covariates_works_as_expected"/>
    <testcase time="0.0159999999999982" classname="helpers" name="variable_dictionary_works_as_expected_for_logistic_and_BDB"/>
    <testcase time="0.0150000000000006" classname="helpers" name="variable_dictionary_works_as_expected_for_exponential_and_no_borrowing"/>
    <testcase time="0.0159999999999982" classname="helpers" name="variable_dictionary_includes_shape_parameter_for_Weibull_PH"/>
  </testsuite>
  <testsuite name="logistic_bin_outcome" timestamp="2023-09-21T15:30:24Z" hostname="1115b4d7e276" tests="9" skipped="0" failures="0" errors="0" time="0.058">
    <testcase time="0.0130000000000017" classname="logistic_bin_outcome" name="LogisticBinaryOutcome_distribution_is_rendering_correctly"/>
    <testcase time="0.00400000000000134" classname="logistic_bin_outcome" name="LogisticBinaryOutcome_distribution_is_rendering_correctly"/>
    <testcase time="0.0069999999999979" classname="logistic_bin_outcome" name="LogisticBinaryOutcome_distribution_is_rendering_correctly"/>
    <testcase time="0.0130000000000017" classname="logistic_bin_outcome" name="get_vars_works_for_LogisticBinaryOutcome"/>
    <testcase time="0.00600000000000023" classname="logistic_bin_outcome" name="get_vars_works_for_LogisticBinaryOutcome"/>
    <testcase time="0.00900000000000034" classname="logistic_bin_outcome" name="logistic_bin_outcome_works_with_weights"/>
    <testcase time="0.00399999999999778" classname="logistic_bin_outcome" name="logistic_bin_outcome_works_with_weights"/>
    <testcase time="0.00100000000000122" classname="logistic_bin_outcome" name="logistic_bin_outcome_works_with_weights"/>
    <testcase time="0.000999999999997669" classname="logistic_bin_outcome" name="logistic_bin_outcome_works_with_weights"/>
  </testsuite>
  <testsuite name="make_model_string_data" timestamp="2023-09-21T15:30:24Z" hostname="1115b4d7e276" tests="45" skipped="5" failures="0" errors="0" time="0.284">
    <testcase time="0.0160000000000018" classname="make_model_string_data" name="make_model_string_data_works_with_exponential_survival_and_full_borrowing"/>
    <testcase time="0.00499999999999901" classname="make_model_string_data" name="make_model_string_data_works_with_exponential_survival_and_full_borrowing"/>
    <testcase time="0.00400000000000134" classname="make_model_string_data" name="make_model_string_data_works_with_exponential_survival_and_full_borrowing"/>
    <testcase time="0.00399999999999778" classname="make_model_string_data" name="make_model_string_data_works_with_exponential_survival_and_full_borrowing"/>
    <testcase time="0.00500000000000256" classname="make_model_string_data" name="make_model_string_data_works_with_exponential_survival_and_full_borrowing"/>
    <testcase time="0.00399999999999778" classname="make_model_string_data" name="make_model_string_data_works_with_exponential_survival_and_full_borrowing"/>
    <testcase time="0.00400000000000134" classname="make_model_string_data" name="make_model_string_data_works_with_exponential_survival_and_full_borrowing"/>
    <testcase time="0.00700000000000145" classname="make_model_string_data" name="make_model_string_data_works_with_exponential_survival_and_full_borrowing">
      <skipped message="Reason: On CRAN ('test-make_model_string_data.R:20:3')"/>
    </testcase>
    <testcase time="0.0189999999999984" classname="make_model_string_data" name="make_model_string_data_works_with_exponential_survival_and_BDB"/>
    <testcase time="0.00400000000000134" classname="make_model_string_data" name="make_model_string_data_works_with_exponential_survival_and_BDB"/>
    <testcase time="0.00399999999999778" classname="make_model_string_data" name="make_model_string_data_works_with_exponential_survival_and_BDB"/>
    <testcase time="0.00400000000000134" classname="make_model_string_data" name="make_model_string_data_works_with_exponential_survival_and_BDB"/>
    <testcase time="0.00400000000000134" classname="make_model_string_data" name="make_model_string_data_works_with_exponential_survival_and_BDB"/>
    <testcase time="0.00399999999999778" classname="make_model_string_data" name="make_model_string_data_works_with_exponential_survival_and_BDB"/>
    <testcase time="0.00400000000000134" classname="make_model_string_data" name="make_model_string_data_works_with_exponential_survival_and_BDB"/>
    <testcase time="0.00399999999999778" classname="make_model_string_data" name="make_model_string_data_works_with_exponential_survival_and_BDB"/>
    <testcase time="0.00700000000000145" classname="make_model_string_data" name="make_model_string_data_works_with_exponential_survival_and_BDB">
      <skipped message="Reason: On CRAN ('test-make_model_string_data.R:44:3')"/>
    </testcase>
    <testcase time="0.0210000000000008" classname="make_model_string_data" name="make_model_string_data_works_with_weibull_survival_and_BDB_and_covariates"/>
    <testcase time="0.00399999999999778" classname="make_model_string_data" name="make_model_string_data_works_with_weibull_survival_and_BDB_and_covariates"/>
    <testcase time="0.00500000000000256" classname="make_model_string_data" name="make_model_string_data_works_with_weibull_survival_and_BDB_and_covariates"/>
    <testcase time="0.00399999999999778" classname="make_model_string_data" name="make_model_string_data_works_with_weibull_survival_and_BDB_and_covariates"/>
    <testcase time="0.00400000000000134" classname="make_model_string_data" name="make_model_string_data_works_with_weibull_survival_and_BDB_and_covariates"/>
    <testcase time="0.00400000000000134" classname="make_model_string_data" name="make_model_string_data_works_with_weibull_survival_and_BDB_and_covariates"/>
    <testcase time="0.00999999999999801" classname="make_model_string_data" name="make_model_string_data_works_with_weibull_survival_and_BDB_and_covariates"/>
    <testcase time="0.00400000000000134" classname="make_model_string_data" name="make_model_string_data_works_with_weibull_survival_and_BDB_and_covariates"/>
    <testcase time="0.0069999999999979" classname="make_model_string_data" name="make_model_string_data_works_with_weibull_survival_and_BDB_and_covariates">
      <skipped message="Reason: On CRAN ('test-make_model_string_data.R:77:3')"/>
    </testcase>
    <testcase time="0.0210000000000008" classname="make_model_string_data" name="make_model_string_data_works_with_binary_outcome_and_BDB_and_covariates"/>
    <testcase time="0.00400000000000134" classname="make_model_string_data" name="make_model_string_data_works_with_binary_outcome_and_BDB_and_covariates"/>
    <testcase time="0.00399999999999778" classname="make_model_string_data" name="make_model_string_data_works_with_binary_outcome_and_BDB_and_covariates"/>
    <testcase time="0.00400000000000134" classname="make_model_string_data" name="make_model_string_data_works_with_binary_outcome_and_BDB_and_covariates"/>
    <testcase time="0.00499999999999901" classname="make_model_string_data" name="make_model_string_data_works_with_binary_outcome_and_BDB_and_covariates"/>
    <testcase time="0.00400000000000134" classname="make_model_string_data" name="make_model_string_data_works_with_binary_outcome_and_BDB_and_covariates"/>
    <testcase time="0.00400000000000134" classname="make_model_string_data" name="make_model_string_data_works_with_binary_outcome_and_BDB_and_covariates"/>
    <testcase time="0.00399999999999778" classname="make_model_string_data" name="make_model_string_data_works_with_binary_outcome_and_BDB_and_covariates"/>
    <testcase time="0.00700000000000145" classname="make_model_string_data" name="make_model_string_data_works_with_binary_outcome_and_BDB_and_covariates">
      <skipped message="Reason: On CRAN ('test-make_model_string_data.R:105:3')"/>
    </testcase>
    <testcase time="0.0210000000000008" classname="make_model_string_data" name="make_model_string_data_works_with_binary_outcome_and_weights"/>
    <testcase time="0.00399999999999778" classname="make_model_string_data" name="make_model_string_data_works_with_binary_outcome_and_weights"/>
    <testcase time="0.00400000000000134" classname="make_model_string_data" name="make_model_string_data_works_with_binary_outcome_and_weights"/>
    <testcase time="0.00499999999999901" classname="make_model_string_data" name="make_model_string_data_works_with_binary_outcome_and_weights"/>
    <testcase time="0.00400000000000134" classname="make_model_string_data" name="make_model_string_data_works_with_binary_outcome_and_weights"/>
    <testcase time="0.00399999999999778" classname="make_model_string_data" name="make_model_string_data_works_with_binary_outcome_and_weights"/>
    <testcase time="0.00400000000000134" classname="make_model_string_data" name="make_model_string_data_works_with_binary_outcome_and_weights"/>
    <testcase time="0.00400000000000134" classname="make_model_string_data" name="make_model_string_data_works_with_binary_outcome_and_weights"/>
    <testcase time="0.00399999999999778" classname="make_model_string_data" name="make_model_string_data_works_with_binary_outcome_and_weights"/>
    <testcase time="0.00700000000000145" classname="make_model_string_data" name="make_model_string_data_works_with_binary_outcome_and_weights">
      <skipped message="Reason: On CRAN ('test-make_model_string_data.R:134:3')"/>
    </testcase>
  </testsuite>
  <testsuite name="make_model_string_functions" timestamp="2023-09-21T15:30:25Z" hostname="1115b4d7e276" tests="16" skipped="4" failures="0" errors="0" time="0.119">
    <testcase time="0.0240000000000009" classname="make_model_string_functions" name="make_model_string_functions_works_with_exponential_survival_and_full_borrowing"/>
    <testcase time="0.000999999999997669" classname="make_model_string_functions" name="make_model_string_functions_works_with_exponential_survival_and_full_borrowing"/>
    <testcase time="0.00700000000000145" classname="make_model_string_functions" name="make_model_string_functions_works_with_exponential_survival_and_full_borrowing">
      <skipped message="Reason: On CRAN ('test-make_model_string_functions.R:15:3')"/>
    </testcase>
    <testcase time="0.0189999999999984" classname="make_model_string_functions" name="make_model_string_functions_works_with_exponential_survival_and_BDB"/>
    <testcase time="0.00100000000000122" classname="make_model_string_functions" name="make_model_string_functions_works_with_exponential_survival_and_BDB"/>
    <testcase time="0.00599999999999667" classname="make_model_string_functions" name="make_model_string_functions_works_with_exponential_survival_and_BDB">
      <skipped message="Reason: On CRAN ('test-make_model_string_functions.R:33:3')"/>
    </testcase>
    <testcase time="0.0210000000000008" classname="make_model_string_functions" name="make_model_string_functions_works_with_weibull_survival_and_BDB_and_covariates"/>
    <testcase time="0.00100000000000122" classname="make_model_string_functions" name="make_model_string_functions_works_with_weibull_survival_and_BDB_and_covariates"/>
    <testcase time="0.00100000000000122" classname="make_model_string_functions" name="make_model_string_functions_works_with_weibull_survival_and_BDB_and_covariates"/>
    <testcase time="0.000999999999997669" classname="make_model_string_functions" name="make_model_string_functions_works_with_weibull_survival_and_BDB_and_covariates"/>
    <testcase time="0.00100000000000122" classname="make_model_string_functions" name="make_model_string_functions_works_with_weibull_survival_and_BDB_and_covariates"/>
    <testcase time="0.00100000000000122" classname="make_model_string_functions" name="make_model_string_functions_works_with_weibull_survival_and_BDB_and_covariates"/>
    <testcase time="0.0069999999999979" classname="make_model_string_functions" name="make_model_string_functions_works_with_weibull_survival_and_BDB_and_covariates">
      <skipped message="Reason: On CRAN ('test-make_model_string_functions.R:64:3')"/>
    </testcase>
    <testcase time="0.0199999999999996" classname="make_model_string_functions" name="make_model_string_functions_works_with_binary_outcome_and_BDB_and_covariates"/>
    <testcase time="0.00100000000000122" classname="make_model_string_functions" name="make_model_string_functions_works_with_binary_outcome_and_BDB_and_covariates"/>
    <testcase time="0.0069999999999979" classname="make_model_string_functions" name="make_model_string_functions_works_with_binary_outcome_and_BDB_and_covariates">
      <skipped message="Reason: On CRAN ('test-make_model_string_functions.R:86:3')"/>
    </testcase>
  </testsuite>
  <testsuite name="make_model_string_model" timestamp="2023-09-21T15:30:25Z" hostname="1115b4d7e276" tests="25" skipped="4" failures="0" errors="0" time="0.143">
    <testcase time="0.0250000000000021" classname="make_model_string_model" name="make_model_string_model_works_with_exponential_survival_and_full_borrowing"/>
    <testcase time="0.00100000000000122" classname="make_model_string_model" name="make_model_string_model_works_with_exponential_survival_and_full_borrowing"/>
    <testcase time="0.00199999999999889" classname="make_model_string_model" name="make_model_string_model_works_with_exponential_survival_and_full_borrowing"/>
    <testcase time="0.00100000000000122" classname="make_model_string_model" name="make_model_string_model_works_with_exponential_survival_and_full_borrowing"/>
    <testcase time="0.0069999999999979" classname="make_model_string_model" name="make_model_string_model_works_with_exponential_survival_and_full_borrowing">
      <skipped message="Reason: On CRAN ('test-make_model_string_model.R:17:3')"/>
    </testcase>
    <testcase time="0.0199999999999996" classname="make_model_string_model" name="make_model_string_model_works_with_exponential_survival_and_BDB"/>
    <testcase time="0.00100000000000122" classname="make_model_string_model" name="make_model_string_model_works_with_exponential_survival_and_BDB"/>
    <testcase time="0.00199999999999889" classname="make_model_string_model" name="make_model_string_model_works_with_exponential_survival_and_BDB"/>
    <testcase time="0.00100000000000122" classname="make_model_string_model" name="make_model_string_model_works_with_exponential_survival_and_BDB"/>
    <testcase time="0.000999999999997669" classname="make_model_string_model" name="make_model_string_model_works_with_exponential_survival_and_BDB"/>
    <testcase time="0.00700000000000145" classname="make_model_string_model" name="make_model_string_model_works_with_exponential_survival_and_BDB">
      <skipped message="Reason: On CRAN ('test-make_model_string_model.R:38:3')"/>
    </testcase>
    <testcase time="0.022000000000002" classname="make_model_string_model" name="make_model_string_model_works_with_weibull_survival_and_BDB_and_covariates"/>
    <testcase time="0.00199999999999889" classname="make_model_string_model" name="make_model_string_model_works_with_weibull_survival_and_BDB_and_covariates"/>
    <testcase time="0.000999999999997669" classname="make_model_string_model" name="make_model_string_model_works_with_weibull_survival_and_BDB_and_covariates"/>
    <testcase time="0.00100000000000122" classname="make_model_string_model" name="make_model_string_model_works_with_weibull_survival_and_BDB_and_covariates"/>
    <testcase time="0.00100000000000122" classname="make_model_string_model" name="make_model_string_model_works_with_weibull_survival_and_BDB_and_covariates"/>
    <testcase time="0.000999999999997669" classname="make_model_string_model" name="make_model_string_model_works_with_weibull_survival_and_BDB_and_covariates"/>
    <testcase time="0.0130000000000017" classname="make_model_string_model" name="make_model_string_model_works_with_weibull_survival_and_BDB_and_covariates">
      <skipped message="Reason: On CRAN ('test-make_model_string_model.R:69:3')"/>
    </testcase>
    <testcase time="0.0210000000000008" classname="make_model_string_model" name="make_model_string_model_works_with_binary_outcome_and_BDB_and_covariates"/>
    <testcase time="0.00199999999999889" classname="make_model_string_model" name="make_model_string_model_works_with_binary_outcome_and_BDB_and_covariates"/>
    <testcase time="0.00100000000000122" classname="make_model_string_model" name="make_model_string_model_works_with_binary_outcome_and_BDB_and_covariates"/>
    <testcase time="0.000999999999997669" classname="make_model_string_model" name="make_model_string_model_works_with_binary_outcome_and_BDB_and_covariates"/>
    <testcase time="0.00100000000000122" classname="make_model_string_model" name="make_model_string_model_works_with_binary_outcome_and_BDB_and_covariates"/>
    <testcase time="0.00100000000000122" classname="make_model_string_model" name="make_model_string_model_works_with_binary_outcome_and_BDB_and_covariates"/>
    <testcase time="0.0069999999999979" classname="make_model_string_model" name="make_model_string_model_works_with_binary_outcome_and_BDB_and_covariates">
      <skipped message="Reason: On CRAN ('test-make_model_string_model.R:95:3')"/>
    </testcase>
  </testsuite>
  <testsuite name="make_model_string_parameters" timestamp="2023-09-21T15:30:25Z" hostname="1115b4d7e276" tests="17" skipped="4" failures="0" errors="0" time="80.194">
    <testcase time="0.0280000000000022" classname="make_model_string_parameters" name="make_model_string_parameters_works_with_exponential_survival_and_full_borrowing"/>
    <testcase time="0.0069999999999979" classname="make_model_string_parameters" name="make_model_string_parameters_works_with_exponential_survival_and_full_borrowing">
      <skipped message="Reason: On CRAN ('test-make_model_string_parameters.R:14:3')"/>
    </testcase>
    <testcase time="0.0229999999999997" classname="make_model_string_parameters" name="make_model_string_parameters_works_with_exponential_survival_and_BDB"/>
    <testcase time="0.00600000000000023" classname="make_model_string_parameters" name="make_model_string_parameters_works_with_exponential_survival_and_BDB">
      <skipped message="Reason: On CRAN ('test-make_model_string_parameters.R:31:3')"/>
    </testcase>
    <testcase time="0.0259999999999998" classname="make_model_string_parameters" name="make_model_string_parameters_works_with_weibull_survival_and_BDB"/>
    <testcase time="0.00799999999999912" classname="make_model_string_parameters" name="make_model_string_parameters_works_with_weibull_survival_and_BDB">
      <skipped message="Reason: On CRAN ('test-make_model_string_parameters.R:57:3')"/>
    </testcase>
    <testcase time="0.0259999999999998" classname="make_model_string_parameters" name="make_model_string_parameters_works_with_binary_outcome_and_BDB"/>
    <testcase time="0.00700000000000145" classname="make_model_string_parameters" name="make_model_string_parameters_works_with_binary_outcome_and_BDB">
      <skipped message="Reason: On CRAN ('test-make_model_string_parameters.R:78:3')"/>
    </testcase>
    <testcase time="10.583" classname="make_model_string_parameters" name="the_STAN_code_is_correctly_generated_when_limits_are_placed_in_the_treatment_parameters"/>
    <testcase time="26.051" classname="make_model_string_parameters" name="the_STAN_code_is_correctly_generated_when_limits_are_placed_in_the_borrowing_parameters"/>
    <testcase time="0.00600000000000023" classname="make_model_string_parameters" name="the_STAN_code_is_correctly_generated_when_limits_are_placed_in_the_borrowing_parameters"/>
    <testcase time="10.582" classname="make_model_string_parameters" name="the_STAN_code_is_correctly_generated_when_limits_are_placed_in_the_outcome_parameters"/>
    <testcase time="0.0460000000000065" classname="make_model_string_parameters" name="the_STAN_code_is_correctly_generated_when_limits_are_placed_in_the_outcome_parameters"/>
    <testcase time="16.44" classname="make_model_string_parameters" name="the_STAN_code_is_correctly_generated_when_limits_are_placed_in_the_covariate_parameters"/>
    <testcase time="0.00799999999999557" classname="make_model_string_parameters" name="the_STAN_code_is_correctly_generated_when_limits_are_placed_in_the_covariate_parameters"/>
    <testcase time="16.341" classname="make_model_string_parameters" name="the_STAN_code_is_correctly_generated_when_limits_are_placed_in_the_covariate_parameters"/>
    <testcase time="0.00600000000000023" classname="make_model_string_parameters" name="the_STAN_code_is_correctly_generated_when_limits_are_placed_in_the_covariate_parameters"/>
  </testsuite>
  <testsuite name="make_model_string_transformed_parameters" timestamp="2023-09-21T15:31:45Z" hostname="1115b4d7e276" tests="16" skipped="4" failures="0" errors="0" time="0.171">
    <testcase time="0.0210000000000008" classname="make_model_string_transformed_parameters" name="make_model_string_transf_param_works_with_exponential_survival_and_full_borrowing"/>
    <testcase time="0.00399999999999068" classname="make_model_string_transformed_parameters" name="make_model_string_transf_param_works_with_exponential_survival_and_full_borrowing"/>
    <testcase time="0.00500000000000966" classname="make_model_string_transformed_parameters" name="make_model_string_transf_param_works_with_exponential_survival_and_full_borrowing"/>
    <testcase time="0.00899999999998613" classname="make_model_string_transformed_parameters" name="make_model_string_transf_param_works_with_exponential_survival_and_full_borrowing">
      <skipped message="Reason: On CRAN ('test-make_model_string_transformed_parameters.R:16:3')"/>
    </testcase>
    <testcase time="0.027000000000001" classname="make_model_string_transformed_parameters" name="make_model_string_transf_param_works_with_exponential_survival_and_BDB"/>
    <testcase time="0.00400000000000489" classname="make_model_string_transformed_parameters" name="make_model_string_transf_param_works_with_exponential_survival_and_BDB"/>
    <testcase time="0.00499999999999545" classname="make_model_string_transformed_parameters" name="make_model_string_transf_param_works_with_exponential_survival_and_BDB"/>
    <testcase time="0.00800000000000978" classname="make_model_string_transformed_parameters" name="make_model_string_transf_param_works_with_exponential_survival_and_BDB">
      <skipped message="Reason: On CRAN ('test-make_model_string_transformed_parameters.R:35:3')"/>
    </testcase>
    <testcase time="0.027000000000001" classname="make_model_string_transformed_parameters" name="make_model_string_transf_param_works_with_weibull_survival_and_BDB_and_covariates"/>
    <testcase time="0.00499999999999545" classname="make_model_string_transformed_parameters" name="make_model_string_transf_param_works_with_weibull_survival_and_BDB_and_covariates"/>
    <testcase time="0.00499999999999545" classname="make_model_string_transformed_parameters" name="make_model_string_transf_param_works_with_weibull_survival_and_BDB_and_covariates"/>
    <testcase time="0.007000000000005" classname="make_model_string_transformed_parameters" name="make_model_string_transf_param_works_with_weibull_survival_and_BDB_and_covariates">
      <skipped message="Reason: On CRAN ('test-make_model_string_transformed_parameters.R:63:3')"/>
    </testcase>
    <testcase time="0.0259999999999962" classname="make_model_string_transformed_parameters" name="make_model_string_transf_param_works_with_binary_outcome_and_BDB_and_covariates"/>
    <testcase time="0.00499999999999545" classname="make_model_string_transformed_parameters" name="make_model_string_transf_param_works_with_binary_outcome_and_BDB_and_covariates"/>
    <testcase time="0.00499999999999545" classname="make_model_string_transformed_parameters" name="make_model_string_transf_param_works_with_binary_outcome_and_BDB_and_covariates"/>
    <testcase time="0.00800000000000978" classname="make_model_string_transformed_parameters" name="make_model_string_transf_param_works_with_binary_outcome_and_BDB_and_covariates">
      <skipped message="Reason: On CRAN ('test-make_model_string_transformed_parameters.R:86:3')"/>
    </testcase>
  </testsuite>
  <testsuite name="mcmc_sample-analysis" timestamp="2023-09-21T15:31:45Z" hostname="1115b4d7e276" tests="18" skipped="15" failures="0" errors="0" time="0.312">
    <testcase time="0.0309999999999917" classname="mcmc_sample_analysis" name="mcmc_sample.default_default_method_throws_error"/>
    <testcase time="0.01400000000001" classname="mcmc_sample_analysis" name="mcmc_sample.default_default_method_throws_error"/>
    <testcase time="0.0189999999999912" classname="mcmc_sample_analysis" name="mcmc_sample_handles_Analysis_objects_not_ready_to_sample"/>
    <testcase time="0.00900000000000034" classname="mcmc_sample_analysis" name="mcmc_sample_for_Analysis_works_for_full_borrowing_exponential_dist">
      <skipped message="Reason: On CRAN ('test-mcmc_sample-analysis.R:37:3')"/>
    </testcase>
    <testcase time="0.0190000000000055" classname="mcmc_sample_analysis" name="mcmc_sample_for_Analysis_works_for_no_borrowing_exponential_dist">
      <skipped message="Reason: On CRAN ('test-mcmc_sample-analysis.R:64:3')"/>
    </testcase>
    <testcase time="0.0180000000000007" classname="mcmc_sample_analysis" name="mcmc_sample_for_Analysis_works_for_full_borrowing_exponential_dist_one_covariate">
      <skipped message="Reason: On CRAN ('test-mcmc_sample-analysis.R:95:3')"/>
    </testcase>
    <testcase time="0.0180000000000007" classname="mcmc_sample_analysis" name="mcmc_sample_for_Analysis_works_for_no_borrowing_exponential_dist_two_covariates">
      <skipped message="Reason: On CRAN ('test-mcmc_sample-analysis.R:127:3')"/>
    </testcase>
    <testcase time="0.0180000000000007" classname="mcmc_sample_analysis" name="mcmc_sample_for_Analysis_works_for_full_borrowing_Weibull_dist">
      <skipped message="Reason: On CRAN ('test-mcmc_sample-analysis.R:163:3')"/>
    </testcase>
    <testcase time="0.0180000000000007" classname="mcmc_sample_analysis" name="mcmc_sample_for_Analysis_works_for_no_borrowing_Weibull_dist">
      <skipped message="Reason: On CRAN ('test-mcmc_sample-analysis.R:199:3')"/>
    </testcase>
    <testcase time="0.0180000000000007" classname="mcmc_sample_analysis" name="mcmc_sample_for_Analysis_works_for_full_borrowing_weibull_dist_one_covariate">
      <skipped message="Reason: On CRAN ('test-mcmc_sample-analysis.R:235:3')"/>
    </testcase>
    <testcase time="0.0180000000000007" classname="mcmc_sample_analysis" name="mcmc_sample_for_Analysis_works_for_no_borrowing_Weibull_dist_two_covariates">
      <skipped message="Reason: On CRAN ('test-mcmc_sample-analysis.R:272:3')"/>
    </testcase>
    <testcase time="0.0160000000000053" classname="mcmc_sample_analysis" name="mcmc_sample_for_Analysis_works_for_full_borrowing_binomial_dist">
      <skipped message="Reason: On CRAN ('test-mcmc_sample-analysis.R:313:3')"/>
    </testcase>
    <testcase time="0.0160000000000053" classname="mcmc_sample_analysis" name="mcmc_sample_for_Analysis_works_for_no_borrowing_binomial_dist">
      <skipped message="Reason: On CRAN ('test-mcmc_sample-analysis.R:344:3')"/>
    </testcase>
    <testcase time="0.0159999999999911" classname="mcmc_sample_analysis" name="mcmc_sample_for_Analysis_works_for_full_borrowing_binomial_dist_one_covariate">
      <skipped message="Reason: On CRAN ('test-mcmc_sample-analysis.R:375:3')"/>
    </testcase>
    <testcase time="0.0160000000000053" classname="mcmc_sample_analysis" name="mcmc_sample_for_Analysis_works_for_no_borrowing_binomial_dist_two_covariates">
      <skipped message="Reason: On CRAN ('test-mcmc_sample-analysis.R:407:3')"/>
    </testcase>
    <testcase time="0.0159999999999911" classname="mcmc_sample_analysis" name="mcmc_sample_for_Analysis_works_for_exponential_BDB_conservative_borrowing">
      <skipped message="Reason: On CRAN ('test-mcmc_sample-analysis.R:443:3')"/>
    </testcase>
    <testcase time="0.0160000000000053" classname="mcmc_sample_analysis" name="mcmc_sample_for_Analysis_works_for_Weibull_BDB_aggressive_borrowing">
      <skipped message="Reason: On CRAN ('test-mcmc_sample-analysis.R:473:3')"/>
    </testcase>
    <testcase time="0.0160000000000053" classname="mcmc_sample_analysis" name="mcmc_sample_for_Analysis_works_for_logistic_regression_BDB_aggressive_borrowing">
      <skipped message="Reason: On CRAN ('test-mcmc_sample-analysis.R:504:3')"/>
    </testcase>
  </testsuite>
  <testsuite name="mcmc_sample-simulation" timestamp="2023-09-21T15:32:09Z" hostname="1115b4d7e276" tests="1" skipped="1" failures="0" errors="0" time="23.847">
    <testcase time="23.847" classname="mcmc_sample_simulation" name="mcmc_sample.Simulation_creates_an_object_of_class_MCMCSimulationResult">
      <skipped message="Reason: On CRAN ('test-mcmc_sample-simulation.R:87:3')"/>
    </testcase>
  </testsuite>
  <testsuite name="normal_prior" timestamp="2023-09-21T15:32:09Z" hostname="1115b4d7e276" tests="8" skipped="2" failures="0" errors="0" time="0.142">
    <testcase time="0.0300000000000011" classname="normal_prior" name="Normal_priors_are_rendering_correctly"/>
    <testcase time="0.007000000000005" classname="normal_prior" name="Normal_priors_are_rendering_correctly"/>
    <testcase time="0.00799999999999557" classname="normal_prior" name="Normal_priors_are_rendering_correctly"/>
    <testcase time="0.00799999999999557" classname="normal_prior" name="Normal_priors_are_rendering_correctly"/>
    <testcase time="0.0120000000000005" classname="normal_prior" name="Normal_priors_are_rendering_correctly"/>
    <testcase time="0.0150000000000006" classname="normal_prior" name="show_works_for_NormalPrior">
      <skipped message="Reason: On CRAN ('test-normal_prior.R:20:3')"/>
    </testcase>
    <testcase time="0.0289999999999964" classname="normal_prior" name="plot_works_for_NormalPrior">
      <skipped message="Reason: On CRAN ('test-normal_prior.R:24:3')"/>
    </testcase>
    <testcase time="0.0330000000000013" classname="normal_prior" name="constraints_work_for_NormalPrior"/>
  </testsuite>
  <testsuite name="poisson_prior" timestamp="2023-09-21T15:32:10Z" hostname="1115b4d7e276" tests="7" skipped="2" failures="0" errors="0" time="0.095">
    <testcase time="0.0160000000000053" classname="poisson_prior" name="Poisson_priors_are_rendering_correctly"/>
    <testcase time="0.00499999999999545" classname="poisson_prior" name="Poisson_priors_are_rendering_correctly"/>
    <testcase time="0.00600000000000023" classname="poisson_prior" name="Poisson_priors_are_rendering_correctly"/>
    <testcase time="0.0100000000000051" classname="poisson_prior" name="Poisson_priors_are_rendering_correctly"/>
    <testcase time="0.0120000000000005" classname="poisson_prior" name="show_works_for_PoissonPrior">
      <skipped message="Reason: On CRAN ('test-poisson_prior.R:19:3')"/>
    </testcase>
    <testcase time="0.0229999999999961" classname="poisson_prior" name="plot_works_for_PoissonPrior">
      <skipped message="Reason: On CRAN ('test-poisson_prior.R:23:3')"/>
    </testcase>
    <testcase time="0.0229999999999961" classname="poisson_prior" name="constraints_work_for_PoissonPrior"/>
  </testsuite>
  <testsuite name="prepare_stan_data_inputs" timestamp="2023-09-21T15:32:10Z" hostname="1115b4d7e276" tests="15" skipped="0" failures="0" errors="0" time="0.128">
    <testcase time="0.0160000000000053" classname="prepare_stan_data_inputs" name="prepare_stan_data_inputs_works_with_exponential_survival_and_full_borrowing"/>
    <testcase time="0.00499999999999545" classname="prepare_stan_data_inputs" name="prepare_stan_data_inputs_works_with_exponential_survival_and_full_borrowing"/>
    <testcase time="0.0120000000000005" classname="prepare_stan_data_inputs" name="prepare_stan_data_inputs_works_with_exponential_survival_and_BDB"/>
    <testcase time="0.00499999999999545" classname="prepare_stan_data_inputs" name="prepare_stan_data_inputs_works_with_exponential_survival_and_BDB"/>
    <testcase time="0.01400000000001" classname="prepare_stan_data_inputs" name="prepare_stan_data_inputs_works_with_weibull_survival_and_BDB_and_covariates"/>
    <testcase time="0.00499999999999545" classname="prepare_stan_data_inputs" name="prepare_stan_data_inputs_works_with_weibull_survival_and_BDB_and_covariates"/>
    <testcase time="0.0139999999999958" classname="prepare_stan_data_inputs" name="prepare_stan_data_inputs_works_with_binary_outcome_and_BDB_and_covariates"/>
    <testcase time="0.00500000000000966" classname="prepare_stan_data_inputs" name="prepare_stan_data_inputs_works_with_binary_outcome_and_BDB_and_covariates"/>
    <testcase time="0.012999999999991" classname="prepare_stan_data_inputs" name="prepare_stan_data_inputs_returns_correct_matrix_dimensions_for_X"/>
    <testcase time="0.00600000000000023" classname="prepare_stan_data_inputs" name="prepare_stan_data_inputs_returns_correct_matrix_dimensions_for_X"/>
    <testcase time="0.00600000000000023" classname="prepare_stan_data_inputs" name="prepare_stan_data_inputs_returns_correct_matrix_dimensions_for_X"/>
    <testcase time="0.00499999999999545" classname="prepare_stan_data_inputs" name="prepare_stan_data_inputs_returns_correct_matrix_dimensions_for_X"/>
    <testcase time="0.0120000000000005" classname="prepare_stan_data_inputs" name="prepare_stan_data_inputs_works_with_weights"/>
    <testcase time="0.00500000000000966" classname="prepare_stan_data_inputs" name="prepare_stan_data_inputs_works_with_weights"/>
    <testcase time="0.00499999999999545" classname="prepare_stan_data_inputs" name="prepare_stan_data_inputs_works_with_weights"/>
  </testsuite>
  <testsuite name="sim_borrowing_list" timestamp="2023-09-21T15:32:10Z" hostname="1115b4d7e276" tests="13" skipped="0" failures="0" errors="0" time="0.108">
    <testcase time="0.0210000000000008" classname="sim_borrowing_list" name="Incorrect_inputs_lead_to_errors"/>
    <testcase time="0.00799999999999557" classname="sim_borrowing_list" name="Incorrect_inputs_lead_to_errors"/>
    <testcase time="0.0100000000000051" classname="sim_borrowing_list" name="Incorrect_inputs_lead_to_errors"/>
    <testcase time="0.0100000000000051" classname="sim_borrowing_list" name="Incorrect_inputs_lead_to_errors"/>
    <testcase time="0.00900000000000034" classname="sim_borrowing_list" name="Incorrect_inputs_lead_to_errors"/>
    <testcase time="0.00900000000000034" classname="sim_borrowing_list" name="Correct_inputs_successfully_produce_SimBorrowingList_"/>
    <testcase time="0.0120000000000005" classname="sim_borrowing_list" name="Borrowing_guide_is_produced_correctly"/>
    <testcase time="0.00199999999999534" classname="sim_borrowing_list" name="Borrowing_guide_is_produced_correctly"/>
    <testcase time="0.00400000000000489" classname="sim_borrowing_list" name="Borrowing_guide_is_produced_correctly"/>
    <testcase time="0.00600000000000023" classname="sim_borrowing_list" name="Borrowing_guide_is_produced_correctly"/>
    <testcase time="0.000999999999990564" classname="sim_borrowing_list" name="Borrowing_guide_is_produced_correctly"/>
    <testcase time="0.00400000000000489" classname="sim_borrowing_list" name="Borrowing_guide_is_produced_correctly"/>
    <testcase time="0.0120000000000005" classname="sim_borrowing_list" name="get_vars_for_sim_borrowing_list_works"/>
  </testsuite>
  <testsuite name="sim_covariate_list" timestamp="2023-09-21T15:32:10Z" hostname="1115b4d7e276" tests="13" skipped="0" failures="0" errors="0" time="0.105">
    <testcase time="0.0189999999999912" classname="sim_covariate_list" name="Incorrect_inputs_lead_to_errors"/>
    <testcase time="0.007000000000005" classname="sim_covariate_list" name="Incorrect_inputs_lead_to_errors"/>
    <testcase time="0.0150000000000006" classname="sim_covariate_list" name="Incorrect_inputs_lead_to_errors"/>
    <testcase time="0.00799999999999557" classname="sim_covariate_list" name="Incorrect_inputs_lead_to_errors"/>
    <testcase time="0.00800000000000978" classname="sim_covariate_list" name="Incorrect_inputs_lead_to_errors"/>
    <testcase time="0.00900000000000034" classname="sim_covariate_list" name="Correct_inputs_successfully_produce_SimCovariateList_"/>
    <testcase time="0.0109999999999957" classname="sim_covariate_list" name="Covariate_guide_is_produced_correctly"/>
    <testcase time="0.00100000000000477" classname="sim_covariate_list" name="Covariate_guide_is_produced_correctly"/>
    <testcase time="0.00499999999999545" classname="sim_covariate_list" name="Covariate_guide_is_produced_correctly"/>
    <testcase time="0.00499999999999545" classname="sim_covariate_list" name="Covariate_guide_is_produced_correctly"/>
    <testcase time="0.00100000000000477" classname="sim_covariate_list" name="Covariate_guide_is_produced_correctly"/>
    <testcase time="0.00499999999999545" classname="sim_covariate_list" name="Covariate_guide_is_produced_correctly"/>
    <testcase time="0.0110000000000099" classname="sim_covariate_list" name="get_vars_for_sim_covariate_list_works"/>
  </testsuite>
  <testsuite name="sim_covariates" timestamp="2023-09-21T15:32:10Z" hostname="1115b4d7e276" tests="108" skipped="0" failures="0" errors="0" time="0.264">
    <testcase time="0.012999999999991" classname="sim_covariates" name="SimCovariates_objects_created_correctly"/>
    <testcase time="0.00100000000000477" classname="sim_covariates" name="SimCovariates_objects_created_correctly"/>
    <testcase time="0.00199999999999534" classname="sim_covariates" name="SimCovariates_objects_created_correctly"/>
    <testcase time="0.00100000000000477" classname="sim_covariates" name="SimCovariates_objects_created_correctly"/>
    <testcase time="0.00199999999999534" classname="sim_covariates" name="SimCovariates_objects_created_correctly"/>
    <testcase time="0.00100000000000477" classname="sim_covariates" name="SimCovariates_objects_created_correctly"/>
    <testcase time="0.000999999999990564" classname="sim_covariates" name="SimCovariates_objects_created_correctly"/>
    <testcase time="0.00100000000000477" classname="sim_covariates" name="SimCovariates_objects_created_correctly"/>
    <testcase time="0.00199999999999534" classname="sim_covariates" name="SimCovariates_objects_created_correctly"/>
    <testcase time="0.00100000000000477" classname="sim_covariates" name="SimCovariates_objects_created_correctly"/>
    <testcase time="0.0100000000000051" classname="sim_covariates" name="SimCovariates_objects_created_correctly"/>
    <testcase time="0.000999999999990564" classname="sim_covariates" name="SimCovariates_objects_created_correctly"/>
    <testcase time="0.00100000000000477" classname="sim_covariates" name="SimCovariates_objects_created_correctly"/>
    <testcase time="0.00100000000000477" classname="sim_covariates" name="SimCovariates_objects_created_correctly"/>
    <testcase time="0.000999999999990564" classname="sim_covariates" name="SimCovariates_objects_created_correctly"/>
    <testcase time="0.00200000000000955" classname="sim_covariates" name="SimCovariates_objects_created_correctly"/>
    <testcase time="0.000999999999990564" classname="sim_covariates" name="SimCovariates_objects_created_correctly"/>
    <testcase time="0.00100000000000477" classname="sim_covariates" name="SimCovariates_objects_created_correctly"/>
    <testcase time="0.00100000000000477" classname="sim_covariates" name="SimCovariates_objects_created_correctly"/>
    <testcase time="0.00199999999999534" classname="sim_covariates" name="SimCovariates_objects_created_correctly"/>
    <testcase time="0.00100000000000477" classname="sim_covariates" name="SimCovariates_objects_created_correctly"/>
    <testcase time="0.00199999999999534" classname="sim_covariates" name="SimCovariates_objects_created_correctly"/>
    <testcase time="0.00100000000000477" classname="sim_covariates" name="SimCovariates_objects_created_correctly"/>
    <testcase time="0.000999999999990564" classname="sim_covariates" name="SimCovariates_objects_created_correctly"/>
    <testcase time="0.00100000000000477" classname="sim_covariates" name="SimCovariates_objects_created_correctly"/>
    <testcase time="0.00199999999999534" classname="sim_covariates" name="SimCovariates_objects_created_correctly"/>
    <testcase time="0.00100000000000477" classname="sim_covariates" name="SimCovariates_objects_created_correctly"/>
    <testcase time="0.00199999999999534" classname="sim_covariates" name="SimCovariates_objects_created_correctly"/>
    <testcase time="0.00100000000000477" classname="sim_covariates" name="SimCovariates_objects_created_correctly"/>
    <testcase time="0.00100000000000477" classname="sim_covariates" name="SimCovariates_objects_created_correctly"/>
    <testcase time="0.00100000000000477" classname="sim_covariates" name="SimCovariates_objects_created_correctly"/>
    <testcase time="0.00100000000000477" classname="sim_covariates" name="SimCovariates_objects_created_correctly"/>
    <testcase time="0.000999999999990564" classname="sim_covariates" name="SimCovariates_objects_created_correctly"/>
    <testcase time="0.00200000000000955" classname="sim_covariates" name="SimCovariates_objects_created_correctly"/>
    <testcase time="0.000999999999990564" classname="sim_covariates" name="SimCovariates_objects_created_correctly"/>
    <testcase time="0.00100000000000477" classname="sim_covariates" name="SimCovariates_objects_created_correctly"/>
    <testcase time="0.00199999999999534" classname="sim_covariates" name="SimCovariates_objects_created_correctly"/>
    <testcase time="0.00400000000000489" classname="sim_covariates" name="SimCovariates_objects_created_correctly"/>
    <testcase time="0.00799999999999557" classname="sim_covariates" name="Invalid_sim_covariate_covariates_inputs_are_caught"/>
    <testcase time="0.00200000000000955" classname="sim_covariates" name="Invalid_sim_covariate_covariates_inputs_are_caught"/>
    <testcase time="0.000999999999990564" classname="sim_covariates" name="Invalid_sim_covariate_covariates_inputs_are_caught"/>
    <testcase time="0.00100000000000477" classname="sim_covariates" name="Invalid_sim_covariate_covariates_inputs_are_caught"/>
    <testcase time="0.00199999999999534" classname="sim_covariates" name="Invalid_sim_covariate_covariates_inputs_are_caught"/>
    <testcase time="0.00100000000000477" classname="sim_covariates" name="Invalid_sim_covariate_covariates_inputs_are_caught"/>
    <testcase time="0.00199999999999534" classname="sim_covariates" name="Invalid_sim_covariate_covariates_inputs_are_caught"/>
    <testcase time="0.00100000000000477" classname="sim_covariates" name="Invalid_sim_covariate_covariates_inputs_are_caught"/>
    <testcase time="0.00100000000000477" classname="sim_covariates" name="Invalid_sim_covariate_covariates_inputs_are_caught"/>
    <testcase time="0.00199999999999534" classname="sim_covariates" name="Invalid_sim_covariate_covariates_inputs_are_caught"/>
    <testcase time="0.00900000000000034" classname="sim_covariates" name="Invalid_sim_covariate_covariates_inputs_are_caught"/>
    <testcase time="0.00300000000000011" classname="sim_covariates" name="Invalid_sim_covariate_covariates_inputs_are_caught"/>
    <testcase time="0.00100000000000477" classname="sim_covariates" name="Invalid_sim_covariate_covariates_inputs_are_caught"/>
    <testcase time="0.00199999999999534" classname="sim_covariates" name="Invalid_sim_covariate_covariates_inputs_are_caught"/>
    <testcase time="0.00199999999999534" classname="sim_covariates" name="Invalid_sim_covariate_covariates_inputs_are_caught"/>
    <testcase time="0.00100000000000477" classname="sim_covariates" name="Invalid_sim_covariate_covariates_inputs_are_caught"/>
    <testcase time="0.00300000000000011" classname="sim_covariates" name="Invalid_sim_covariate_covariates_inputs_are_caught"/>
    <testcase time="0.00100000000000477" classname="sim_covariates" name="Invalid_sim_covariate_covariates_inputs_are_caught"/>
    <testcase time="0.00199999999999534" classname="sim_covariates" name="Invalid_sim_covariate_covariates_inputs_are_caught"/>
    <testcase time="0.00199999999999534" classname="sim_covariates" name="Invalid_sim_covariate_covariates_inputs_are_caught"/>
    <testcase time="0.00100000000000477" classname="sim_covariates" name="Invalid_sim_covariate_covariates_inputs_are_caught"/>
    <testcase time="0.0109999999999957" classname="sim_covariates" name="Invalid_sim_covariate_covariates_inputs_are_caught"/>
    <testcase time="0.00300000000000011" classname="sim_covariates" name="Invalid_sim_covariate_covariates_inputs_are_caught"/>
    <testcase time="0.00300000000000011" classname="sim_covariates" name="Invalid_sim_covariate_covariates_inputs_are_caught"/>
    <testcase time="0.00199999999999534" classname="sim_covariates" name="Invalid_sim_covariate_covariates_inputs_are_caught"/>
    <testcase time="0.00300000000000011" classname="sim_covariates" name="Invalid_sim_covariate_covariates_inputs_are_caught"/>
    <testcase time="0.00200000000000955" classname="sim_covariates" name="Invalid_sim_covariate_covariates_inputs_are_caught"/>
    <testcase time="0.00199999999999534" classname="sim_covariates" name="Invalid_sim_covariate_covariates_inputs_are_caught"/>
    <testcase time="0.00199999999999534" classname="sim_covariates" name="Invalid_sim_covariate_covariates_inputs_are_caught"/>
    <testcase time="0.00100000000000477" classname="sim_covariates" name="Invalid_sim_covariate_covariates_inputs_are_caught"/>
    <testcase time="0.00300000000000011" classname="sim_covariates" name="Invalid_sim_covariate_covariates_inputs_are_caught"/>
    <testcase time="0.00100000000000477" classname="sim_covariates" name="Invalid_sim_covariate_covariates_inputs_are_caught"/>
    <testcase time="0.0109999999999957" classname="sim_covariates" name="Invalid_sim_covariate_covariates_inputs_are_caught"/>
    <testcase time="0.0109999999999957" classname="sim_covariates" name="Invalid_sim_covariate_matrix_inputs_are_caught"/>
    <testcase time="0.00300000000000011" classname="sim_covariates" name="Invalid_sim_covariate_matrix_inputs_are_caught"/>
    <testcase time="0.00200000000000955" classname="sim_covariates" name="Invalid_sim_covariate_matrix_inputs_are_caught"/>
    <testcase time="0.00199999999999534" classname="sim_covariates" name="Invalid_sim_covariate_matrix_inputs_are_caught"/>
    <testcase time="0.00199999999999534" classname="sim_covariates" name="Invalid_sim_covariate_matrix_inputs_are_caught"/>
    <testcase time="0.00300000000000011" classname="sim_covariates" name="Invalid_sim_covariate_matrix_inputs_are_caught"/>
    <testcase time="0.00100000000000477" classname="sim_covariates" name="Invalid_sim_covariate_matrix_inputs_are_caught"/>
    <testcase time="0.00199999999999534" classname="sim_covariates" name="Invalid_sim_covariate_matrix_inputs_are_caught"/>
    <testcase time="0.00200000000000955" classname="sim_covariates" name="Invalid_sim_covariate_matrix_inputs_are_caught"/>
    <testcase time="0.00199999999999534" classname="sim_covariates" name="Invalid_sim_covariate_matrix_inputs_are_caught"/>
    <testcase time="0.00900000000000034" classname="sim_covariates" name="Invalid_sim_covariate_matrix_inputs_are_caught"/>
    <testcase time="0.00300000000000011" classname="sim_covariates" name="Invalid_sim_covariate_matrix_inputs_are_caught"/>
    <testcase time="0.00199999999999534" classname="sim_covariates" name="Invalid_sim_covariate_matrix_inputs_are_caught"/>
    <testcase time="0.00100000000000477" classname="sim_covariates" name="Invalid_sim_covariate_matrix_inputs_are_caught"/>
    <testcase time="0.00199999999999534" classname="sim_covariates" name="Invalid_sim_covariate_matrix_inputs_are_caught"/>
    <testcase time="0.00200000000000955" classname="sim_covariates" name="Invalid_sim_covariate_matrix_inputs_are_caught"/>
    <testcase time="0.00199999999999534" classname="sim_covariates" name="Invalid_sim_covariate_matrix_inputs_are_caught"/>
    <testcase time="0.00100000000000477" classname="sim_covariates" name="Invalid_sim_covariate_matrix_inputs_are_caught"/>
    <testcase time="0.00199999999999534" classname="sim_covariates" name="Invalid_sim_covariate_matrix_inputs_are_caught"/>
    <testcase time="0.00100000000000477" classname="sim_covariates" name="Invalid_sim_covariate_matrix_inputs_are_caught"/>
    <testcase time="0.00199999999999534" classname="sim_covariates" name="Invalid_sim_covariate_matrix_inputs_are_caught"/>
    <testcase time="0.0100000000000051" classname="sim_covariates" name="Invalid_sim_covariate_matrix_inputs_are_caught"/>
    <testcase time="0.00199999999999534" classname="sim_covariates" name="Invalid_sim_covariate_matrix_inputs_are_caught"/>
    <testcase time="0.00199999999999534" classname="sim_covariates" name="Invalid_sim_covariate_matrix_inputs_are_caught"/>
    <testcase time="0.00200000000000955" classname="sim_covariates" name="Invalid_sim_covariate_matrix_inputs_are_caught"/>
    <testcase time="0.000999999999990564" classname="sim_covariates" name="Invalid_sim_covariate_matrix_inputs_are_caught"/>
    <testcase time="0.00100000000000477" classname="sim_covariates" name="Invalid_sim_covariate_matrix_inputs_are_caught"/>
    <testcase time="0.00199999999999534" classname="sim_covariates" name="Invalid_sim_covariate_matrix_inputs_are_caught"/>
    <testcase time="0.00100000000000477" classname="sim_covariates" name="Invalid_sim_covariate_matrix_inputs_are_caught"/>
    <testcase time="0.00199999999999534" classname="sim_covariates" name="Invalid_sim_covariate_matrix_inputs_are_caught"/>
    <testcase time="0.00199999999999534" classname="sim_covariates" name="Invalid_sim_covariate_matrix_inputs_are_caught"/>
    <testcase time="0.00100000000000477" classname="sim_covariates" name="Invalid_sim_covariate_matrix_inputs_are_caught"/>
    <testcase time="0.00199999999999534" classname="sim_covariates" name="Invalid_sim_covariate_matrix_inputs_are_caught"/>
    <testcase time="0.00200000000000955" classname="sim_covariates" name="Invalid_sim_covariate_matrix_inputs_are_caught"/>
    <testcase time="0.000999999999990564" classname="sim_covariates" name="Invalid_sim_covariate_matrix_inputs_are_caught"/>
    <testcase time="0.00200000000000955" classname="sim_covariates" name="Invalid_sim_covariate_matrix_inputs_are_caught"/>
    <testcase time="0.00999999999999091" classname="sim_covariates" name="Invalid_sim_covariate_matrix_inputs_are_caught"/>
  </testsuite>
  <testsuite name="sim_data_list" timestamp="2023-09-21T15:32:10Z" hostname="1115b4d7e276" tests="11" skipped="0" failures="0" errors="0" time="0.113">
    <testcase time="0.0190000000000055" classname="sim_data_list" name="Incorrect_inputs_lead_to_errors"/>
    <testcase time="0.00900000000000034" classname="sim_data_list" name="Incorrect_inputs_lead_to_errors"/>
    <testcase time="0.00799999999999557" classname="sim_data_list" name="Incorrect_inputs_lead_to_errors"/>
    <testcase time="0.0150000000000006" classname="sim_data_list" name="Incorrect_inputs_lead_to_errors"/>
    <testcase time="0.00799999999999557" classname="sim_data_list" name="Incorrect_inputs_lead_to_errors"/>
    <testcase time="0.00900000000000034" classname="sim_data_list" name="Incorrect_inputs_lead_to_errors"/>
    <testcase time="0.00800000000000978" classname="sim_data_list" name="Incorrect_inputs_lead_to_errors"/>
    <testcase time="0.00799999999999557" classname="sim_data_list" name="Incorrect_inputs_lead_to_errors"/>
    <testcase time="0.00900000000000034" classname="sim_data_list" name="Incorrect_inputs_lead_to_errors"/>
    <testcase time="0.00799999999999557" classname="sim_data_list" name="Correct_inputs_successfully_produce_SimDataList_"/>
    <testcase time="0.0120000000000005" classname="sim_data_list" name="N_datasets_per_param_is_correct"/>
  </testsuite>
  <testsuite name="sim_outcome_list" timestamp="2023-09-21T15:32:10Z" hostname="1115b4d7e276" tests="13" skipped="0" failures="0" errors="0" time="0.117">
    <testcase time="0.019999999999996" classname="sim_outcome_list" name="Incorrect_inputs_lead_to_errors"/>
    <testcase time="0.007000000000005" classname="sim_outcome_list" name="Incorrect_inputs_lead_to_errors"/>
    <testcase time="0.0100000000000051" classname="sim_outcome_list" name="Incorrect_inputs_lead_to_errors"/>
    <testcase time="0.0109999999999957" classname="sim_outcome_list" name="Incorrect_inputs_lead_to_errors"/>
    <testcase time="0.0109999999999957" classname="sim_outcome_list" name="Incorrect_inputs_lead_to_errors"/>
    <testcase time="0.0110000000000099" classname="sim_outcome_list" name="Correct_inputs_successfully_produce_SimOutcomeList_"/>
    <testcase time="0.0139999999999958" classname="sim_outcome_list" name="Outcome_guide_is_produced_correctly"/>
    <testcase time="0.00100000000000477" classname="sim_outcome_list" name="Outcome_guide_is_produced_correctly"/>
    <testcase time="0.00399999999999068" classname="sim_outcome_list" name="Outcome_guide_is_produced_correctly"/>
    <testcase time="0.00900000000000034" classname="sim_outcome_list" name="Outcome_guide_is_produced_correctly"/>
    <testcase time="0.00200000000000955" classname="sim_outcome_list" name="Outcome_guide_is_produced_correctly"/>
    <testcase time="0.00399999999999068" classname="sim_outcome_list" name="Outcome_guide_is_produced_correctly"/>
    <testcase time="0.0130000000000052" classname="sim_outcome_list" name="get_vars_for_sim_outcome_list_works"/>
  </testsuite>
  <testsuite name="sim_samplesize" timestamp="2023-09-21T15:32:11Z" hostname="1115b4d7e276" tests="9" skipped="0" failures="0" errors="0" time="0.068">
    <testcase time="0.0159999999999911" classname="sim_samplesize" name="sim_samplesize_is_catching_incorrect_inputs"/>
    <testcase time="0.00600000000000023" classname="sim_samplesize" name="sim_samplesize_is_catching_incorrect_inputs"/>
    <testcase time="0.00800000000000978" classname="sim_samplesize" name="sim_samplesize_is_catching_incorrect_inputs"/>
    <testcase time="0.00799999999999557" classname="sim_samplesize" name="sim_samplesize_is_catching_incorrect_inputs"/>
    <testcase time="0.00799999999999557" classname="sim_samplesize" name="sim_samplesize_is_catching_incorrect_inputs"/>
    <testcase time="0.00800000000000978" classname="sim_samplesize" name="sim_samplesize_is_producing_the_correct_counts"/>
    <testcase time="0.00399999999999068" classname="sim_samplesize" name="sim_samplesize_is_producing_the_correct_counts"/>
    <testcase time="0.00500000000000966" classname="sim_samplesize" name="sim_samplesize_is_producing_the_correct_counts"/>
    <testcase time="0.00499999999999545" classname="sim_samplesize" name="sim_samplesize_is_producing_the_correct_counts"/>
  </testsuite>
  <testsuite name="sim_treatment_list" timestamp="2023-09-21T15:32:11Z" hostname="1115b4d7e276" tests="13" skipped="0" failures="0" errors="0" time="0.107">
    <testcase time="0.0180000000000007" classname="sim_treatment_list" name="Incorrect_inputs_lead_to_errors"/>
    <testcase time="0.00799999999999557" classname="sim_treatment_list" name="Incorrect_inputs_lead_to_errors"/>
    <testcase time="0.00800000000000978" classname="sim_treatment_list" name="Incorrect_inputs_lead_to_errors"/>
    <testcase time="0.00900000000000034" classname="sim_treatment_list" name="Incorrect_inputs_lead_to_errors"/>
    <testcase time="0.00900000000000034" classname="sim_treatment_list" name="Incorrect_inputs_lead_to_errors"/>
    <testcase time="0.00900000000000034" classname="sim_treatment_list" name="Correct_inputs_successfully_produce_SimTreatmentList_"/>
    <testcase time="0.0179999999999865" classname="sim_treatment_list" name="Treatment_guide_is_produced_correctly"/>
    <testcase time="0.00100000000000477" classname="sim_treatment_list" name="Treatment_guide_is_produced_correctly"/>
    <testcase time="0.00400000000000489" classname="sim_treatment_list" name="Treatment_guide_is_produced_correctly"/>
    <testcase time="0.00600000000000023" classname="sim_treatment_list" name="Treatment_guide_is_produced_correctly"/>
    <testcase time="0.00199999999999534" classname="sim_treatment_list" name="Treatment_guide_is_produced_correctly"/>
    <testcase time="0.00400000000000489" classname="sim_treatment_list" name="Treatment_guide_is_produced_correctly"/>
    <testcase time="0.0109999999999957" classname="sim_treatment_list" name="get_vars_for_sim_treatment_list_works"/>
  </testsuite>
  <testsuite name="simvar_class" timestamp="2023-09-21T15:32:11Z" hostname="1115b4d7e276" tests="18" skipped="0" failures="0" errors="0" time="0.057">
    <testcase time="0.0109999999999957" classname="simvar_class" name="cont_var_functions_correctly"/>
    <testcase time="0.00100000000000477" classname="simvar_class" name="cont_var_functions_correctly"/>
    <testcase time="0.00199999999999534" classname="simvar_class" name="cont_var_functions_correctly"/>
    <testcase time="0.00600000000000023" classname="simvar_class" name="cont_var_functions_correctly"/>
    <testcase time="0.00100000000000477" classname="simvar_class" name="cont_var_functions_correctly"/>
    <testcase time="0.00499999999999545" classname="simvar_class" name="cont_var_functions_correctly"/>
    <testcase time="0.007000000000005" classname="simvar_class" name="bin_var_functions_correctly"/>
    <testcase time="0.000999999999990564" classname="simvar_class" name="bin_var_functions_correctly"/>
    <testcase time="0.00100000000000477" classname="simvar_class" name="bin_var_functions_correctly"/>
    <testcase time="0.00100000000000477" classname="simvar_class" name="bin_var_functions_correctly"/>
    <testcase time="0.00199999999999534" classname="simvar_class" name="bin_var_functions_correctly"/>
    <testcase time="0.00100000000000477" classname="simvar_class" name="bin_var_functions_correctly"/>
    <testcase time="0.000999999999990564" classname="simvar_class" name="bin_var_functions_correctly"/>
    <testcase time="0.00100000000000477" classname="simvar_class" name="bin_var_functions_correctly"/>
    <testcase time="0.00100000000000477" classname="simvar_class" name="bin_var_functions_correctly"/>
    <testcase time="0.00799999999999557" classname="simvar_class" name="bin_var_functions_correctly"/>
    <testcase time="0.00199999999999534" classname="simvar_class" name="bin_var_functions_correctly"/>
    <testcase time="0.00500000000000966" classname="simvar_class" name="bin_var_functions_correctly"/>
  </testsuite>
  <testsuite name="treatment_details" timestamp="2023-09-21T15:32:11Z" hostname="1115b4d7e276" tests="5" skipped="0" failures="0" errors="0" time="0.043">
    <testcase time="0.0120000000000005" classname="treatment_details" name="treatment_details_works_when_inputs_are_correct"/>
    <testcase time="0.000999999999990564" classname="treatment_details" name="treatment_details_works_when_inputs_are_correct"/>
    <testcase time="0.0120000000000005" classname="treatment_details" name="treatment_details_fails_fails_for_invalid_prior_and_flag_specification"/>
    <testcase time="0.007000000000005" classname="treatment_details" name="treatment_details_fails_fails_for_invalid_prior_and_flag_specification"/>
    <testcase time="0.0109999999999957" classname="treatment_details" name="get_vars_works_for_treatment_details"/>
  </testsuite>
  <testsuite name="trim_data_matrix" timestamp="2023-09-21T15:32:11Z" hostname="1115b4d7e276" tests="6" skipped="0" failures="0" errors="0" time="0.038">
    <testcase time="0.0150000000000006" classname="trim_data_matrix" name="data_matrix_trimming_works_with_BDB"/>
    <testcase time="0.00100000000000477" classname="trim_data_matrix" name="data_matrix_trimming_works_with_BDB"/>
    <testcase time="0.00999999999999091" classname="trim_data_matrix" name="data_matrix_trimming_works_with_Full_Borrowing"/>
    <testcase time="0.00100000000000477" classname="trim_data_matrix" name="data_matrix_trimming_works_with_Full_Borrowing"/>
    <testcase time="0.0100000000000051" classname="trim_data_matrix" name="data_matrix_trimming_works_with_No_Borrowing"/>
    <testcase time="0.000999999999990564" classname="trim_data_matrix" name="data_matrix_trimming_works_with_No_Borrowing"/>
  </testsuite>
  <testsuite name="uniform_prior" timestamp="2023-09-21T15:32:11Z" hostname="1115b4d7e276" tests="9" skipped="2" failures="0" errors="0" time="0.09">
    <testcase time="0.0120000000000005" classname="uniform_prior" name="Uniform_priors_are_rendering_correctly"/>
    <testcase time="0.00400000000000489" classname="uniform_prior" name="Uniform_priors_are_rendering_correctly"/>
    <testcase time="0.00400000000000489" classname="uniform_prior" name="Uniform_priors_are_rendering_correctly"/>
    <testcase time="0.00399999999999068" classname="uniform_prior" name="Uniform_priors_are_rendering_correctly"/>
    <testcase time="0.00500000000000966" classname="uniform_prior" name="Uniform_priors_are_rendering_correctly"/>
    <testcase time="0.00799999999999557" classname="uniform_prior" name="Uniform_priors_are_rendering_correctly"/>
    <testcase time="0.0109999999999957" classname="uniform_prior" name="show_works_for_UniformPrior">
      <skipped message="Reason: On CRAN ('test-uniform_prior.R:21:3')"/>
    </testcase>
    <testcase time="0.0220000000000056" classname="uniform_prior" name="plot_works_for_UniformPrior">
      <skipped message="Reason: On CRAN ('test-uniform_prior.R:26:3')"/>
    </testcase>
    <testcase time="0.019999999999996" classname="uniform_prior" name="constraints_work_for_UniformPrior"/>
  </testsuite>
  <testsuite name="weib_ph_surv_dist" timestamp="2023-09-21T15:32:11Z" hostname="1115b4d7e276" tests="10" skipped="0" failures="0" errors="0" time="0.06">
    <testcase time="0.0130000000000052" classname="weib_ph_surv_dist" name="Weibull_survival_distributions_are_rendering_correctly"/>
    <testcase time="0.00399999999999068" classname="weib_ph_surv_dist" name="Weibull_survival_distributions_are_rendering_correctly"/>
    <testcase time="0.00400000000000489" classname="weib_ph_surv_dist" name="Weibull_survival_distributions_are_rendering_correctly"/>
    <testcase time="0.00600000000000023" classname="weib_ph_surv_dist" name="Weibull_survival_distributions_are_rendering_correctly"/>
    <testcase time="0.0120000000000005" classname="weib_ph_surv_dist" name="get_vars_works_for_WeibullPHSurvDist"/>
    <testcase time="0.00600000000000023" classname="weib_ph_surv_dist" name="get_vars_works_for_WeibullPHSurvDist"/>
    <testcase time="0.00900000000000034" classname="weib_ph_surv_dist" name="weib_ph_surv_dist_works_with_weights"/>
    <testcase time="0.00399999999999068" classname="weib_ph_surv_dist" name="weib_ph_surv_dist_works_with_weights"/>
    <testcase time="0.00100000000000477" classname="weib_ph_surv_dist" name="weib_ph_surv_dist_works_with_weights"/>
    <testcase time="0.00100000000000477" classname="weib_ph_surv_dist" name="weib_ph_surv_dist_works_with_weights"/>
  </testsuite>
</testsuites>
