<?xml version="1.0" encoding="UTF-8"?>
<testsuites>
  <testsuite name="add_covariates" timestamp="2023-10-17T22:57:41Z" hostname="8dd82b1de139" tests="10" skipped="0" failures="0" errors="0" time="0.522">
    <testcase time="0.024" classname="add_covariates" name="add_covariates_works_for_list_of_priors"/>
    <testcase time="0.0289999999999999" classname="add_covariates" name="add_covariates_works_for_list_of_priors"/>
    <testcase time="0.12" classname="add_covariates" name="add_covariates_works_for_a_single_prior"/>
    <testcase time="0.00200000000000022" classname="add_covariates" name="add_covariates_works_for_a_single_prior"/>
    <testcase time="0.0349999999999997" classname="add_covariates" name="add_covariates_fails_for_invalid_prior_specification"/>
    <testcase time="0.0140000000000002" classname="add_covariates" name="add_covariates_fails_for_invalid_prior_specification"/>
    <testcase time="0.0150000000000001" classname="add_covariates" name="add_covariates_fails_for_invalid_prior_specification"/>
    <testcase time="0.0139999999999998" classname="add_covariates" name="add_covariates_fails_for_invalid_prior_specification"/>
    <testcase time="0.252" classname="add_covariates" name="add_covariates_fails_for_invalid_prior_specification"/>
    <testcase time="0.0169999999999999" classname="add_covariates" name="get_vars_works_for_Covariates"/>
  </testsuite>
  <testsuite name="analysis_class" timestamp="2023-10-17T22:57:42Z" hostname="8dd82b1de139" tests="5" skipped="3" failures="0" errors="0" time="0.283">
    <testcase time="0.0449999999999999" classname="analysis_class" name="get_vars_works_for_Analysis"/>
    <testcase time="0.00700000000000012" classname="analysis_class" name="get_vars_works_for_Analysis"/>
    <testcase time="0.104" classname="analysis_class" name="show_works_for_Analysis">
      <skipped message="Reason: On CRAN ('test-analysis_class.R:55:3')"/>
    </testcase>
    <testcase time="0.044" classname="analysis_class" name="show_works_without_covariates">
      <skipped message="Reason: On CRAN ('test-analysis_class.R:75:3')"/>
    </testcase>
    <testcase time="0.0830000000000002" classname="analysis_class" name="show_works_with_no_borrowing">
      <skipped message="Reason: On CRAN ('test-analysis_class.R:96:3')"/>
    </testcase>
  </testsuite>
  <testsuite name="bernoulli_prior" timestamp="2023-10-17T22:57:42Z" hostname="8dd82b1de139" tests="7" skipped="2" failures="0" errors="0" time="0.225">
    <testcase time="0.0630000000000002" classname="bernoulli_prior" name="Bernoulli_priors_are_rendering_correctly"/>
    <testcase time="0.00699999999999967" classname="bernoulli_prior" name="Bernoulli_priors_are_rendering_correctly"/>
    <testcase time="0.0110000000000001" classname="bernoulli_prior" name="Bernoulli_priors_are_rendering_correctly"/>
    <testcase time="0.0150000000000001" classname="bernoulli_prior" name="Bernoulli_priors_are_rendering_correctly"/>
    <testcase time="0.0309999999999997" classname="bernoulli_prior" name="show_works_for_BernoulliPrior">
      <skipped message="Reason: On CRAN ('test-bernoulli_prior.R:19:3')"/>
    </testcase>
    <testcase time="0.0570000000000004" classname="bernoulli_prior" name="plot_works_for_BernoulliPrior">
      <skipped message="Reason: On CRAN ('test-bernoulli_prior.R:23:3')"/>
    </testcase>
    <testcase time="0.0409999999999999" classname="bernoulli_prior" name="constraints_work_for_BernoulliPrior"/>
  </testsuite>
  <testsuite name="beta_prior" timestamp="2023-10-17T22:57:42Z" hostname="8dd82b1de139" tests="8" skipped="2" failures="0" errors="0" time="0.171">
    <testcase time="0.0209999999999999" classname="beta_prior" name="Beta_priors_are_rendering_correctly"/>
    <testcase time="0.0089999999999999" classname="beta_prior" name="Beta_priors_are_rendering_correctly"/>
    <testcase time="0.0089999999999999" classname="beta_prior" name="Beta_priors_are_rendering_correctly"/>
    <testcase time="0.00900000000000034" classname="beta_prior" name="Beta_priors_are_rendering_correctly"/>
    <testcase time="0.0149999999999997" classname="beta_prior" name="Beta_priors_are_rendering_correctly"/>
    <testcase time="0.02" classname="beta_prior" name="show_works_for_BetaPrior">
      <skipped message="Reason: On CRAN ('test-beta_prior.R:20:3')"/>
    </testcase>
    <testcase time="0.0539999999999998" classname="beta_prior" name="plot_works_for_BetaPrior">
      <skipped message="Reason: On CRAN ('test-beta_prior.R:24:3')"/>
    </testcase>
    <testcase time="0.0340000000000003" classname="beta_prior" name="constraints_work_for_BetaPrior"/>
  </testsuite>
  <testsuite name="borrowing_details" timestamp="2023-10-17T22:57:42Z" hostname="8dd82b1de139" tests="16" skipped="0" failures="0" errors="0" time="0.171">
    <testcase time="0.016" classname="borrowing_details" name="borrowing_details_works_as_expected_for_no_borrowing"/>
    <testcase time="0.00699999999999967" classname="borrowing_details" name="borrowing_details_works_as_expected_for_no_borrowing"/>
    <testcase time="0.00600000000000023" classname="borrowing_details" name="borrowing_details_works_as_expected_for_no_borrowing"/>
    <testcase time="0.0110000000000001" classname="borrowing_details" name="borrowing_details_works_as_expected_for_full_borrowing"/>
    <testcase time="0.00699999999999967" classname="borrowing_details" name="borrowing_details_works_as_expected_for_full_borrowing"/>
    <testcase time="0.00600000000000023" classname="borrowing_details" name="borrowing_details_works_as_expected_for_full_borrowing"/>
    <testcase time="0.0149999999999997" classname="borrowing_details" name="borrowing_details_works_as_expected_for_BDB"/>
    <testcase time="0.00700000000000056" classname="borrowing_details" name="borrowing_details_works_as_expected_for_BDB"/>
    <testcase time="0.00199999999999978" classname="borrowing_details" name="borrowing_details_works_as_expected_for_BDB"/>
    <testcase time="0.00600000000000023" classname="borrowing_details" name="borrowing_details_works_as_expected_for_BDB"/>
    <testcase time="0.0179999999999998" classname="borrowing_details" name="borrowing_details_gives_expected_errors"/>
    <testcase time="0.00999999999999979" classname="borrowing_details" name="borrowing_details_gives_expected_errors"/>
    <testcase time="0.00900000000000034" classname="borrowing_details" name="borrowing_details_gives_expected_errors"/>
    <testcase time="0.0169999999999995" classname="borrowing_details" name="get_vars_works_for_borrowing_details"/>
    <testcase time="0.024" classname="borrowing_details" name="borrowing_details_checks_tau_prior_limits"/>
    <testcase time="0.00999999999999979" classname="borrowing_details" name="borrowing_details_checks_tau_prior_limits"/>
  </testsuite>
  <testsuite name="cauchy_prior" timestamp="2023-10-17T22:57:43Z" hostname="8dd82b1de139" tests="8" skipped="2" failures="0" errors="0" time="0.138">
    <testcase time="0.0180000000000007" classname="cauchy_prior" name="Cauchy_priors_are_rendering_correctly"/>
    <testcase time="0.00800000000000001" classname="cauchy_prior" name="Cauchy_priors_are_rendering_correctly"/>
    <testcase time="0.00800000000000001" classname="cauchy_prior" name="Cauchy_priors_are_rendering_correctly"/>
    <testcase time="0.00699999999999967" classname="cauchy_prior" name="Cauchy_priors_are_rendering_correctly"/>
    <testcase time="0.0129999999999999" classname="cauchy_prior" name="Cauchy_priors_are_rendering_correctly"/>
    <testcase time="0.016" classname="cauchy_prior" name="show_works_for_CauchyPrior">
      <skipped message="Reason: On CRAN ('test-cauchy_prior.R:20:3')"/>
    </testcase>
    <testcase time="0.0360000000000005" classname="cauchy_prior" name="plot_works_for_CauchyPrior">
      <skipped message="Reason: On CRAN ('test-cauchy_prior.R:24:3')"/>
    </testcase>
    <testcase time="0.032" classname="cauchy_prior" name="constraints_work_for_CauchyPrior"/>
  </testsuite>
  <testsuite name="check_data_matrix_has_columns" timestamp="2023-10-17T22:57:43Z" hostname="8dd82b1de139" tests="5" skipped="0" failures="0" errors="0" time="0.072">
    <testcase time="0.0259999999999998" classname="check_data_matrix_has_columns" name="check_data_matrix_catches_errors"/>
    <testcase time="0.0110000000000001" classname="check_data_matrix_has_columns" name="check_data_matrix_catches_errors"/>
    <testcase time="0.0109999999999992" classname="check_data_matrix_has_columns" name="check_data_matrix_catches_errors"/>
    <testcase time="0.0120000000000005" classname="check_data_matrix_has_columns" name="check_data_matrix_catches_errors"/>
    <testcase time="0.0119999999999996" classname="check_data_matrix_has_columns" name="check_data_matrix_catches_errors"/>
  </testsuite>
  <testsuite name="cmdstan" timestamp="2023-10-17T22:57:43Z" hostname="8dd82b1de139" tests="2" skipped="1" failures="0" errors="0" time="0.023">
    <testcase time="0.0200000000000005" classname="cmdstan" name="check_cmdstanr_runs_as_expected"/>
    <testcase time="0.00300000000000011" classname="cmdstan" name="check_cmdstanr_runs_as_expected">
      <skipped message="Reason: On CI ('test-cmdstan.R:8:3')"/>
    </testcase>
    <testcase time="0.0279999999999996" classname="character(0)" name="_unnamed_">
      <skipped message="Reason: On CRAN ('test-create_analysis_obj.R:1:1')"/>
    </testcase>
  </testsuite>
  <testsuite name="create_data_matrix" timestamp="2023-10-17T22:57:43Z" hostname="8dd82b1de139" tests="20" skipped="1" failures="0" errors="0" time="0.322">
    <testcase time="0.0720000000000001" classname="create_data_matrix" name="create_data_matrix_works"/>
    <testcase time="0.00300000000000011" classname="create_data_matrix" name="create_data_matrix_works"/>
    <testcase time="0.00900000000000034" classname="create_data_matrix" name="create_data_matrix_works"/>
    <testcase time="0.0129999999999999" classname="create_data_matrix" name="create_data_matrix_works_with_complex_formulas"/>
    <testcase time="0.0130000000000008" classname="create_data_matrix" name="create_data_matrix_works_with_weights"/>
    <testcase time="0.0129999999999999" classname="create_data_matrix" name="create_data_matrix_works_with_one_covariate"/>
    <testcase time="0.0110000000000001" classname="create_data_matrix" name="create_data_matrix_works_with_no_covariates"/>
    <testcase time="0.00299999999999923" classname="create_data_matrix" name="create_data_matrix_works_with_no_covariates"/>
    <testcase time="0.0180000000000007" classname="create_data_matrix" name="create_data_matrix_gives_error_invalid_outcome"/>
    <testcase time="0.00899999999999945" classname="create_data_matrix" name="create_data_matrix_gives_error_invalid_outcome"/>
    <testcase time="0.00900000000000034" classname="create_data_matrix" name="create_data_matrix_gives_error_invalid_outcome"/>
    <testcase time="0.0190000000000001" classname="create_data_matrix" name="create_data_matrix_gives_error_invalid_trt_flag_col"/>
    <testcase time="0.0190000000000001" classname="create_data_matrix" name="create_data_matrix_gives_error_invalid_ext_flag_col"/>
    <testcase time="0.0209999999999999" classname="create_data_matrix" name="create_data_matrix_gives_error_invalid_covariates"/>
    <testcase time="0.0110000000000001" classname="create_data_matrix" name="create_data_matrix_gives_error_invalid_covariates"/>
    <testcase time="0.0109999999999992" classname="create_data_matrix" name="create_data_matrix_gives_error_invalid_covariates"/>
    <testcase time="0.0110000000000001" classname="create_data_matrix" name="create_data_matrix_gives_error_invalid_covariates"/>
    <testcase time="0.0200000000000005" classname="create_data_matrix" name="create_data_matrix_gives_error_for_invalid_data"/>
    <testcase time="0.00899999999999945" classname="create_data_matrix" name="create_data_matrix_gives_error_for_invalid_data"/>
    <testcase time="0.0129999999999999" classname="character(0)" name="_unnamed_">
      <skipped message="Reason: On CRAN ('test-create_simulation_obj.R:1:1')"/>
    </testcase>
  </testsuite>
  <testsuite name="exponential_prior" timestamp="2023-10-17T22:57:43Z" hostname="8dd82b1de139" tests="8" skipped="3" failures="0" errors="0" time="0.154">
    <testcase time="0.032" classname="exponential_prior" name="Exponential_priors_are_rendering_correctly"/>
    <testcase time="0.00700000000000056" classname="exponential_prior" name="Exponential_priors_are_rendering_correctly"/>
    <testcase time="0.00699999999999967" classname="exponential_prior" name="Exponential_priors_are_rendering_correctly"/>
    <testcase time="0.0129999999999999" classname="exponential_prior" name="Exponential_priors_are_rendering_correctly"/>
    <testcase time="0.016" classname="exponential_prior" name="show_works_for_ExponentialPrior">
      <skipped message="Reason: On CRAN ('test-exponential_prior.R:19:3')"/>
    </testcase>
    <testcase time="0.0340000000000007" classname="exponential_prior" name="plot_works_for_ExponentialPrior">
      <skipped message="Reason: On CRAN ('test-exponential_prior.R:23:3')"/>
    </testcase>
    <testcase time="0.0319999999999991" classname="exponential_prior" name="constraints_work_for_ExponentialPrior"/>
  </testsuite>
  <testsuite name="gamma_prior" timestamp="2023-10-17T22:57:43Z" hostname="8dd82b1de139" tests="9" skipped="2" failures="0" errors="0" time="0.154">
    <testcase time="0.0170000000000003" classname="gamma_prior" name="Gamma_priors_are_rendering_correctly"/>
    <testcase time="0.00800000000000001" classname="gamma_prior" name="Gamma_priors_are_rendering_correctly"/>
    <testcase time="0.00699999999999967" classname="gamma_prior" name="Gamma_priors_are_rendering_correctly"/>
    <testcase time="0.00800000000000001" classname="gamma_prior" name="Gamma_priors_are_rendering_correctly"/>
    <testcase time="0.0120000000000005" classname="gamma_prior" name="Gamma_priors_are_rendering_correctly"/>
    <testcase time="0.0129999999999999" classname="gamma_prior" name="Gamma_priors_are_rendering_correctly"/>
    <testcase time="0.016" classname="gamma_prior" name="show_works_for_GammaPrior">
      <skipped message="Reason: On CRAN ('test-gamma_prior.R:23:3')"/>
    </testcase>
    <testcase time="0.0419999999999998" classname="gamma_prior" name="plot_works_for_GammaPrior">
      <skipped message="Reason: On CRAN ('test-gamma_prior.R:27:3')"/>
    </testcase>
    <testcase time="0.0310000000000006" classname="gamma_prior" name="constraints_work_for_GammaPrior"/>
  </testsuite>
  <testsuite name="half_cauchy_prior" timestamp="2023-10-17T22:57:43Z" hostname="8dd82b1de139" tests="11" skipped="2" failures="0" errors="0" time="0.16">
    <testcase time="0.0179999999999998" classname="half_cauchy_prior" name="Half_Cauchy_priors_are_rendering_correctly"/>
    <testcase time="0.00800000000000001" classname="half_cauchy_prior" name="Half_Cauchy_priors_are_rendering_correctly"/>
    <testcase time="0.00699999999999967" classname="half_cauchy_prior" name="Half_Cauchy_priors_are_rendering_correctly"/>
    <testcase time="0.00700000000000056" classname="half_cauchy_prior" name="Half_Cauchy_priors_are_rendering_correctly"/>
    <testcase time="0.00699999999999967" classname="half_cauchy_prior" name="Half_Cauchy_priors_are_rendering_correctly"/>
    <testcase time="0.0119999999999996" classname="half_cauchy_prior" name="Half_Cauchy_priors_are_rendering_correctly"/>
    <testcase time="0.0170000000000003" classname="half_cauchy_prior" name="show_works_for_HalfCauchyPrior">
      <skipped message="Reason: On CRAN ('test-half_cauchy_prior.R:21:3')"/>
    </testcase>
    <testcase time="0.0369999999999999" classname="half_cauchy_prior" name="plot_works_for_HalfCauchyPrior">
      <skipped message="Reason: On CRAN ('test-half_cauchy_prior.R:25:3')"/>
    </testcase>
    <testcase time="0.032" classname="half_cauchy_prior" name="constraints_work_for_HalfCauchyPrior"/>
    <testcase time="0.00800000000000001" classname="half_cauchy_prior" name="constraints_work_for_HalfCauchyPrior"/>
    <testcase time="0.00699999999999967" classname="half_cauchy_prior" name="constraints_work_for_HalfCauchyPrior"/>
  </testsuite>
  <testsuite name="half_normal_prior" timestamp="2023-10-17T22:57:44Z" hostname="8dd82b1de139" tests="11" skipped="2" failures="0" errors="0" time="0.158">
    <testcase time="0.0180000000000007" classname="half_normal_prior" name="Half_Normal_priors_are_rendering_correctly"/>
    <testcase time="0.00800000000000001" classname="half_normal_prior" name="Half_Normal_priors_are_rendering_correctly"/>
    <testcase time="0.00699999999999967" classname="half_normal_prior" name="Half_Normal_priors_are_rendering_correctly"/>
    <testcase time="0.00600000000000023" classname="half_normal_prior" name="Half_Normal_priors_are_rendering_correctly"/>
    <testcase time="0.00800000000000001" classname="half_normal_prior" name="Half_Normal_priors_are_rendering_correctly"/>
    <testcase time="0.0119999999999996" classname="half_normal_prior" name="Half_Normal_priors_are_rendering_correctly"/>
    <testcase time="0.0179999999999998" classname="half_normal_prior" name="show_works_for_HalfNormalPrior">
      <skipped message="Reason: On CRAN ('test-half_normal_prior.R:21:3')"/>
    </testcase>
    <testcase time="0.0340000000000007" classname="half_normal_prior" name="plot_works_for_HalfNormalPrior">
      <skipped message="Reason: On CRAN ('test-half_normal_prior.R:25:3')"/>
    </testcase>
    <testcase time="0.032" classname="half_normal_prior" name="constraints_work_for_HalfNormalPrior"/>
    <testcase time="0.00800000000000001" classname="half_normal_prior" name="constraints_work_for_HalfNormalPrior"/>
    <testcase time="0.00699999999999967" classname="half_normal_prior" name="constraints_work_for_HalfNormalPrior"/>
  </testsuite>
  <testsuite name="helpers" timestamp="2023-10-17T22:57:44Z" hostname="8dd82b1de139" tests="12" skipped="0" failures="0" errors="0" time="0.202">
    <testcase time="0.0220000000000002" classname="helpers" name="h_glue_works_as_expected"/>
    <testcase time="0.00699999999999967" classname="helpers" name="h_glue_works_as_expected"/>
    <testcase time="0.00699999999999967" classname="helpers" name="h_glue_works_as_expected"/>
    <testcase time="0.0170000000000003" classname="helpers" name="parse_constraint_works_as_expected"/>
    <testcase time="0.00999999999999979" classname="helpers" name="parse_constraint_works_as_expected"/>
    <testcase time="0.0190000000000001" classname="helpers" name="parse_constraint_works_as_expected_with_prior_list"/>
    <testcase time="0.0170000000000003" classname="helpers" name="parse_constraint_works_as_expected_with_single_prior"/>
    <testcase time="0.0249999999999995" classname="helpers" name="rename_draws_covariates_works_as_expected"/>
    <testcase time="0.00700000000000056" classname="helpers" name="rename_draws_covariates_works_as_expected"/>
    <testcase time="0.0219999999999994" classname="helpers" name="variable_dictionary_works_as_expected_for_logistic_and_BDB"/>
    <testcase time="0.0270000000000001" classname="helpers" name="variable_dictionary_works_as_expected_for_exponential_and_no_borrowing"/>
    <testcase time="0.0220000000000002" classname="helpers" name="variable_dictionary_includes_shape_parameter_for_Weibull_PH"/>
  </testsuite>
  <testsuite name="make_model_string_data" timestamp="2023-10-17T22:57:44Z" hostname="8dd82b1de139" tests="45" skipped="5" failures="0" errors="0" time="0.429">
    <testcase time="0.0220000000000002" classname="make_model_string_data" name="make_model_string_data_works_with_exponential_survival_and_full_borrowing"/>
    <testcase time="0.00600000000000023" classname="make_model_string_data" name="make_model_string_data_works_with_exponential_survival_and_full_borrowing"/>
    <testcase time="0.00699999999999967" classname="make_model_string_data" name="make_model_string_data_works_with_exponential_survival_and_full_borrowing"/>
    <testcase time="0.00600000000000023" classname="make_model_string_data" name="make_model_string_data_works_with_exponential_survival_and_full_borrowing"/>
    <testcase time="0.00599999999999934" classname="make_model_string_data" name="make_model_string_data_works_with_exponential_survival_and_full_borrowing"/>
    <testcase time="0.00600000000000023" classname="make_model_string_data" name="make_model_string_data_works_with_exponential_survival_and_full_borrowing"/>
    <testcase time="0.00600000000000023" classname="make_model_string_data" name="make_model_string_data_works_with_exponential_survival_and_full_borrowing"/>
    <testcase time="0.00999999999999979" classname="make_model_string_data" name="make_model_string_data_works_with_exponential_survival_and_full_borrowing">
      <skipped message="Reason: On CRAN ('test-make_model_string_data.R:20:3')"/>
    </testcase>
    <testcase time="0.0329999999999995" classname="make_model_string_data" name="make_model_string_data_works_with_exponential_survival_and_BDB"/>
    <testcase time="0.00700000000000056" classname="make_model_string_data" name="make_model_string_data_works_with_exponential_survival_and_BDB"/>
    <testcase time="0.00699999999999967" classname="make_model_string_data" name="make_model_string_data_works_with_exponential_survival_and_BDB"/>
    <testcase time="0.00600000000000023" classname="make_model_string_data" name="make_model_string_data_works_with_exponential_survival_and_BDB"/>
    <testcase time="0.00699999999999967" classname="make_model_string_data" name="make_model_string_data_works_with_exponential_survival_and_BDB"/>
    <testcase time="0.00600000000000023" classname="make_model_string_data" name="make_model_string_data_works_with_exponential_survival_and_BDB"/>
    <testcase time="0.00600000000000023" classname="make_model_string_data" name="make_model_string_data_works_with_exponential_survival_and_BDB"/>
    <testcase time="0.00699999999999967" classname="make_model_string_data" name="make_model_string_data_works_with_exponential_survival_and_BDB"/>
    <testcase time="0.00900000000000034" classname="make_model_string_data" name="make_model_string_data_works_with_exponential_survival_and_BDB">
      <skipped message="Reason: On CRAN ('test-make_model_string_data.R:44:3')"/>
    </testcase>
    <testcase time="0.0350000000000001" classname="make_model_string_data" name="make_model_string_data_works_with_weibull_survival_and_BDB_and_covariates"/>
    <testcase time="0.00699999999999967" classname="make_model_string_data" name="make_model_string_data_works_with_weibull_survival_and_BDB_and_covariates"/>
    <testcase time="0.00600000000000023" classname="make_model_string_data" name="make_model_string_data_works_with_weibull_survival_and_BDB_and_covariates"/>
    <testcase time="0.00699999999999967" classname="make_model_string_data" name="make_model_string_data_works_with_weibull_survival_and_BDB_and_covariates"/>
    <testcase time="0.00600000000000023" classname="make_model_string_data" name="make_model_string_data_works_with_weibull_survival_and_BDB_and_covariates"/>
    <testcase time="0.00699999999999967" classname="make_model_string_data" name="make_model_string_data_works_with_weibull_survival_and_BDB_and_covariates"/>
    <testcase time="0.00600000000000023" classname="make_model_string_data" name="make_model_string_data_works_with_weibull_survival_and_BDB_and_covariates"/>
    <testcase time="0.00699999999999967" classname="make_model_string_data" name="make_model_string_data_works_with_weibull_survival_and_BDB_and_covariates"/>
    <testcase time="0.00999999999999979" classname="make_model_string_data" name="make_model_string_data_works_with_weibull_survival_and_BDB_and_covariates">
      <skipped message="Reason: On CRAN ('test-make_model_string_data.R:77:3')"/>
    </testcase>
    <testcase time="0.0330000000000004" classname="make_model_string_data" name="make_model_string_data_works_with_binary_outcome_and_BDB_and_covariates"/>
    <testcase time="0.00699999999999967" classname="make_model_string_data" name="make_model_string_data_works_with_binary_outcome_and_BDB_and_covariates"/>
    <testcase time="0.00600000000000023" classname="make_model_string_data" name="make_model_string_data_works_with_binary_outcome_and_BDB_and_covariates"/>
    <testcase time="0.00700000000000056" classname="make_model_string_data" name="make_model_string_data_works_with_binary_outcome_and_BDB_and_covariates"/>
    <testcase time="0.00599999999999934" classname="make_model_string_data" name="make_model_string_data_works_with_binary_outcome_and_BDB_and_covariates"/>
    <testcase time="0.00700000000000056" classname="make_model_string_data" name="make_model_string_data_works_with_binary_outcome_and_BDB_and_covariates"/>
    <testcase time="0.00599999999999934" classname="make_model_string_data" name="make_model_string_data_works_with_binary_outcome_and_BDB_and_covariates"/>
    <testcase time="0.00700000000000056" classname="make_model_string_data" name="make_model_string_data_works_with_binary_outcome_and_BDB_and_covariates"/>
    <testcase time="0.00999999999999979" classname="make_model_string_data" name="make_model_string_data_works_with_binary_outcome_and_BDB_and_covariates">
      <skipped message="Reason: On CRAN ('test-make_model_string_data.R:105:3')"/>
    </testcase>
    <testcase time="0.032" classname="make_model_string_data" name="make_model_string_data_works_with_binary_outcome_and_weights"/>
    <testcase time="0.00600000000000023" classname="make_model_string_data" name="make_model_string_data_works_with_binary_outcome_and_weights"/>
    <testcase time="0.00599999999999934" classname="make_model_string_data" name="make_model_string_data_works_with_binary_outcome_and_weights"/>
    <testcase time="0.00700000000000056" classname="make_model_string_data" name="make_model_string_data_works_with_binary_outcome_and_weights"/>
    <testcase time="0.00600000000000023" classname="make_model_string_data" name="make_model_string_data_works_with_binary_outcome_and_weights"/>
    <testcase time="0.00699999999999967" classname="make_model_string_data" name="make_model_string_data_works_with_binary_outcome_and_weights"/>
    <testcase time="0.00600000000000023" classname="make_model_string_data" name="make_model_string_data_works_with_binary_outcome_and_weights"/>
    <testcase time="0.00600000000000023" classname="make_model_string_data" name="make_model_string_data_works_with_binary_outcome_and_weights"/>
    <testcase time="0.00600000000000023" classname="make_model_string_data" name="make_model_string_data_works_with_binary_outcome_and_weights"/>
    <testcase time="0.00999999999999979" classname="make_model_string_data" name="make_model_string_data_works_with_binary_outcome_and_weights">
      <skipped message="Reason: On CRAN ('test-make_model_string_data.R:134:3')"/>
    </testcase>
  </testsuite>
  <testsuite name="make_model_string_functions" timestamp="2023-10-17T22:57:44Z" hostname="8dd82b1de139" tests="16" skipped="4" failures="0" errors="0" time="0.21">
    <testcase time="0.056" classname="make_model_string_functions" name="make_model_string_functions_works_with_exponential_survival_and_full_borrowing"/>
    <testcase time="0.00199999999999978" classname="make_model_string_functions" name="make_model_string_functions_works_with_exponential_survival_and_full_borrowing"/>
    <testcase time="0.0110000000000001" classname="make_model_string_functions" name="make_model_string_functions_works_with_exponential_survival_and_full_borrowing">
      <skipped message="Reason: On CRAN ('test-make_model_string_functions.R:15:3')"/>
    </testcase>
    <testcase time="0.032" classname="make_model_string_functions" name="make_model_string_functions_works_with_exponential_survival_and_BDB"/>
    <testcase time="0.00199999999999978" classname="make_model_string_functions" name="make_model_string_functions_works_with_exponential_survival_and_BDB"/>
    <testcase time="0.0100000000000007" classname="make_model_string_functions" name="make_model_string_functions_works_with_exponential_survival_and_BDB">
      <skipped message="Reason: On CRAN ('test-make_model_string_functions.R:33:3')"/>
    </testcase>
    <testcase time="0.032" classname="make_model_string_functions" name="make_model_string_functions_works_with_weibull_survival_and_BDB_and_covariates"/>
    <testcase time="0.00199999999999978" classname="make_model_string_functions" name="make_model_string_functions_works_with_weibull_survival_and_BDB_and_covariates"/>
    <testcase time="0.00199999999999978" classname="make_model_string_functions" name="make_model_string_functions_works_with_weibull_survival_and_BDB_and_covariates"/>
    <testcase time="0.00199999999999978" classname="make_model_string_functions" name="make_model_string_functions_works_with_weibull_survival_and_BDB_and_covariates"/>
    <testcase time="0.00199999999999978" classname="make_model_string_functions" name="make_model_string_functions_works_with_weibull_survival_and_BDB_and_covariates"/>
    <testcase time="0.00200000000000067" classname="make_model_string_functions" name="make_model_string_functions_works_with_weibull_survival_and_BDB_and_covariates"/>
    <testcase time="0.00999999999999979" classname="make_model_string_functions" name="make_model_string_functions_works_with_weibull_survival_and_BDB_and_covariates">
      <skipped message="Reason: On CRAN ('test-make_model_string_functions.R:64:3')"/>
    </testcase>
    <testcase time="0.0330000000000004" classname="make_model_string_functions" name="make_model_string_functions_works_with_binary_outcome_and_BDB_and_covariates"/>
    <testcase time="0.00199999999999978" classname="make_model_string_functions" name="make_model_string_functions_works_with_binary_outcome_and_BDB_and_covariates"/>
    <testcase time="0.00999999999999979" classname="make_model_string_functions" name="make_model_string_functions_works_with_binary_outcome_and_BDB_and_covariates">
      <skipped message="Reason: On CRAN ('test-make_model_string_functions.R:86:3')"/>
    </testcase>
  </testsuite>
  <testsuite name="make_model_string_model" timestamp="2023-10-17T22:57:45Z" hostname="8dd82b1de139" tests="25" skipped="4" failures="0" errors="0" time="0.226">
    <testcase time="0.0410000000000004" classname="make_model_string_model" name="make_model_string_model_works_with_exponential_survival_and_full_borrowing"/>
    <testcase time="0.00199999999999978" classname="make_model_string_model" name="make_model_string_model_works_with_exponential_survival_and_full_borrowing"/>
    <testcase time="0.00199999999999978" classname="make_model_string_model" name="make_model_string_model_works_with_exponential_survival_and_full_borrowing"/>
    <testcase time="0.00199999999999978" classname="make_model_string_model" name="make_model_string_model_works_with_exponential_survival_and_full_borrowing"/>
    <testcase time="0.0100000000000007" classname="make_model_string_model" name="make_model_string_model_works_with_exponential_survival_and_full_borrowing">
      <skipped message="Reason: On CRAN ('test-make_model_string_model.R:17:3')"/>
    </testcase>
    <testcase time="0.0349999999999993" classname="make_model_string_model" name="make_model_string_model_works_with_exponential_survival_and_BDB"/>
    <testcase time="0.00200000000000067" classname="make_model_string_model" name="make_model_string_model_works_with_exponential_survival_and_BDB"/>
    <testcase time="0.00199999999999978" classname="make_model_string_model" name="make_model_string_model_works_with_exponential_survival_and_BDB"/>
    <testcase time="0.00199999999999978" classname="make_model_string_model" name="make_model_string_model_works_with_exponential_survival_and_BDB"/>
    <testcase time="0.00199999999999978" classname="make_model_string_model" name="make_model_string_model_works_with_exponential_survival_and_BDB"/>
    <testcase time="0.0110000000000001" classname="make_model_string_model" name="make_model_string_model_works_with_exponential_survival_and_BDB">
      <skipped message="Reason: On CRAN ('test-make_model_string_model.R:38:3')"/>
    </testcase>
    <testcase time="0.0380000000000003" classname="make_model_string_model" name="make_model_string_model_works_with_weibull_survival_and_BDB_and_covariates"/>
    <testcase time="0.00199999999999978" classname="make_model_string_model" name="make_model_string_model_works_with_weibull_survival_and_BDB_and_covariates"/>
    <testcase time="0.00200000000000067" classname="make_model_string_model" name="make_model_string_model_works_with_weibull_survival_and_BDB_and_covariates"/>
    <testcase time="0.00199999999999978" classname="make_model_string_model" name="make_model_string_model_works_with_weibull_survival_and_BDB_and_covariates"/>
    <testcase time="0.00199999999999978" classname="make_model_string_model" name="make_model_string_model_works_with_weibull_survival_and_BDB_and_covariates"/>
    <testcase time="0.00199999999999978" classname="make_model_string_model" name="make_model_string_model_works_with_weibull_survival_and_BDB_and_covariates"/>
    <testcase time="0.0100000000000007" classname="make_model_string_model" name="make_model_string_model_works_with_weibull_survival_and_BDB_and_covariates">
      <skipped message="Reason: On CRAN ('test-make_model_string_model.R:69:3')"/>
    </testcase>
    <testcase time="0.0359999999999996" classname="make_model_string_model" name="make_model_string_model_works_with_binary_outcome_and_BDB_and_covariates"/>
    <testcase time="0.00300000000000011" classname="make_model_string_model" name="make_model_string_model_works_with_binary_outcome_and_BDB_and_covariates"/>
    <testcase time="0.00199999999999978" classname="make_model_string_model" name="make_model_string_model_works_with_binary_outcome_and_BDB_and_covariates"/>
    <testcase time="0.00100000000000033" classname="make_model_string_model" name="make_model_string_model_works_with_binary_outcome_and_BDB_and_covariates"/>
    <testcase time="0.00300000000000011" classname="make_model_string_model" name="make_model_string_model_works_with_binary_outcome_and_BDB_and_covariates"/>
    <testcase time="0.00199999999999978" classname="make_model_string_model" name="make_model_string_model_works_with_binary_outcome_and_BDB_and_covariates"/>
    <testcase time="0.00999999999999979" classname="make_model_string_model" name="make_model_string_model_works_with_binary_outcome_and_BDB_and_covariates">
      <skipped message="Reason: On CRAN ('test-make_model_string_model.R:95:3')"/>
    </testcase>
  </testsuite>
  <testsuite name="make_model_string_parameters" timestamp="2023-10-17T22:57:45Z" hostname="8dd82b1de139" tests="17" skipped="4" failures="0" errors="0" time="194.768">
    <testcase time="0.0440000000000005" classname="make_model_string_parameters" name="make_model_string_parameters_works_with_exponential_survival_and_full_borrowing"/>
    <testcase time="0.00999999999999979" classname="make_model_string_parameters" name="make_model_string_parameters_works_with_exponential_survival_and_full_borrowing">
      <skipped message="Reason: On CRAN ('test-make_model_string_parameters.R:14:3')"/>
    </testcase>
    <testcase time="0.04" classname="make_model_string_parameters" name="make_model_string_parameters_works_with_exponential_survival_and_BDB"/>
    <testcase time="0.0110000000000001" classname="make_model_string_parameters" name="make_model_string_parameters_works_with_exponential_survival_and_BDB">
      <skipped message="Reason: On CRAN ('test-make_model_string_parameters.R:31:3')"/>
    </testcase>
    <testcase time="0.0469999999999997" classname="make_model_string_parameters" name="make_model_string_parameters_works_with_weibull_survival_and_BDB"/>
    <testcase time="0.0110000000000001" classname="make_model_string_parameters" name="make_model_string_parameters_works_with_weibull_survival_and_BDB">
      <skipped message="Reason: On CRAN ('test-make_model_string_parameters.R:57:3')"/>
    </testcase>
    <testcase time="0.0380000000000003" classname="make_model_string_parameters" name="make_model_string_parameters_works_with_binary_outcome_and_BDB"/>
    <testcase time="0.00999999999999979" classname="make_model_string_parameters" name="make_model_string_parameters_works_with_binary_outcome_and_BDB">
      <skipped message="Reason: On CRAN ('test-make_model_string_parameters.R:78:3')"/>
    </testcase>
    <testcase time="28.574" classname="make_model_string_parameters" name="the_STAN_code_is_correctly_generated_when_limits_are_placed_in_the_treatment_parameters"/>
    <testcase time="64.419" classname="make_model_string_parameters" name="the_STAN_code_is_correctly_generated_when_limits_are_placed_in_the_borrowing_parameters"/>
    <testcase time="0.00799999999999557" classname="make_model_string_parameters" name="the_STAN_code_is_correctly_generated_when_limits_are_placed_in_the_borrowing_parameters"/>
    <testcase time="28.839" classname="make_model_string_parameters" name="the_STAN_code_is_correctly_generated_when_limits_are_placed_in_the_outcome_parameters"/>
    <testcase time="0.0529999999999973" classname="make_model_string_parameters" name="the_STAN_code_is_correctly_generated_when_limits_are_placed_in_the_outcome_parameters"/>
    <testcase time="36.291" classname="make_model_string_parameters" name="the_STAN_code_is_correctly_generated_when_limits_are_placed_in_the_covariate_parameters"/>
    <testcase time="0.007000000000005" classname="make_model_string_parameters" name="the_STAN_code_is_correctly_generated_when_limits_are_placed_in_the_covariate_parameters"/>
    <testcase time="36.359" classname="make_model_string_parameters" name="the_STAN_code_is_correctly_generated_when_limits_are_placed_in_the_covariate_parameters"/>
    <testcase time="0.007000000000005" classname="make_model_string_parameters" name="the_STAN_code_is_correctly_generated_when_limits_are_placed_in_the_covariate_parameters"/>
  </testsuite>
  <testsuite name="make_model_string_transformed_parameters" timestamp="2023-10-17T23:01:00Z" hostname="8dd82b1de139" tests="16" skipped="4" failures="0" errors="0" time="0.256">
    <testcase time="0.0289999999999964" classname="make_model_string_transformed_parameters" name="make_model_string_transf_param_works_with_exponential_survival_and_full_borrowing"/>
    <testcase time="0.007000000000005" classname="make_model_string_transformed_parameters" name="make_model_string_transf_param_works_with_exponential_survival_and_full_borrowing"/>
    <testcase time="0.00600000000000023" classname="make_model_string_transformed_parameters" name="make_model_string_transf_param_works_with_exponential_survival_and_full_borrowing"/>
    <testcase time="0.0129999999999768" classname="make_model_string_transformed_parameters" name="make_model_string_transf_param_works_with_exponential_survival_and_full_borrowing">
      <skipped message="Reason: On CRAN ('test-make_model_string_transformed_parameters.R:16:3')"/>
    </testcase>
    <testcase time="0.0370000000000061" classname="make_model_string_transformed_parameters" name="make_model_string_transf_param_works_with_exponential_survival_and_BDB"/>
    <testcase time="0.007000000000005" classname="make_model_string_transformed_parameters" name="make_model_string_transf_param_works_with_exponential_survival_and_BDB"/>
    <testcase time="0.00600000000000023" classname="make_model_string_transformed_parameters" name="make_model_string_transf_param_works_with_exponential_survival_and_BDB"/>
    <testcase time="0.0109999999999957" classname="make_model_string_transformed_parameters" name="make_model_string_transf_param_works_with_exponential_survival_and_BDB">
      <skipped message="Reason: On CRAN ('test-make_model_string_transformed_parameters.R:35:3')"/>
    </testcase>
    <testcase time="0.0409999999999968" classname="make_model_string_transformed_parameters" name="make_model_string_transf_param_works_with_weibull_survival_and_BDB_and_covariates"/>
    <testcase time="0.007000000000005" classname="make_model_string_transformed_parameters" name="make_model_string_transf_param_works_with_weibull_survival_and_BDB_and_covariates"/>
    <testcase time="0.007000000000005" classname="make_model_string_transformed_parameters" name="make_model_string_transf_param_works_with_weibull_survival_and_BDB_and_covariates"/>
    <testcase time="0.00999999999999091" classname="make_model_string_transformed_parameters" name="make_model_string_transf_param_works_with_weibull_survival_and_BDB_and_covariates">
      <skipped message="Reason: On CRAN ('test-make_model_string_transformed_parameters.R:63:3')"/>
    </testcase>
    <testcase time="0.0500000000000114" classname="make_model_string_transformed_parameters" name="make_model_string_transf_param_works_with_binary_outcome_and_BDB_and_covariates"/>
    <testcase time="0.007000000000005" classname="make_model_string_transformed_parameters" name="make_model_string_transf_param_works_with_binary_outcome_and_BDB_and_covariates"/>
    <testcase time="0.007000000000005" classname="make_model_string_transformed_parameters" name="make_model_string_transf_param_works_with_binary_outcome_and_BDB_and_covariates"/>
    <testcase time="0.0109999999999957" classname="make_model_string_transformed_parameters" name="make_model_string_transf_param_works_with_binary_outcome_and_BDB_and_covariates">
      <skipped message="Reason: On CRAN ('test-make_model_string_transformed_parameters.R:86:3')"/>
    </testcase>
  </testsuite>
  <testsuite name="mcmc_sample-analysis" timestamp="2023-10-17T23:01:00Z" hostname="8dd82b1de139" tests="18" skipped="15" failures="0" errors="0" time="0.495">
    <testcase time="0.0509999999999877" classname="mcmc_sample_analysis" name="mcmc_sample.default_default_method_throws_error"/>
    <testcase time="0.0150000000000148" classname="mcmc_sample_analysis" name="mcmc_sample.default_default_method_throws_error"/>
    <testcase time="0.025999999999982" classname="mcmc_sample_analysis" name="mcmc_sample_handles_Analysis_objects_not_ready_to_sample"/>
    <testcase time="0.0130000000000052" classname="mcmc_sample_analysis" name="mcmc_sample_for_Analysis_works_for_full_borrowing_exponential_dist">
      <skipped message="Reason: On CRAN ('test-mcmc_sample-analysis.R:37:3')"/>
    </testcase>
    <testcase time="0.0300000000000011" classname="mcmc_sample_analysis" name="mcmc_sample_for_Analysis_works_for_no_borrowing_exponential_dist">
      <skipped message="Reason: On CRAN ('test-mcmc_sample-analysis.R:64:3')"/>
    </testcase>
    <testcase time="0.0310000000000059" classname="mcmc_sample_analysis" name="mcmc_sample_for_Analysis_works_for_full_borrowing_exponential_dist_one_covariate">
      <skipped message="Reason: On CRAN ('test-mcmc_sample-analysis.R:95:3')"/>
    </testcase>
    <testcase time="0.032999999999987" classname="mcmc_sample_analysis" name="mcmc_sample_for_Analysis_works_for_no_borrowing_exponential_dist_two_covariates">
      <skipped message="Reason: On CRAN ('test-mcmc_sample-analysis.R:127:3')"/>
    </testcase>
    <testcase time="0.0270000000000152" classname="mcmc_sample_analysis" name="mcmc_sample_for_Analysis_works_for_full_borrowing_Weibull_dist">
      <skipped message="Reason: On CRAN ('test-mcmc_sample-analysis.R:163:3')"/>
    </testcase>
    <testcase time="0.025999999999982" classname="mcmc_sample_analysis" name="mcmc_sample_for_Analysis_works_for_no_borrowing_Weibull_dist">
      <skipped message="Reason: On CRAN ('test-mcmc_sample-analysis.R:199:3')"/>
    </testcase>
    <testcase time="0.0270000000000152" classname="mcmc_sample_analysis" name="mcmc_sample_for_Analysis_works_for_full_borrowing_weibull_dist_one_covariate">
      <skipped message="Reason: On CRAN ('test-mcmc_sample-analysis.R:235:3')"/>
    </testcase>
    <testcase time="0.0269999999999868" classname="mcmc_sample_analysis" name="mcmc_sample_for_Analysis_works_for_no_borrowing_Weibull_dist_two_covariates">
      <skipped message="Reason: On CRAN ('test-mcmc_sample-analysis.R:272:3')"/>
    </testcase>
    <testcase time="0.0260000000000105" classname="mcmc_sample_analysis" name="mcmc_sample_for_Analysis_works_for_full_borrowing_binomial_dist">
      <skipped message="Reason: On CRAN ('test-mcmc_sample-analysis.R:313:3')"/>
    </testcase>
    <testcase time="0.0260000000000105" classname="mcmc_sample_analysis" name="mcmc_sample_for_Analysis_works_for_no_borrowing_binomial_dist">
      <skipped message="Reason: On CRAN ('test-mcmc_sample-analysis.R:344:3')"/>
    </testcase>
    <testcase time="0.0249999999999773" classname="mcmc_sample_analysis" name="mcmc_sample_for_Analysis_works_for_full_borrowing_binomial_dist_one_covariate">
      <skipped message="Reason: On CRAN ('test-mcmc_sample-analysis.R:375:3')"/>
    </testcase>
    <testcase time="0.0250000000000057" classname="mcmc_sample_analysis" name="mcmc_sample_for_Analysis_works_for_no_borrowing_binomial_dist_two_covariates">
      <skipped message="Reason: On CRAN ('test-mcmc_sample-analysis.R:407:3')"/>
    </testcase>
    <testcase time="0.0300000000000011" classname="mcmc_sample_analysis" name="mcmc_sample_for_Analysis_works_for_exponential_BDB_conservative_borrowing">
      <skipped message="Reason: On CRAN ('test-mcmc_sample-analysis.R:443:3')"/>
    </testcase>
    <testcase time="0.0330000000000155" classname="mcmc_sample_analysis" name="mcmc_sample_for_Analysis_works_for_Weibull_BDB_aggressive_borrowing">
      <skipped message="Reason: On CRAN ('test-mcmc_sample-analysis.R:473:3')"/>
    </testcase>
    <testcase time="0.0240000000000009" classname="mcmc_sample_analysis" name="mcmc_sample_for_Analysis_works_for_logistic_regression_BDB_aggressive_borrowing">
      <skipped message="Reason: On CRAN ('test-mcmc_sample-analysis.R:504:3')"/>
    </testcase>
  </testsuite>
  <testsuite name="mcmc_sample-simulation" timestamp="2023-10-17T23:02:02Z" hostname="8dd82b1de139" tests="1" skipped="1" failures="0" errors="0" time="61.245">
    <testcase time="61.245" classname="mcmc_sample_simulation" name="mcmc_sample.Simulation_creates_an_object_of_class_MCMCSimulationResult">
      <skipped message="Reason: On CRAN ('test-mcmc_sample-simulation.R:87:3')"/>
    </testcase>
  </testsuite>
  <testsuite name="normal_prior" timestamp="2023-10-17T23:02:02Z" hostname="8dd82b1de139" tests="8" skipped="2" failures="0" errors="0" time="0.18">
    <testcase time="0.04200000000003" classname="normal_prior" name="Normal_priors_are_rendering_correctly"/>
    <testcase time="0.00899999999995771" classname="normal_prior" name="Normal_priors_are_rendering_correctly"/>
    <testcase time="0.0100000000000477" classname="normal_prior" name="Normal_priors_are_rendering_correctly"/>
    <testcase time="0.00999999999999091" classname="normal_prior" name="Normal_priors_are_rendering_correctly"/>
    <testcase time="0.0169999999999959" classname="normal_prior" name="Normal_priors_are_rendering_correctly"/>
    <testcase time="0.0159999999999627" classname="normal_prior" name="show_works_for_NormalPrior">
      <skipped message="Reason: On CRAN ('test-normal_prior.R:20:3')"/>
    </testcase>
    <testcase time="0.0389999999999873" classname="normal_prior" name="plot_works_for_NormalPrior">
      <skipped message="Reason: On CRAN ('test-normal_prior.R:24:3')"/>
    </testcase>
    <testcase time="0.0370000000000346" classname="normal_prior" name="constraints_work_for_NormalPrior"/>
  </testsuite>
  <testsuite name="outcome_bin_logistic" timestamp="2023-10-17T23:02:02Z" hostname="8dd82b1de139" tests="11" skipped="0" failures="0" errors="0" time="0.131">
    <testcase time="0.0199999999999818" classname="outcome_bin_logistic" name="OutcomeBinaryLogistic_distribution_is_rendering_correctly"/>
    <testcase time="0.00799999999998136" classname="outcome_bin_logistic" name="OutcomeBinaryLogistic_distribution_is_rendering_correctly"/>
    <testcase time="0.00999999999999091" classname="outcome_bin_logistic" name="OutcomeBinaryLogistic_distribution_is_rendering_correctly"/>
    <testcase time="0.0219999999999914" classname="outcome_bin_logistic" name="get_vars_works_for_OutcomeBinaryLogistic"/>
    <testcase time="0.0110000000000241" classname="outcome_bin_logistic" name="get_vars_works_for_OutcomeBinaryLogistic"/>
    <testcase time="0.0149999999999864" classname="outcome_bin_logistic" name="outcome_bin_logistic_works_with_weights"/>
    <testcase time="0.00600000000002865" classname="outcome_bin_logistic" name="outcome_bin_logistic_works_with_weights"/>
    <testcase time="0.0029999999999859" classname="outcome_bin_logistic" name="outcome_bin_logistic_works_with_weights"/>
    <testcase time="0.00200000000000955" classname="outcome_bin_logistic" name="outcome_bin_logistic_works_with_weights"/>
    <testcase time="0.021000000000015" classname="outcome_bin_logistic" name="logistic_bin_outcome_throws_error"/>
    <testcase time="0.0129999999999768" classname="outcome_bin_logistic" name="logistic_bin_outcome_throws_error"/>
  </testsuite>
  <testsuite name="outcome_surv_exponential" timestamp="2023-10-17T23:02:02Z" hostname="8dd82b1de139" tests="12" skipped="0" failures="0" errors="0" time="0.134">
    <testcase time="0.021000000000015" classname="outcome_surv_exponential" name="Exponential_survival_distributions_are_rendering_correctly"/>
    <testcase time="0.00599999999997181" classname="outcome_surv_exponential" name="Exponential_survival_distributions_are_rendering_correctly"/>
    <testcase time="0.007000000000005" classname="outcome_surv_exponential" name="Exponential_survival_distributions_are_rendering_correctly"/>
    <testcase time="0.00999999999999091" classname="outcome_surv_exponential" name="Exponential_survival_distributions_are_rendering_correctly"/>
    <testcase time="0.0200000000000387" classname="outcome_surv_exponential" name="get_vars_works_for_OutcomeSurvExponential"/>
    <testcase time="0.00999999999999091" classname="outcome_surv_exponential" name="get_vars_works_for_OutcomeSurvExponential"/>
    <testcase time="0.01400000000001" classname="outcome_surv_exponential" name="outcome_surv_exponential_works_with_weights"/>
    <testcase time="0.00799999999998136" classname="outcome_surv_exponential" name="outcome_surv_exponential_works_with_weights"/>
    <testcase time="0.0029999999999859" classname="outcome_surv_exponential" name="outcome_surv_exponential_works_with_weights"/>
    <testcase time="0.0029999999999859" classname="outcome_surv_exponential" name="outcome_surv_exponential_works_with_weights"/>
    <testcase time="0.021000000000015" classname="outcome_surv_exponential" name="exp_surv_dist_throws_error"/>
    <testcase time="0.0110000000000241" classname="outcome_surv_exponential" name="exp_surv_dist_throws_error"/>
  </testsuite>
  <testsuite name="outcome_surv_weibull_ph" timestamp="2023-10-17T23:02:02Z" hostname="8dd82b1de139" tests="12" skipped="0" failures="0" errors="0" time="0.144">
    <testcase time="0.0219999999999914" classname="outcome_surv_weibull_ph" name="Weibull_survival_distributions_are_rendering_correctly"/>
    <testcase time="0.00799999999998136" classname="outcome_surv_weibull_ph" name="Weibull_survival_distributions_are_rendering_correctly"/>
    <testcase time="0.0080000000000382" classname="outcome_surv_weibull_ph" name="Weibull_survival_distributions_are_rendering_correctly"/>
    <testcase time="0.00999999999999091" classname="outcome_surv_weibull_ph" name="Weibull_survival_distributions_are_rendering_correctly"/>
    <testcase time="0.0299999999999727" classname="outcome_surv_weibull_ph" name="get_vars_works_for_OutcomeSurvWeibullPH"/>
    <testcase time="0.00999999999999091" classname="outcome_surv_weibull_ph" name="get_vars_works_for_OutcomeSurvWeibullPH"/>
    <testcase time="0.0160000000000196" classname="outcome_surv_weibull_ph" name="outcome_surv_weibull_ph_works_with_weights"/>
    <testcase time="0.007000000000005" classname="outcome_surv_weibull_ph" name="outcome_surv_weibull_ph_works_with_weights"/>
    <testcase time="0.0029999999999859" classname="outcome_surv_weibull_ph" name="outcome_surv_weibull_ph_works_with_weights"/>
    <testcase time="0.00200000000000955" classname="outcome_surv_weibull_ph" name="outcome_surv_weibull_ph_works_with_weights"/>
    <testcase time="0.0179999999999723" classname="outcome_surv_weibull_ph" name="weib_ph_surv_dist_throws_error"/>
    <testcase time="0.0100000000000477" classname="outcome_surv_weibull_ph" name="weib_ph_surv_dist_throws_error"/>
  </testsuite>
  <testsuite name="poisson_prior" timestamp="2023-10-17T23:02:02Z" hostname="8dd82b1de139" tests="7" skipped="2" failures="0" errors="0" time="0.125">
    <testcase time="0.0190000000000055" classname="poisson_prior" name="Poisson_priors_are_rendering_correctly"/>
    <testcase time="0.00599999999997181" classname="poisson_prior" name="Poisson_priors_are_rendering_correctly"/>
    <testcase time="0.00799999999998136" classname="poisson_prior" name="Poisson_priors_are_rendering_correctly"/>
    <testcase time="0.0120000000000005" classname="poisson_prior" name="Poisson_priors_are_rendering_correctly"/>
    <testcase time="0.0160000000000196" classname="poisson_prior" name="show_works_for_PoissonPrior">
      <skipped message="Reason: On CRAN ('test-poisson_prior.R:19:3')"/>
    </testcase>
    <testcase time="0.0319999999999823" classname="poisson_prior" name="plot_works_for_PoissonPrior">
      <skipped message="Reason: On CRAN ('test-poisson_prior.R:23:3')"/>
    </testcase>
    <testcase time="0.0320000000000391" classname="poisson_prior" name="constraints_work_for_PoissonPrior"/>
  </testsuite>
  <testsuite name="prepare_stan_data_inputs" timestamp="2023-10-17T23:02:02Z" hostname="8dd82b1de139" tests="15" skipped="0" failures="0" errors="0" time="0.168">
    <testcase time="0.0199999999999818" classname="prepare_stan_data_inputs" name="prepare_stan_data_inputs_works_with_exponential_survival_and_full_borrowing"/>
    <testcase time="0.007000000000005" classname="prepare_stan_data_inputs" name="prepare_stan_data_inputs_works_with_exponential_survival_and_full_borrowing"/>
    <testcase time="0.0160000000000196" classname="prepare_stan_data_inputs" name="prepare_stan_data_inputs_works_with_exponential_survival_and_BDB"/>
    <testcase time="0.00699999999994816" classname="prepare_stan_data_inputs" name="prepare_stan_data_inputs_works_with_exponential_survival_and_BDB"/>
    <testcase time="0.0180000000000291" classname="prepare_stan_data_inputs" name="prepare_stan_data_inputs_works_with_weibull_survival_and_BDB_and_covariates"/>
    <testcase time="0.007000000000005" classname="prepare_stan_data_inputs" name="prepare_stan_data_inputs_works_with_weibull_survival_and_BDB_and_covariates"/>
    <testcase time="0.0169999999999959" classname="prepare_stan_data_inputs" name="prepare_stan_data_inputs_works_with_binary_outcome_and_BDB_and_covariates"/>
    <testcase time="0.007000000000005" classname="prepare_stan_data_inputs" name="prepare_stan_data_inputs_works_with_binary_outcome_and_BDB_and_covariates"/>
    <testcase time="0.0169999999999959" classname="prepare_stan_data_inputs" name="prepare_stan_data_inputs_returns_correct_matrix_dimensions_for_X"/>
    <testcase time="0.007000000000005" classname="prepare_stan_data_inputs" name="prepare_stan_data_inputs_returns_correct_matrix_dimensions_for_X"/>
    <testcase time="0.00799999999998136" classname="prepare_stan_data_inputs" name="prepare_stan_data_inputs_returns_correct_matrix_dimensions_for_X"/>
    <testcase time="0.00799999999998136" classname="prepare_stan_data_inputs" name="prepare_stan_data_inputs_returns_correct_matrix_dimensions_for_X"/>
    <testcase time="0.01400000000001" classname="prepare_stan_data_inputs" name="prepare_stan_data_inputs_works_with_weights"/>
    <testcase time="0.007000000000005" classname="prepare_stan_data_inputs" name="prepare_stan_data_inputs_works_with_weights"/>
    <testcase time="0.0080000000000382" classname="prepare_stan_data_inputs" name="prepare_stan_data_inputs_works_with_weights"/>
  </testsuite>
  <testsuite name="sim_borrowing_list" timestamp="2023-10-17T23:02:02Z" hostname="8dd82b1de139" tests="13" skipped="0" failures="0" errors="0" time="0.162">
    <testcase time="0.0259999999999536" classname="sim_borrowing_list" name="Incorrect_inputs_lead_to_errors"/>
    <testcase time="0.0120000000000005" classname="sim_borrowing_list" name="Incorrect_inputs_lead_to_errors"/>
    <testcase time="0.0130000000000337" classname="sim_borrowing_list" name="Incorrect_inputs_lead_to_errors"/>
    <testcase time="0.01400000000001" classname="sim_borrowing_list" name="Incorrect_inputs_lead_to_errors"/>
    <testcase time="0.01400000000001" classname="sim_borrowing_list" name="Incorrect_inputs_lead_to_errors"/>
    <testcase time="0.0129999999999768" classname="sim_borrowing_list" name="Correct_inputs_successfully_produce_SimBorrowingList_"/>
    <testcase time="0.0200000000000387" classname="sim_borrowing_list" name="Borrowing_guide_is_produced_correctly"/>
    <testcase time="0.00199999999995271" classname="sim_borrowing_list" name="Borrowing_guide_is_produced_correctly"/>
    <testcase time="0.01400000000001" classname="sim_borrowing_list" name="Borrowing_guide_is_produced_correctly"/>
    <testcase time="0.00900000000001455" classname="sim_borrowing_list" name="Borrowing_guide_is_produced_correctly"/>
    <testcase time="0.00200000000000955" classname="sim_borrowing_list" name="Borrowing_guide_is_produced_correctly"/>
    <testcase time="0.00599999999997181" classname="sim_borrowing_list" name="Borrowing_guide_is_produced_correctly"/>
    <testcase time="0.0169999999999959" classname="sim_borrowing_list" name="get_vars_for_sim_borrowing_list_works"/>
  </testsuite>
  <testsuite name="sim_covariate_list" timestamp="2023-10-17T23:02:03Z" hostname="8dd82b1de139" tests="13" skipped="0" failures="0" errors="0" time="0.146">
    <testcase time="0.0260000000000105" classname="sim_covariate_list" name="Incorrect_inputs_lead_to_errors"/>
    <testcase time="0.0120000000000005" classname="sim_covariate_list" name="Incorrect_inputs_lead_to_errors"/>
    <testcase time="0.0130000000000337" classname="sim_covariate_list" name="Incorrect_inputs_lead_to_errors"/>
    <testcase time="0.0129999999999768" classname="sim_covariate_list" name="Incorrect_inputs_lead_to_errors"/>
    <testcase time="0.0120000000000005" classname="sim_covariate_list" name="Incorrect_inputs_lead_to_errors"/>
    <testcase time="0.0120000000000005" classname="sim_covariate_list" name="Correct_inputs_successfully_produce_SimCovariateList_"/>
    <testcase time="0.0160000000000196" classname="sim_covariate_list" name="Covariate_guide_is_produced_correctly"/>
    <testcase time="0.0029999999999859" classname="sim_covariate_list" name="Covariate_guide_is_produced_correctly"/>
    <testcase time="0.00600000000002865" classname="sim_covariate_list" name="Covariate_guide_is_produced_correctly"/>
    <testcase time="0.00900000000001455" classname="sim_covariate_list" name="Covariate_guide_is_produced_correctly"/>
    <testcase time="0.00199999999995271" classname="sim_covariate_list" name="Covariate_guide_is_produced_correctly"/>
    <testcase time="0.00600000000002865" classname="sim_covariate_list" name="Covariate_guide_is_produced_correctly"/>
    <testcase time="0.0160000000000196" classname="sim_covariate_list" name="get_vars_for_sim_covariate_list_works"/>
  </testsuite>
  <testsuite name="sim_covariates" timestamp="2023-10-17T23:02:03Z" hostname="8dd82b1de139" tests="108" skipped="0" failures="0" errors="0" time="0.376">
    <testcase time="0.0159999999999627" classname="sim_covariates" name="SimCovariates_objects_created_correctly"/>
    <testcase time="0.00200000000000955" classname="sim_covariates" name="SimCovariates_objects_created_correctly"/>
    <testcase time="0.00200000000000955" classname="sim_covariates" name="SimCovariates_objects_created_correctly"/>
    <testcase time="0.00200000000000955" classname="sim_covariates" name="SimCovariates_objects_created_correctly"/>
    <testcase time="0.0029999999999859" classname="sim_covariates" name="SimCovariates_objects_created_correctly"/>
    <testcase time="0.00200000000000955" classname="sim_covariates" name="SimCovariates_objects_created_correctly"/>
    <testcase time="0.00200000000000955" classname="sim_covariates" name="SimCovariates_objects_created_correctly"/>
    <testcase time="0.00199999999995271" classname="sim_covariates" name="SimCovariates_objects_created_correctly"/>
    <testcase time="0.00200000000000955" classname="sim_covariates" name="SimCovariates_objects_created_correctly"/>
    <testcase time="0.00200000000000955" classname="sim_covariates" name="SimCovariates_objects_created_correctly"/>
    <testcase time="0.00999999999999091" classname="sim_covariates" name="SimCovariates_objects_created_correctly"/>
    <testcase time="0.00200000000000955" classname="sim_covariates" name="SimCovariates_objects_created_correctly"/>
    <testcase time="0.00200000000000955" classname="sim_covariates" name="SimCovariates_objects_created_correctly"/>
    <testcase time="0.00200000000000955" classname="sim_covariates" name="SimCovariates_objects_created_correctly"/>
    <testcase time="0.00200000000000955" classname="sim_covariates" name="SimCovariates_objects_created_correctly"/>
    <testcase time="0.00199999999995271" classname="sim_covariates" name="SimCovariates_objects_created_correctly"/>
    <testcase time="0.00200000000000955" classname="sim_covariates" name="SimCovariates_objects_created_correctly"/>
    <testcase time="0.00200000000000955" classname="sim_covariates" name="SimCovariates_objects_created_correctly"/>
    <testcase time="0.00200000000000955" classname="sim_covariates" name="SimCovariates_objects_created_correctly"/>
    <testcase time="0.00200000000000955" classname="sim_covariates" name="SimCovariates_objects_created_correctly"/>
    <testcase time="0.00200000000000955" classname="sim_covariates" name="SimCovariates_objects_created_correctly"/>
    <testcase time="0.0029999999999859" classname="sim_covariates" name="SimCovariates_objects_created_correctly"/>
    <testcase time="0.00200000000000955" classname="sim_covariates" name="SimCovariates_objects_created_correctly"/>
    <testcase time="0.00199999999995271" classname="sim_covariates" name="SimCovariates_objects_created_correctly"/>
    <testcase time="0.00200000000000955" classname="sim_covariates" name="SimCovariates_objects_created_correctly"/>
    <testcase time="0.00200000000000955" classname="sim_covariates" name="SimCovariates_objects_created_correctly"/>
    <testcase time="0.00200000000000955" classname="sim_covariates" name="SimCovariates_objects_created_correctly"/>
    <testcase time="0.0029999999999859" classname="sim_covariates" name="SimCovariates_objects_created_correctly"/>
    <testcase time="0.00200000000000955" classname="sim_covariates" name="SimCovariates_objects_created_correctly"/>
    <testcase time="0.00200000000000955" classname="sim_covariates" name="SimCovariates_objects_created_correctly"/>
    <testcase time="0.00200000000000955" classname="sim_covariates" name="SimCovariates_objects_created_correctly"/>
    <testcase time="0.00200000000000955" classname="sim_covariates" name="SimCovariates_objects_created_correctly"/>
    <testcase time="0.00199999999995271" classname="sim_covariates" name="SimCovariates_objects_created_correctly"/>
    <testcase time="0.00200000000000955" classname="sim_covariates" name="SimCovariates_objects_created_correctly"/>
    <testcase time="0.00199999999995271" classname="sim_covariates" name="SimCovariates_objects_created_correctly"/>
    <testcase time="0.00200000000000955" classname="sim_covariates" name="SimCovariates_objects_created_correctly"/>
    <testcase time="0.00200000000000955" classname="sim_covariates" name="SimCovariates_objects_created_correctly"/>
    <testcase time="0.00499999999999545" classname="sim_covariates" name="SimCovariates_objects_created_correctly"/>
    <testcase time="0.0110000000000241" classname="sim_covariates" name="Invalid_sim_covariate_covariates_inputs_are_caught"/>
    <testcase time="0.00200000000000955" classname="sim_covariates" name="Invalid_sim_covariate_covariates_inputs_are_caught"/>
    <testcase time="0.00200000000000955" classname="sim_covariates" name="Invalid_sim_covariate_covariates_inputs_are_caught"/>
    <testcase time="0.00200000000000955" classname="sim_covariates" name="Invalid_sim_covariate_covariates_inputs_are_caught"/>
    <testcase time="0.0029999999999859" classname="sim_covariates" name="Invalid_sim_covariate_covariates_inputs_are_caught"/>
    <testcase time="0.00200000000000955" classname="sim_covariates" name="Invalid_sim_covariate_covariates_inputs_are_caught"/>
    <testcase time="0.0029999999999859" classname="sim_covariates" name="Invalid_sim_covariate_covariates_inputs_are_caught"/>
    <testcase time="0.00200000000000955" classname="sim_covariates" name="Invalid_sim_covariate_covariates_inputs_are_caught"/>
    <testcase time="0.0029999999999859" classname="sim_covariates" name="Invalid_sim_covariate_covariates_inputs_are_caught"/>
    <testcase time="0.00200000000000955" classname="sim_covariates" name="Invalid_sim_covariate_covariates_inputs_are_caught"/>
    <testcase time="0.0120000000000005" classname="sim_covariates" name="Invalid_sim_covariate_covariates_inputs_are_caught"/>
    <testcase time="0.0040000000000191" classname="sim_covariates" name="Invalid_sim_covariate_covariates_inputs_are_caught"/>
    <testcase time="0.00199999999995271" classname="sim_covariates" name="Invalid_sim_covariate_covariates_inputs_are_caught"/>
    <testcase time="0.00300000000004275" classname="sim_covariates" name="Invalid_sim_covariate_covariates_inputs_are_caught"/>
    <testcase time="0.00199999999995271" classname="sim_covariates" name="Invalid_sim_covariate_covariates_inputs_are_caught"/>
    <testcase time="0.00300000000004275" classname="sim_covariates" name="Invalid_sim_covariate_covariates_inputs_are_caught"/>
    <testcase time="0.0029999999999859" classname="sim_covariates" name="Invalid_sim_covariate_covariates_inputs_are_caught"/>
    <testcase time="0.00200000000000955" classname="sim_covariates" name="Invalid_sim_covariate_covariates_inputs_are_caught"/>
    <testcase time="0.00200000000000955" classname="sim_covariates" name="Invalid_sim_covariate_covariates_inputs_are_caught"/>
    <testcase time="0.0029999999999859" classname="sim_covariates" name="Invalid_sim_covariate_covariates_inputs_are_caught"/>
    <testcase time="0.00200000000000955" classname="sim_covariates" name="Invalid_sim_covariate_covariates_inputs_are_caught"/>
    <testcase time="0.0120000000000005" classname="sim_covariates" name="Invalid_sim_covariate_covariates_inputs_are_caught"/>
    <testcase time="0.00399999999996226" classname="sim_covariates" name="Invalid_sim_covariate_covariates_inputs_are_caught"/>
    <testcase time="0.00200000000000955" classname="sim_covariates" name="Invalid_sim_covariate_covariates_inputs_are_caught"/>
    <testcase time="0.00200000000000955" classname="sim_covariates" name="Invalid_sim_covariate_covariates_inputs_are_caught"/>
    <testcase time="0.0029999999999859" classname="sim_covariates" name="Invalid_sim_covariate_covariates_inputs_are_caught"/>
    <testcase time="0.00200000000000955" classname="sim_covariates" name="Invalid_sim_covariate_covariates_inputs_are_caught"/>
    <testcase time="0.00199999999995271" classname="sim_covariates" name="Invalid_sim_covariate_covariates_inputs_are_caught"/>
    <testcase time="0.00200000000000955" classname="sim_covariates" name="Invalid_sim_covariate_covariates_inputs_are_caught"/>
    <testcase time="0.0029999999999859" classname="sim_covariates" name="Invalid_sim_covariate_covariates_inputs_are_caught"/>
    <testcase time="0.00200000000000955" classname="sim_covariates" name="Invalid_sim_covariate_covariates_inputs_are_caught"/>
    <testcase time="0.00300000000004275" classname="sim_covariates" name="Invalid_sim_covariate_covariates_inputs_are_caught"/>
    <testcase time="0.0129999999999768" classname="sim_covariates" name="Invalid_sim_covariate_covariates_inputs_are_caught"/>
    <testcase time="0.0120000000000005" classname="sim_covariates" name="Invalid_sim_covariate_matrix_inputs_are_caught"/>
    <testcase time="0.0029999999999859" classname="sim_covariates" name="Invalid_sim_covariate_matrix_inputs_are_caught"/>
    <testcase time="0.00200000000000955" classname="sim_covariates" name="Invalid_sim_covariate_matrix_inputs_are_caught"/>
    <testcase time="0.0029999999999859" classname="sim_covariates" name="Invalid_sim_covariate_matrix_inputs_are_caught"/>
    <testcase time="0.00300000000004275" classname="sim_covariates" name="Invalid_sim_covariate_matrix_inputs_are_caught"/>
    <testcase time="0.00199999999995271" classname="sim_covariates" name="Invalid_sim_covariate_matrix_inputs_are_caught"/>
    <testcase time="0.00300000000004275" classname="sim_covariates" name="Invalid_sim_covariate_matrix_inputs_are_caught"/>
    <testcase time="0.00199999999995271" classname="sim_covariates" name="Invalid_sim_covariate_matrix_inputs_are_caught"/>
    <testcase time="0.00300000000004275" classname="sim_covariates" name="Invalid_sim_covariate_matrix_inputs_are_caught"/>
    <testcase time="0.0029999999999859" classname="sim_covariates" name="Invalid_sim_covariate_matrix_inputs_are_caught"/>
    <testcase time="0.0120000000000005" classname="sim_covariates" name="Invalid_sim_covariate_matrix_inputs_are_caught"/>
    <testcase time="0.0040000000000191" classname="sim_covariates" name="Invalid_sim_covariate_matrix_inputs_are_caught"/>
    <testcase time="0.0029999999999859" classname="sim_covariates" name="Invalid_sim_covariate_matrix_inputs_are_caught"/>
    <testcase time="0.0029999999999859" classname="sim_covariates" name="Invalid_sim_covariate_matrix_inputs_are_caught"/>
    <testcase time="0.0110000000000241" classname="sim_covariates" name="Invalid_sim_covariate_matrix_inputs_are_caught"/>
    <testcase time="0.00399999999996226" classname="sim_covariates" name="Invalid_sim_covariate_matrix_inputs_are_caught"/>
    <testcase time="0.00200000000000955" classname="sim_covariates" name="Invalid_sim_covariate_matrix_inputs_are_caught"/>
    <testcase time="0.0029999999999859" classname="sim_covariates" name="Invalid_sim_covariate_matrix_inputs_are_caught"/>
    <testcase time="0.00200000000000955" classname="sim_covariates" name="Invalid_sim_covariate_matrix_inputs_are_caught"/>
    <testcase time="0.00199999999995271" classname="sim_covariates" name="Invalid_sim_covariate_matrix_inputs_are_caught"/>
    <testcase time="0.0040000000000191" classname="sim_covariates" name="Invalid_sim_covariate_matrix_inputs_are_caught"/>
    <testcase time="0.01400000000001" classname="sim_covariates" name="Invalid_sim_covariate_matrix_inputs_are_caught"/>
    <testcase time="0.0040000000000191" classname="sim_covariates" name="Invalid_sim_covariate_matrix_inputs_are_caught"/>
    <testcase time="0.00199999999995271" classname="sim_covariates" name="Invalid_sim_covariate_matrix_inputs_are_caught"/>
    <testcase time="0.00300000000004275" classname="sim_covariates" name="Invalid_sim_covariate_matrix_inputs_are_caught"/>
    <testcase time="0.0029999999999859" classname="sim_covariates" name="Invalid_sim_covariate_matrix_inputs_are_caught"/>
    <testcase time="0.0029999999999859" classname="sim_covariates" name="Invalid_sim_covariate_matrix_inputs_are_caught"/>
    <testcase time="0.00200000000000955" classname="sim_covariates" name="Invalid_sim_covariate_matrix_inputs_are_caught"/>
    <testcase time="0.0029999999999859" classname="sim_covariates" name="Invalid_sim_covariate_matrix_inputs_are_caught"/>
    <testcase time="0.00200000000000955" classname="sim_covariates" name="Invalid_sim_covariate_matrix_inputs_are_caught"/>
    <testcase time="0.0029999999999859" classname="sim_covariates" name="Invalid_sim_covariate_matrix_inputs_are_caught"/>
    <testcase time="0.00200000000000955" classname="sim_covariates" name="Invalid_sim_covariate_matrix_inputs_are_caught"/>
    <testcase time="0.0029999999999859" classname="sim_covariates" name="Invalid_sim_covariate_matrix_inputs_are_caught"/>
    <testcase time="0.00300000000004275" classname="sim_covariates" name="Invalid_sim_covariate_matrix_inputs_are_caught"/>
    <testcase time="0.00200000000000955" classname="sim_covariates" name="Invalid_sim_covariate_matrix_inputs_are_caught"/>
    <testcase time="0.0029999999999859" classname="sim_covariates" name="Invalid_sim_covariate_matrix_inputs_are_caught"/>
    <testcase time="0.01400000000001" classname="sim_covariates" name="Invalid_sim_covariate_matrix_inputs_are_caught"/>
  </testsuite>
  <testsuite name="sim_data_list" timestamp="2023-10-17T23:02:03Z" hostname="8dd82b1de139" tests="11" skipped="0" failures="0" errors="0" time="0.159">
    <testcase time="0.0279999999999632" classname="sim_data_list" name="Incorrect_inputs_lead_to_errors"/>
    <testcase time="0.01400000000001" classname="sim_data_list" name="Incorrect_inputs_lead_to_errors"/>
    <testcase time="0.0129999999999768" classname="sim_data_list" name="Incorrect_inputs_lead_to_errors"/>
    <testcase time="0.0130000000000337" classname="sim_data_list" name="Incorrect_inputs_lead_to_errors"/>
    <testcase time="0.0129999999999768" classname="sim_data_list" name="Incorrect_inputs_lead_to_errors"/>
    <testcase time="0.0120000000000005" classname="sim_data_list" name="Incorrect_inputs_lead_to_errors"/>
    <testcase time="0.0120000000000005" classname="sim_data_list" name="Incorrect_inputs_lead_to_errors"/>
    <testcase time="0.0120000000000005" classname="sim_data_list" name="Incorrect_inputs_lead_to_errors"/>
    <testcase time="0.0120000000000005" classname="sim_data_list" name="Incorrect_inputs_lead_to_errors"/>
    <testcase time="0.0129999999999768" classname="sim_data_list" name="Correct_inputs_successfully_produce_SimDataList_"/>
    <testcase time="0.0169999999999959" classname="sim_data_list" name="N_datasets_per_param_is_correct"/>
  </testsuite>
  <testsuite name="sim_outcome_list" timestamp="2023-10-17T23:02:03Z" hostname="8dd82b1de139" tests="13" skipped="0" failures="0" errors="0" time="0.174">
    <testcase time="0.02800000000002" classname="sim_outcome_list" name="Incorrect_inputs_lead_to_errors"/>
    <testcase time="0.0120000000000005" classname="sim_outcome_list" name="Incorrect_inputs_lead_to_errors"/>
    <testcase time="0.01400000000001" classname="sim_outcome_list" name="Incorrect_inputs_lead_to_errors"/>
    <testcase time="0.0169999999999959" classname="sim_outcome_list" name="Incorrect_inputs_lead_to_errors"/>
    <testcase time="0.0159999999999627" classname="sim_outcome_list" name="Incorrect_inputs_lead_to_errors"/>
    <testcase time="0.0160000000000196" classname="sim_outcome_list" name="Correct_inputs_successfully_produce_SimOutcomeList_"/>
    <testcase time="0.021000000000015" classname="sim_outcome_list" name="Outcome_guide_is_produced_correctly"/>
    <testcase time="0.00200000000000955" classname="sim_outcome_list" name="Outcome_guide_is_produced_correctly"/>
    <testcase time="0.00599999999997181" classname="sim_outcome_list" name="Outcome_guide_is_produced_correctly"/>
    <testcase time="0.01400000000001" classname="sim_outcome_list" name="Outcome_guide_is_produced_correctly"/>
    <testcase time="0.00200000000000955" classname="sim_outcome_list" name="Outcome_guide_is_produced_correctly"/>
    <testcase time="0.00599999999997181" classname="sim_outcome_list" name="Outcome_guide_is_produced_correctly"/>
    <testcase time="0.0200000000000387" classname="sim_outcome_list" name="get_vars_for_sim_outcome_list_works"/>
  </testsuite>
  <testsuite name="sim_samplesize" timestamp="2023-10-17T23:02:04Z" hostname="8dd82b1de139" tests="9" skipped="0" failures="0" errors="0" time="0.111">
    <testcase time="0.0229999999999677" classname="sim_samplesize" name="sim_samplesize_is_catching_incorrect_inputs"/>
    <testcase time="0.00900000000001455" classname="sim_samplesize" name="sim_samplesize_is_catching_incorrect_inputs"/>
    <testcase time="0.021000000000015" classname="sim_samplesize" name="sim_samplesize_is_catching_incorrect_inputs"/>
    <testcase time="0.0109999999999673" classname="sim_samplesize" name="sim_samplesize_is_catching_incorrect_inputs"/>
    <testcase time="0.0130000000000337" classname="sim_samplesize" name="sim_samplesize_is_catching_incorrect_inputs"/>
    <testcase time="0.0120000000000005" classname="sim_samplesize" name="sim_samplesize_is_producing_the_correct_counts"/>
    <testcase time="0.00699999999994816" classname="sim_samplesize" name="sim_samplesize_is_producing_the_correct_counts"/>
    <testcase time="0.0080000000000382" classname="sim_samplesize" name="sim_samplesize_is_producing_the_correct_counts"/>
    <testcase time="0.007000000000005" classname="sim_samplesize" name="sim_samplesize_is_producing_the_correct_counts"/>
  </testsuite>
  <testsuite name="sim_treatment_list" timestamp="2023-10-17T23:02:04Z" hostname="8dd82b1de139" tests="13" skipped="0" failures="0" errors="0" time="0.155">
    <testcase time="0.0269999999999868" classname="sim_treatment_list" name="Incorrect_inputs_lead_to_errors"/>
    <testcase time="0.0120000000000005" classname="sim_treatment_list" name="Incorrect_inputs_lead_to_errors"/>
    <testcase time="0.0129999999999768" classname="sim_treatment_list" name="Incorrect_inputs_lead_to_errors"/>
    <testcase time="0.01400000000001" classname="sim_treatment_list" name="Incorrect_inputs_lead_to_errors"/>
    <testcase time="0.01400000000001" classname="sim_treatment_list" name="Incorrect_inputs_lead_to_errors"/>
    <testcase time="0.0129999999999768" classname="sim_treatment_list" name="Correct_inputs_successfully_produce_SimTreatmentList_"/>
    <testcase time="0.0169999999999959" classname="sim_treatment_list" name="Treatment_guide_is_produced_correctly"/>
    <testcase time="0.00200000000000955" classname="sim_treatment_list" name="Treatment_guide_is_produced_correctly"/>
    <testcase time="0.007000000000005" classname="sim_treatment_list" name="Treatment_guide_is_produced_correctly"/>
    <testcase time="0.00999999999999091" classname="sim_treatment_list" name="Treatment_guide_is_produced_correctly"/>
    <testcase time="0.00200000000000955" classname="sim_treatment_list" name="Treatment_guide_is_produced_correctly"/>
    <testcase time="0.007000000000005" classname="sim_treatment_list" name="Treatment_guide_is_produced_correctly"/>
    <testcase time="0.0169999999999959" classname="sim_treatment_list" name="get_vars_for_sim_treatment_list_works"/>
  </testsuite>
  <testsuite name="simulate_data" timestamp="2023-10-17T23:02:04Z" hostname="8dd82b1de139" tests="5" skipped="0" failures="0" errors="0" time="0.089">
    <testcase time="0.021000000000015" classname="simulate_data" name="covariance_matrix_works"/>
    <testcase time="0.0299999999999727" classname="simulate_data" name="covariance_matrix_finds_positive_definite_matrices"/>
    <testcase time="0.0100000000000477" classname="simulate_data" name="covariance_matrix_finds_positive_definite_matrices"/>
    <testcase time="0.0179999999999723" classname="simulate_data" name="covariance_matrix_fails_with_incompatible_arguments"/>
    <testcase time="0.00999999999999091" classname="simulate_data" name="covariance_matrix_fails_with_incompatible_arguments"/>
  </testsuite>
  <testsuite name="simvar_class" timestamp="2023-10-17T23:02:04Z" hostname="8dd82b1de139" tests="18" skipped="0" failures="0" errors="0" time="0.095">
    <testcase time="0.0180000000000291" classname="simvar_class" name="cont_var_functions_correctly"/>
    <testcase time="0.00200000000000955" classname="simvar_class" name="cont_var_functions_correctly"/>
    <testcase time="0.00199999999995271" classname="simvar_class" name="cont_var_functions_correctly"/>
    <testcase time="0.0100000000000477" classname="simvar_class" name="cont_var_functions_correctly"/>
    <testcase time="0.00199999999995271" classname="simvar_class" name="cont_var_functions_correctly"/>
    <testcase time="0.0100000000000477" classname="simvar_class" name="cont_var_functions_correctly"/>
    <testcase time="0.0109999999999673" classname="simvar_class" name="bin_var_functions_correctly"/>
    <testcase time="0.00200000000000955" classname="simvar_class" name="bin_var_functions_correctly"/>
    <testcase time="0.00200000000000955" classname="simvar_class" name="bin_var_functions_correctly"/>
    <testcase time="0.00200000000000955" classname="simvar_class" name="bin_var_functions_correctly"/>
    <testcase time="0.00199999999995271" classname="simvar_class" name="bin_var_functions_correctly"/>
    <testcase time="0.00300000000004275" classname="simvar_class" name="bin_var_functions_correctly"/>
    <testcase time="0.00199999999995271" classname="simvar_class" name="bin_var_functions_correctly"/>
    <testcase time="0.00200000000000955" classname="simvar_class" name="bin_var_functions_correctly"/>
    <testcase time="0.00200000000000955" classname="simvar_class" name="bin_var_functions_correctly"/>
    <testcase time="0.0120000000000005" classname="simvar_class" name="bin_var_functions_correctly"/>
    <testcase time="0.00200000000000955" classname="simvar_class" name="bin_var_functions_correctly"/>
    <testcase time="0.00900000000001455" classname="simvar_class" name="bin_var_functions_correctly"/>
  </testsuite>
  <testsuite name="treatment_details" timestamp="2023-10-17T23:02:04Z" hostname="8dd82b1de139" tests="5" skipped="0" failures="0" errors="0" time="0.064">
    <testcase time="0.0190000000000055" classname="treatment_details" name="treatment_details_works_when_inputs_are_correct"/>
    <testcase time="0.00199999999995271" classname="treatment_details" name="treatment_details_works_when_inputs_are_correct"/>
    <testcase time="0.0180000000000291" classname="treatment_details" name="treatment_details_fails_fails_for_invalid_prior_and_flag_specification"/>
    <testcase time="0.00900000000001455" classname="treatment_details" name="treatment_details_fails_fails_for_invalid_prior_and_flag_specification"/>
    <testcase time="0.0159999999999627" classname="treatment_details" name="get_vars_works_for_treatment_details"/>
  </testsuite>
  <testsuite name="trim_data_matrix" timestamp="2023-10-17T23:02:04Z" hostname="8dd82b1de139" tests="6" skipped="0" failures="0" errors="0" time="0.064">
    <testcase time="0.021000000000015" classname="trim_data_matrix" name="data_matrix_trimming_works_with_BDB"/>
    <testcase time="0.00200000000000955" classname="trim_data_matrix" name="data_matrix_trimming_works_with_BDB"/>
    <testcase time="0.0219999999999914" classname="trim_data_matrix" name="data_matrix_trimming_works_with_Full_Borrowing"/>
    <testcase time="0.00200000000000955" classname="trim_data_matrix" name="data_matrix_trimming_works_with_Full_Borrowing"/>
    <testcase time="0.0149999999999864" classname="trim_data_matrix" name="data_matrix_trimming_works_with_No_Borrowing"/>
    <testcase time="0.00200000000000955" classname="trim_data_matrix" name="data_matrix_trimming_works_with_No_Borrowing"/>
  </testsuite>
  <testsuite name="uniform_prior" timestamp="2023-10-17T23:02:04Z" hostname="8dd82b1de139" tests="9" skipped="2" failures="0" errors="0" time="0.138">
    <testcase time="0.0169999999999959" classname="uniform_prior" name="Uniform_priors_are_rendering_correctly"/>
    <testcase time="0.00600000000002865" classname="uniform_prior" name="Uniform_priors_are_rendering_correctly"/>
    <testcase time="0.00599999999997181" classname="uniform_prior" name="Uniform_priors_are_rendering_correctly"/>
    <testcase time="0.00600000000002865" classname="uniform_prior" name="Uniform_priors_are_rendering_correctly"/>
    <testcase time="0.00699999999994816" classname="uniform_prior" name="Uniform_priors_are_rendering_correctly"/>
    <testcase time="0.0130000000000337" classname="uniform_prior" name="Uniform_priors_are_rendering_correctly"/>
    <testcase time="0.0149999999999864" classname="uniform_prior" name="show_works_for_UniformPrior">
      <skipped message="Reason: On CRAN ('test-uniform_prior.R:21:3')"/>
    </testcase>
    <testcase time="0.0339999999999918" classname="uniform_prior" name="plot_works_for_UniformPrior">
      <skipped message="Reason: On CRAN ('test-uniform_prior.R:26:3')"/>
    </testcase>
    <testcase time="0.0339999999999918" classname="uniform_prior" name="constraints_work_for_UniformPrior"/>
  </testsuite>
</testsuites>
