<?xml version="1.0" encoding="UTF-8"?>
<testsuites>
  <testsuite name="add_covariates" timestamp="2023-02-20T22:42:36Z" hostname="9548d18323e0" tests="10" skipped="0" failures="0" errors="0" time="0.111">
    <testcase time="0.0179999999999999" classname="add_covariates" name="add_covariates_works_for_list_of_priors"/>
    <testcase time="0.022" classname="add_covariates" name="add_covariates_works_for_list_of_priors"/>
    <testcase time="0.012" classname="add_covariates" name="add_covariates_works_for_a_single_prior"/>
    <testcase time="0.001" classname="add_covariates" name="add_covariates_works_for_a_single_prior"/>
    <testcase time="0.018" classname="add_covariates" name="add_covariates_fails_for_invalid_prior_specification"/>
    <testcase time="0.01" classname="add_covariates" name="add_covariates_fails_for_invalid_prior_specification"/>
    <testcase time="0.00600000000000001" classname="add_covariates" name="add_covariates_fails_for_invalid_prior_specification"/>
    <testcase time="0.00500000000000012" classname="add_covariates" name="add_covariates_fails_for_invalid_prior_specification"/>
    <testcase time="0.00600000000000001" classname="add_covariates" name="add_covariates_fails_for_invalid_prior_specification"/>
    <testcase time="0.0129999999999999" classname="add_covariates" name="get_vars_works_for_Covariates"/>
  </testsuite>
  <testsuite name="analysis_class" timestamp="2023-02-20T22:42:36Z" hostname="9548d18323e0" tests="5" skipped="3" failures="0" errors="0" time="0.172">
    <testcase time="0.0290000000000001" classname="analysis_class" name="get_vars_works_for_Analysis"/>
    <testcase time="0.00299999999999989" classname="analysis_class" name="get_vars_works_for_Analysis"/>
    <testcase time="0.0680000000000001" classname="analysis_class" name="show_works_for_Analysis">
      <skipped message="Reason: On CRAN ('test-analysis_class.R:55')"/>
    </testcase>
    <testcase time="0.036" classname="analysis_class" name="show_works_without_covariates">
      <skipped message="Reason: On CRAN ('test-analysis_class.R:75')"/>
    </testcase>
    <testcase time="0.036" classname="analysis_class" name="show_works_with_no_borrowing">
      <skipped message="Reason: On CRAN ('test-analysis_class.R:96')"/>
    </testcase>
  </testsuite>
  <testsuite name="bernoulli_prior" timestamp="2023-02-20T22:42:36Z" hostname="9548d18323e0" tests="6" skipped="2" failures="0" errors="0" time="0.079">
    <testcase time="0.0249999999999999" classname="bernoulli_prior" name="Bernoulli_priors_are_rendering_correctly"/>
    <testcase time="0.00300000000000011" classname="bernoulli_prior" name="Bernoulli_priors_are_rendering_correctly"/>
    <testcase time="0.0089999999999999" classname="bernoulli_prior" name="Bernoulli_priors_are_rendering_correctly"/>
    <testcase time="0.00600000000000001" classname="bernoulli_prior" name="Bernoulli_priors_are_rendering_correctly"/>
    <testcase time="0.0129999999999999" classname="bernoulli_prior" name="show_works_for_BernoulliPrior">
      <skipped message="Reason: On CRAN ('test-bernoulli_prior.R:19')"/>
    </testcase>
    <testcase time="0.0230000000000001" classname="bernoulli_prior" name="plot_works_for_BernoulliPrior">
      <skipped message="Reason: On CRAN ('test-bernoulli_prior.R:23')"/>
    </testcase>
  </testsuite>
  <testsuite name="beta_prior" timestamp="2023-02-20T22:42:36Z" hostname="9548d18323e0" tests="7" skipped="2" failures="0" errors="0" time="0.088">
    <testcase time="0.018" classname="beta_prior" name="Beta_priors_are_rendering_correctly"/>
    <testcase time="0.004" classname="beta_prior" name="Beta_priors_are_rendering_correctly"/>
    <testcase time="0.004" classname="beta_prior" name="Beta_priors_are_rendering_correctly"/>
    <testcase time="0.004" classname="beta_prior" name="Beta_priors_are_rendering_correctly"/>
    <testcase time="0.034" classname="beta_prior" name="Beta_priors_are_rendering_correctly"/>
    <testcase time="0.0069999999999999" classname="beta_prior" name="show_works_for_BetaPrior">
      <skipped message="Reason: On CRAN ('test-beta_prior.R:20')"/>
    </testcase>
    <testcase time="0.0170000000000001" classname="beta_prior" name="plot_works_for_BetaPrior">
      <skipped message="Reason: On CRAN ('test-beta_prior.R:24')"/>
    </testcase>
  </testsuite>
  <testsuite name="borrowing_details" timestamp="2023-02-20T22:42:36Z" hostname="9548d18323e0" tests="16" skipped="0" failures="0" errors="0" time="0.159">
    <testcase time="0.081" classname="borrowing_details" name="borrowing_details_works_as_expected_for_no_borrowing"/>
    <testcase time="0.004" classname="borrowing_details" name="borrowing_details_works_as_expected_for_no_borrowing"/>
    <testcase time="0.00299999999999989" classname="borrowing_details" name="borrowing_details_works_as_expected_for_no_borrowing"/>
    <testcase time="0.004" classname="borrowing_details" name="borrowing_details_works_as_expected_for_full_borrowing"/>
    <testcase time="0.004" classname="borrowing_details" name="borrowing_details_works_as_expected_for_full_borrowing"/>
    <testcase time="0.00300000000000011" classname="borrowing_details" name="borrowing_details_works_as_expected_for_full_borrowing"/>
    <testcase time="0.00600000000000001" classname="borrowing_details" name="borrowing_details_works_as_expected_for_BDB"/>
    <testcase time="0.00299999999999989" classname="borrowing_details" name="borrowing_details_works_as_expected_for_BDB"/>
    <testcase time="0.00100000000000011" classname="borrowing_details" name="borrowing_details_works_as_expected_for_BDB"/>
    <testcase time="0.00299999999999989" classname="borrowing_details" name="borrowing_details_works_as_expected_for_BDB"/>
    <testcase time="0.00800000000000001" classname="borrowing_details" name="borrowing_details_gives_expected_errors"/>
    <testcase time="0.00600000000000001" classname="borrowing_details" name="borrowing_details_gives_expected_errors"/>
    <testcase time="0.00600000000000001" classname="borrowing_details" name="borrowing_details_gives_expected_errors"/>
    <testcase time="0.0089999999999999" classname="borrowing_details" name="get_vars_works_for_borrowing_details"/>
    <testcase time="0.0110000000000001" classname="borrowing_details" name="borrowing_details_checks_tau_prior_limits"/>
    <testcase time="0.0069999999999999" classname="borrowing_details" name="borrowing_details_checks_tau_prior_limits"/>
  </testsuite>
  <testsuite name="cauchy_prior" timestamp="2023-02-20T22:42:36Z" hostname="9548d18323e0" tests="7" skipped="2" failures="0" errors="0" time="0.058">
    <testcase time="0.01" classname="cauchy_prior" name="Cauchy_priors_are_rendering_correctly"/>
    <testcase time="0.00500000000000012" classname="cauchy_prior" name="Cauchy_priors_are_rendering_correctly"/>
    <testcase time="0.00499999999999989" classname="cauchy_prior" name="Cauchy_priors_are_rendering_correctly"/>
    <testcase time="0.00500000000000012" classname="cauchy_prior" name="Cauchy_priors_are_rendering_correctly"/>
    <testcase time="0.00800000000000001" classname="cauchy_prior" name="Cauchy_priors_are_rendering_correctly"/>
    <testcase time="0.0069999999999999" classname="cauchy_prior" name="show_works_for_CauchyPrior">
      <skipped message="Reason: On CRAN ('test-cauchy_prior.R:20')"/>
    </testcase>
    <testcase time="0.018" classname="cauchy_prior" name="plot_works_for_CauchyPrior">
      <skipped message="Reason: On CRAN ('test-cauchy_prior.R:24')"/>
    </testcase>
  </testsuite>
  <testsuite name="check_data_matrix_has_columns" timestamp="2023-02-20T22:42:36Z" hostname="9548d18323e0" tests="5" skipped="0" failures="0" errors="0" time="0.051">
    <testcase time="0.022" classname="check_data_matrix_has_columns" name="check_data_matrix_catches_errors"/>
    <testcase time="0.00700000000000012" classname="check_data_matrix_has_columns" name="check_data_matrix_catches_errors"/>
    <testcase time="0.01" classname="check_data_matrix_has_columns" name="check_data_matrix_catches_errors"/>
    <testcase time="0.00600000000000001" classname="check_data_matrix_has_columns" name="check_data_matrix_catches_errors"/>
    <testcase time="0.00600000000000001" classname="check_data_matrix_has_columns" name="check_data_matrix_catches_errors"/>
  </testsuite>
  <testsuite name="cmdstan" timestamp="2023-02-20T22:42:36Z" hostname="9548d18323e0" tests="2" skipped="0" failures="0" errors="0" time="10.832">
    <testcase time="10.831" classname="cmdstan" name="check_cmdstanr_runs_as_expected"/>
    <testcase time="0.000999999999999446" classname="cmdstan" name="check_cmdstanr_runs_as_expected"/>
  </testsuite>
  <testsuite name="create_analysis_obj" timestamp="2023-02-20T22:42:47Z" hostname="9548d18323e0" tests="42" skipped="0" failures="0" errors="0" time="214.024">
    <testcase time="0.0229999999999997" classname="create_analysis_obj" name="Inputs_classes_are_correct"/>
    <testcase time="0.00999999999999979" classname="create_analysis_obj" name="Inputs_classes_are_correct"/>
    <testcase time="0.00600000000000023" classname="create_analysis_obj" name="Inputs_classes_are_correct"/>
    <testcase time="0.00500000000000078" classname="create_analysis_obj" name="Inputs_classes_are_correct"/>
    <testcase time="0.00599999999999845" classname="create_analysis_obj" name="Inputs_classes_are_correct"/>
    <testcase time="0.0080000000000009" classname="create_analysis_obj" name="Matrix_should_have_no_missing_data"/>
    <testcase time="0.00900000000000034" classname="create_analysis_obj" name="Columns_in_analysis_obj_should_be_in_matrix"/>
    <testcase time="0.00799999999999912" classname="create_analysis_obj" name="Columns_in_analysis_obj_should_be_in_matrix"/>
    <testcase time="0.0080000000000009" classname="create_analysis_obj" name="Columns_in_analysis_obj_should_be_in_matrix"/>
    <testcase time="0.00600000000000023" classname="create_analysis_obj" name="Columns_in_analysis_obj_should_be_in_matrix"/>
    <testcase time="0.00699999999999967" classname="create_analysis_obj" name="Columns_in_analysis_obj_should_be_in_matrix"/>
    <testcase time="12.793" classname="create_analysis_obj" name="All_allowable_inputs_create_Analysis_object_borrowing_1_outcome_1_covariates_1_"/>
    <testcase time="12.678" classname="create_analysis_obj" name="All_allowable_inputs_create_Analysis_object_borrowing_1_outcome_1_covariates_2_"/>
    <testcase time="8.242" classname="create_analysis_obj" name="All_allowable_inputs_create_Analysis_object_borrowing_1_outcome_1_covariates_3_"/>
    <testcase time="12.823" classname="create_analysis_obj" name="All_allowable_inputs_create_Analysis_object_borrowing_1_outcome_2_covariates_1_"/>
    <testcase time="12.999" classname="create_analysis_obj" name="All_allowable_inputs_create_Analysis_object_borrowing_1_outcome_2_covariates_2_"/>
    <testcase time="8.47300000000001" classname="create_analysis_obj" name="All_allowable_inputs_create_Analysis_object_borrowing_1_outcome_2_covariates_3_"/>
    <testcase time="13.061" classname="create_analysis_obj" name="All_allowable_inputs_create_Analysis_object_borrowing_1_outcome_3_covariates_1_"/>
    <testcase time="12.987" classname="create_analysis_obj" name="All_allowable_inputs_create_Analysis_object_borrowing_1_outcome_3_covariates_2_"/>
    <testcase time="8.65400000000001" classname="create_analysis_obj" name="All_allowable_inputs_create_Analysis_object_borrowing_1_outcome_3_covariates_3_"/>
    <testcase time="0.0210000000000008" classname="create_analysis_obj" name="All_allowable_inputs_create_Analysis_object_borrowing_2_outcome_1_covariates_1_"/>
    <testcase time="0.0219999999999914" classname="create_analysis_obj" name="All_allowable_inputs_create_Analysis_object_borrowing_2_outcome_1_covariates_2_"/>
    <testcase time="0.0210000000000008" classname="create_analysis_obj" name="All_allowable_inputs_create_Analysis_object_borrowing_2_outcome_1_covariates_3_"/>
    <testcase time="0.0289999999999964" classname="create_analysis_obj" name="All_allowable_inputs_create_Analysis_object_borrowing_2_outcome_2_covariates_1_"/>
    <testcase time="0.0230000000000103" classname="create_analysis_obj" name="All_allowable_inputs_create_Analysis_object_borrowing_2_outcome_2_covariates_2_"/>
    <testcase time="0.0219999999999914" classname="create_analysis_obj" name="All_allowable_inputs_create_Analysis_object_borrowing_2_outcome_2_covariates_3_"/>
    <testcase time="0.0220000000000056" classname="create_analysis_obj" name="All_allowable_inputs_create_Analysis_object_borrowing_2_outcome_3_covariates_1_"/>
    <testcase time="0.0220000000000056" classname="create_analysis_obj" name="All_allowable_inputs_create_Analysis_object_borrowing_2_outcome_3_covariates_2_"/>
    <testcase time="0.0209999999999866" classname="create_analysis_obj" name="All_allowable_inputs_create_Analysis_object_borrowing_2_outcome_3_covariates_3_"/>
    <testcase time="13.361" classname="create_analysis_obj" name="All_allowable_inputs_create_Analysis_object_borrowing_3_outcome_1_covariates_1_"/>
    <testcase time="13.266" classname="create_analysis_obj" name="All_allowable_inputs_create_Analysis_object_borrowing_3_outcome_1_covariates_2_"/>
    <testcase time="9.98499999999999" classname="create_analysis_obj" name="All_allowable_inputs_create_Analysis_object_borrowing_3_outcome_1_covariates_3_"/>
    <testcase time="13.424" classname="create_analysis_obj" name="All_allowable_inputs_create_Analysis_object_borrowing_3_outcome_2_covariates_1_"/>
    <testcase time="13.391" classname="create_analysis_obj" name="All_allowable_inputs_create_Analysis_object_borrowing_3_outcome_2_covariates_2_"/>
    <testcase time="10.214" classname="create_analysis_obj" name="All_allowable_inputs_create_Analysis_object_borrowing_3_outcome_2_covariates_3_"/>
    <testcase time="13.461" classname="create_analysis_obj" name="All_allowable_inputs_create_Analysis_object_borrowing_3_outcome_3_covariates_1_"/>
    <testcase time="13.625" classname="create_analysis_obj" name="All_allowable_inputs_create_Analysis_object_borrowing_3_outcome_3_covariates_2_"/>
    <testcase time="10.194" classname="create_analysis_obj" name="All_allowable_inputs_create_Analysis_object_borrowing_3_outcome_3_covariates_3_"/>
    <testcase time="0.0279999999999916" classname="create_analysis_obj" name="ready_to_sample_flag_is_set"/>
    <testcase time="0.032999999999987" classname="create_analysis_obj" name="get_vars_works_for_Analysis"/>
    <testcase time="0.00600000000000023" classname="create_analysis_obj" name="get_vars_works_for_Analysis"/>
    <testcase time="0.0270000000000152" classname="create_analysis_obj" name="confirm_the_data_matrix_is_not_deep_copied"/>
  </testsuite>
  <testsuite name="create_data_matrix" timestamp="2023-02-20T22:46:21Z" hostname="9548d18323e0" tests="19" skipped="0" failures="0" errors="0" time="1.039">
    <testcase time="0.906999999999982" classname="create_data_matrix" name="create_data_matrix_works"/>
    <testcase time="0.00100000000000477" classname="create_data_matrix" name="create_data_matrix_works"/>
    <testcase time="0.007000000000005" classname="create_data_matrix" name="create_data_matrix_works"/>
    <testcase time="0.007000000000005" classname="create_data_matrix" name="create_data_matrix_works_with_complex_formulas"/>
    <testcase time="0.00600000000000023" classname="create_data_matrix" name="create_data_matrix_works_with_weights"/>
    <testcase time="0.00600000000000023" classname="create_data_matrix" name="create_data_matrix_works_with_one_covariate"/>
    <testcase time="0.00600000000000023" classname="create_data_matrix" name="create_data_matrix_works_with_no_covariates"/>
    <testcase time="0.00100000000000477" classname="create_data_matrix" name="create_data_matrix_works_with_no_covariates"/>
    <testcase time="0.0109999999999957" classname="create_data_matrix" name="create_data_matrix_gives_error_invalid_outcome"/>
    <testcase time="0.007000000000005" classname="create_data_matrix" name="create_data_matrix_gives_error_invalid_outcome"/>
    <testcase time="0.00600000000000023" classname="create_data_matrix" name="create_data_matrix_gives_error_invalid_outcome"/>
    <testcase time="0.0109999999999957" classname="create_data_matrix" name="create_data_matrix_gives_error_invalid_trt_flag_col"/>
    <testcase time="0.00999999999999091" classname="create_data_matrix" name="create_data_matrix_gives_error_invalid_ext_flag_col"/>
    <testcase time="0.0120000000000005" classname="create_data_matrix" name="create_data_matrix_gives_error_invalid_covariates"/>
    <testcase time="0.00800000000000978" classname="create_data_matrix" name="create_data_matrix_gives_error_invalid_covariates"/>
    <testcase time="0.00799999999998136" classname="create_data_matrix" name="create_data_matrix_gives_error_invalid_covariates"/>
    <testcase time="0.00800000000000978" classname="create_data_matrix" name="create_data_matrix_gives_error_invalid_covariates"/>
    <testcase time="0.00999999999999091" classname="create_data_matrix" name="create_data_matrix_gives_error_for_invalid_data"/>
    <testcase time="0.007000000000005" classname="create_data_matrix" name="create_data_matrix_gives_error_for_invalid_data"/>
  </testsuite>
  <testsuite name="create_simulation_obj" timestamp="2023-02-20T22:46:23Z" hostname="9548d18323e0" tests="49" skipped="0" failures="0" errors="0" time="169.614">
    <testcase time="0.325999999999993" classname="create_simulation_obj" name="_create_simulation_obj_input_classes_are_correct"/>
    <testcase time="0.00600000000000023" classname="create_simulation_obj" name="_create_simulation_obj_input_classes_are_correct"/>
    <testcase time="0.007000000000005" classname="create_simulation_obj" name="_create_simulation_obj_input_classes_are_correct"/>
    <testcase time="0.00499999999999545" classname="create_simulation_obj" name="_create_simulation_obj_input_classes_are_correct"/>
    <testcase time="0.00600000000000023" classname="create_simulation_obj" name="_create_simulation_obj_input_classes_are_correct"/>
    <testcase time="26.16" classname="create_simulation_obj" name="_create_simulation_obj_correct_inputs_create_Simulation_object"/>
    <testcase time="0.170999999999992" classname="create_simulation_obj" name="_create_simulation_obj_correct_inputs_create_Simulation_object"/>
    <testcase time="25.918" classname="create_simulation_obj" name="_create_simulation_obj_correct_inputs_create_Simulation_object"/>
    <testcase time="44.522" classname="create_simulation_obj" name="_create_simulation_obj_correct_inputs_create_Simulation_object"/>
    <testcase time="0.175999999999988" classname="create_simulation_obj" name="_create_simulation_obj_correct_inputs_create_Simulation_object"/>
    <testcase time="44.391" classname="create_simulation_obj" name="_create_simulation_obj_correct_inputs_create_Simulation_object"/>
    <testcase time="0.0149999999999864" classname="create_simulation_obj" name="_create_simulation_obj_catches_incorrect_column_names"/>
    <testcase time="0.00999999999999091" classname="create_simulation_obj" name="_create_simulation_obj_catches_incorrect_column_names"/>
    <testcase time="0.0080000000000382" classname="create_simulation_obj" name="_create_simulation_obj_catches_incorrect_column_names"/>
    <testcase time="0.00899999999995771" classname="create_simulation_obj" name="_create_simulation_obj_catches_incorrect_column_names"/>
    <testcase time="0.0120000000000005" classname="create_simulation_obj" name="_create_simulation_obj_catches_missing_data"/>
    <testcase time="27.028" classname="create_simulation_obj" name="_create_simulation_obj_correctly_gets_number_of_combinations"/>
    <testcase time="0.00600000000002865" classname="create_simulation_obj" name="_create_simulation_obj_correctly_gets_number_of_combinations"/>
    <testcase time="0.00599999999997181" classname="create_simulation_obj" name="_create_simulation_obj_correctly_gets_number_of_combinations"/>
    <testcase time="0.00499999999999545" classname="create_simulation_obj" name="_create_simulation_obj_correctly_gets_number_of_combinations"/>
    <testcase time="0.00499999999999545" classname="create_simulation_obj" name="_create_simulation_obj_correctly_gets_number_of_combinations"/>
    <testcase time="0.00600000000002865" classname="create_simulation_obj" name="_create_simulation_obj_correctly_gets_number_of_combinations"/>
    <testcase time="0.00499999999999545" classname="create_simulation_obj" name="_create_simulation_obj_correctly_gets_number_of_combinations"/>
    <testcase time="0.00499999999999545" classname="create_simulation_obj" name="_create_simulation_obj_correctly_gets_number_of_combinations"/>
    <testcase time="0.334000000000003" classname="create_simulation_obj" name="_create_simulation_obj_correctly_creates_analysis_objects"/>
    <testcase time="0.363" classname="create_simulation_obj" name="_create_simulation_obj_does_not_create_deep_copies"/>
    <testcase time="0.00499999999999545" classname="create_simulation_obj" name="_create_simulation_obj_does_not_create_deep_copies"/>
    <testcase time="0.00499999999999545" classname="create_simulation_obj" name="_create_simulation_obj_does_not_create_deep_copies"/>
    <testcase time="0.00499999999999545" classname="create_simulation_obj" name="_create_simulation_obj_does_not_create_deep_copies"/>
    <testcase time="0.0050000000000523" classname="create_simulation_obj" name="_create_simulation_obj_does_not_create_deep_copies"/>
    <testcase time="0.00499999999999545" classname="create_simulation_obj" name="_create_simulation_obj_does_not_create_deep_copies"/>
    <testcase time="0.00399999999996226" classname="create_simulation_obj" name="_create_simulation_obj_does_not_create_deep_copies"/>
    <testcase time="0.00499999999999545" classname="create_simulation_obj" name="_create_simulation_obj_does_not_create_deep_copies"/>
    <testcase time="0.00499999999999545" classname="create_simulation_obj" name="_create_simulation_obj_does_not_create_deep_copies"/>
    <testcase time="0.00499999999999545" classname="create_simulation_obj" name="_create_simulation_obj_does_not_create_deep_copies"/>
    <testcase time="0.0040000000000191" classname="create_simulation_obj" name="_create_simulation_obj_does_not_create_deep_copies"/>
    <testcase time="0.00499999999999545" classname="create_simulation_obj" name="_create_simulation_obj_does_not_create_deep_copies"/>
    <testcase time="0.00499999999999545" classname="create_simulation_obj" name="_create_simulation_obj_does_not_create_deep_copies"/>
    <testcase time="0.00499999999999545" classname="create_simulation_obj" name="_create_simulation_obj_does_not_create_deep_copies"/>
    <testcase time="0.0040000000000191" classname="create_simulation_obj" name="_create_simulation_obj_does_not_create_deep_copies"/>
    <testcase time="0.00499999999999545" classname="create_simulation_obj" name="_create_simulation_obj_does_not_create_deep_copies"/>
    <testcase time="0.0040000000000191" classname="create_simulation_obj" name="_create_simulation_obj_does_not_create_deep_copies"/>
    <testcase time="0.0040000000000191" classname="create_simulation_obj" name="_create_simulation_obj_does_not_create_deep_copies"/>
    <testcase time="0.00499999999999545" classname="create_simulation_obj" name="_create_simulation_obj_does_not_create_deep_copies"/>
    <testcase time="0.00499999999999545" classname="create_simulation_obj" name="_create_simulation_obj_does_not_create_deep_copies"/>
    <testcase time="0.0040000000000191" classname="create_simulation_obj" name="_create_simulation_obj_does_not_create_deep_copies"/>
    <testcase time="0.00499999999999545" classname="create_simulation_obj" name="_create_simulation_obj_does_not_create_deep_copies"/>
    <testcase time="0.00499999999999545" classname="create_simulation_obj" name="_create_simulation_obj_does_not_create_deep_copies"/>
    <testcase time="0.00499999999999545" classname="create_simulation_obj" name="_create_simulation_obj_does_not_create_deep_copies"/>
  </testsuite>
  <testsuite name="exp_surv_dist" timestamp="2023-02-20T22:49:12Z" hostname="9548d18323e0" tests="10" skipped="0" failures="0" errors="0" time="0.052">
    <testcase time="0.0110000000000241" classname="exp_surv_dist" name="Exponential_survival_distributions_are_rendering_correctly"/>
    <testcase time="0.00399999999996226" classname="exp_surv_dist" name="Exponential_survival_distributions_are_rendering_correctly"/>
    <testcase time="0.0040000000000191" classname="exp_surv_dist" name="Exponential_survival_distributions_are_rendering_correctly"/>
    <testcase time="0.00599999999997181" classname="exp_surv_dist" name="Exponential_survival_distributions_are_rendering_correctly"/>
    <testcase time="0.00900000000001455" classname="exp_surv_dist" name="get_vars_works_for_ExponentialSurvDist"/>
    <testcase time="0.00600000000002865" classname="exp_surv_dist" name="get_vars_works_for_ExponentialSurvDist"/>
    <testcase time="0.00499999999999545" classname="exp_surv_dist" name="exp_surv_dist_works_with_weights"/>
    <testcase time="0.00399999999996226" classname="exp_surv_dist" name="exp_surv_dist_works_with_weights"/>
    <testcase time="0.00200000000000955" classname="exp_surv_dist" name="exp_surv_dist_works_with_weights"/>
    <testcase time="0.0010000000000332" classname="exp_surv_dist" name="exp_surv_dist_works_with_weights"/>
  </testsuite>
  <testsuite name="exponential_prior" timestamp="2023-02-20T22:49:12Z" hostname="9548d18323e0" tests="6" skipped="2" failures="0" errors="0" time="0.273">
    <testcase time="0.00899999999995771" classname="exponential_prior" name="Exponential_priors_are_rendering_correctly"/>
    <testcase time="0.232000000000028" classname="exponential_prior" name="Exponential_priors_are_rendering_correctly"/>
    <testcase time="0.00399999999996226" classname="exponential_prior" name="Exponential_priors_are_rendering_correctly"/>
    <testcase time="0.007000000000005" classname="exponential_prior" name="Exponential_priors_are_rendering_correctly"/>
    <testcase time="0.00600000000002865" classname="exponential_prior" name="show_works_for_ExponentialPrior">
      <skipped message="Reason: On CRAN ('test-exponential_prior.R:19')"/>
    </testcase>
    <testcase time="0.0149999999999864" classname="exponential_prior" name="plot_works_for_ExponentialPrior">
      <skipped message="Reason: On CRAN ('test-exponential_prior.R:23')"/>
    </testcase>
  </testsuite>
  <testsuite name="gamma_prior" timestamp="2023-02-20T22:49:12Z" hostname="9548d18323e0" tests="8" skipped="2" failures="0" errors="0" time="0.059">
    <testcase time="0.0130000000000337" classname="gamma_prior" name="Gamma_priors_are_rendering_correctly"/>
    <testcase time="0.00399999999996226" classname="gamma_prior" name="Gamma_priors_are_rendering_correctly"/>
    <testcase time="0.0040000000000191" classname="gamma_prior" name="Gamma_priors_are_rendering_correctly"/>
    <testcase time="0.0040000000000191" classname="gamma_prior" name="Gamma_priors_are_rendering_correctly"/>
    <testcase time="0.00699999999994816" classname="gamma_prior" name="Gamma_priors_are_rendering_correctly"/>
    <testcase time="0.00600000000002865" classname="gamma_prior" name="Gamma_priors_are_rendering_correctly"/>
    <testcase time="0.00599999999997181" classname="gamma_prior" name="show_works_for_GammaPrior">
      <skipped message="Reason: On CRAN ('test-gamma_prior.R:23')"/>
    </testcase>
    <testcase time="0.0150000000000432" classname="gamma_prior" name="plot_works_for_GammaPrior">
      <skipped message="Reason: On CRAN ('test-gamma_prior.R:27')"/>
    </testcase>
  </testsuite>
  <testsuite name="helpers" timestamp="2023-02-20T22:49:12Z" hostname="9548d18323e0" tests="13" skipped="0" failures="0" errors="0" time="0.091">
    <testcase time="0.0159999999999627" classname="helpers" name="h_glue_works_as_expected"/>
    <testcase time="0.00300000000004275" classname="helpers" name="h_glue_works_as_expected"/>
    <testcase time="0.00399999999996226" classname="helpers" name="h_glue_works_as_expected"/>
    <testcase time="0.00600000000002865" classname="helpers" name="parse_constraint_works_as_expected"/>
    <testcase time="0.0029999999999859" classname="helpers" name="parse_constraint_works_as_expected"/>
    <testcase time="0.0040000000000191" classname="helpers" name="parse_constraint_works_as_expected"/>
    <testcase time="0.00799999999998136" classname="helpers" name="parse_constraint_works_as_expected_with_prior_list"/>
    <testcase time="0.00599999999997181" classname="helpers" name="parse_constraint_works_as_expected_with_single_prior"/>
    <testcase time="0.0100000000000477" classname="helpers" name="rename_draws_covariates_works_as_expected"/>
    <testcase time="0.00399999999996226" classname="helpers" name="rename_draws_covariates_works_as_expected"/>
    <testcase time="0.00900000000001455" classname="helpers" name="variable_dictionary_works_as_expected_for_logistic_and_BDB"/>
    <testcase time="0.00900000000001455" classname="helpers" name="variable_dictionary_works_as_expected_for_exponential_and_no_borrowing"/>
    <testcase time="0.00900000000001455" classname="helpers" name="variable_dictionary_includes_shape_parameter_for_Weibull_PH"/>
  </testsuite>
  <testsuite name="logistic_bin_outcome" timestamp="2023-02-20T22:49:12Z" hostname="9548d18323e0" tests="9" skipped="0" failures="0" errors="0" time="0.037">
    <testcase time="0.00699999999994816" classname="logistic_bin_outcome" name="LogisticBinaryOutcome_distribution_is_rendering_correctly"/>
    <testcase time="0.0040000000000191" classname="logistic_bin_outcome" name="LogisticBinaryOutcome_distribution_is_rendering_correctly"/>
    <testcase time="0.00499999999999545" classname="logistic_bin_outcome" name="LogisticBinaryOutcome_distribution_is_rendering_correctly"/>
    <testcase time="0.007000000000005" classname="logistic_bin_outcome" name="get_vars_works_for_LogisticBinaryOutcome"/>
    <testcase time="0.0040000000000191" classname="logistic_bin_outcome" name="get_vars_works_for_LogisticBinaryOutcome"/>
    <testcase time="0.00499999999999545" classname="logistic_bin_outcome" name="logistic_bin_outcome_works_with_weights"/>
    <testcase time="0.0029999999999859" classname="logistic_bin_outcome" name="logistic_bin_outcome_works_with_weights"/>
    <testcase time="0.0010000000000332" classname="logistic_bin_outcome" name="logistic_bin_outcome_works_with_weights"/>
    <testcase time="0.000999999999976353" classname="logistic_bin_outcome" name="logistic_bin_outcome_works_with_weights"/>
  </testsuite>
  <testsuite name="make_model_string_data" timestamp="2023-02-20T22:49:12Z" hostname="9548d18323e0" tests="45" skipped="5" failures="0" errors="0" time="0.219">
    <testcase time="0.00999999999999091" classname="make_model_string_data" name="make_model_string_data_works_with_exponential_survival_and_full_borrowing"/>
    <testcase time="0.0029999999999859" classname="make_model_string_data" name="make_model_string_data_works_with_exponential_survival_and_full_borrowing"/>
    <testcase time="0.0040000000000191" classname="make_model_string_data" name="make_model_string_data_works_with_exponential_survival_and_full_borrowing"/>
    <testcase time="0.007000000000005" classname="make_model_string_data" name="make_model_string_data_works_with_exponential_survival_and_full_borrowing"/>
    <testcase time="0.0029999999999859" classname="make_model_string_data" name="make_model_string_data_works_with_exponential_survival_and_full_borrowing"/>
    <testcase time="0.0040000000000191" classname="make_model_string_data" name="make_model_string_data_works_with_exponential_survival_and_full_borrowing"/>
    <testcase time="0.0029999999999859" classname="make_model_string_data" name="make_model_string_data_works_with_exponential_survival_and_full_borrowing"/>
    <testcase time="0.00600000000002865" classname="make_model_string_data" name="make_model_string_data_works_with_exponential_survival_and_full_borrowing">
      <skipped message="Reason: On CRAN ('test-make_model_string_data.R:20')"/>
    </testcase>
    <testcase time="0.0120000000000005" classname="make_model_string_data" name="make_model_string_data_works_with_exponential_survival_and_BDB"/>
    <testcase time="0.0029999999999859" classname="make_model_string_data" name="make_model_string_data_works_with_exponential_survival_and_BDB"/>
    <testcase time="0.00399999999996226" classname="make_model_string_data" name="make_model_string_data_works_with_exponential_survival_and_BDB"/>
    <testcase time="0.00300000000004275" classname="make_model_string_data" name="make_model_string_data_works_with_exponential_survival_and_BDB"/>
    <testcase time="0.00399999999996226" classname="make_model_string_data" name="make_model_string_data_works_with_exponential_survival_and_BDB"/>
    <testcase time="0.00300000000004275" classname="make_model_string_data" name="make_model_string_data_works_with_exponential_survival_and_BDB"/>
    <testcase time="0.0029999999999859" classname="make_model_string_data" name="make_model_string_data_works_with_exponential_survival_and_BDB"/>
    <testcase time="0.0040000000000191" classname="make_model_string_data" name="make_model_string_data_works_with_exponential_survival_and_BDB"/>
    <testcase time="0.00499999999999545" classname="make_model_string_data" name="make_model_string_data_works_with_exponential_survival_and_BDB">
      <skipped message="Reason: On CRAN ('test-make_model_string_data.R:44')"/>
    </testcase>
    <testcase time="0.0139999999999532" classname="make_model_string_data" name="make_model_string_data_works_with_weibull_survival_and_BDB_and_covariates"/>
    <testcase time="0.00300000000004275" classname="make_model_string_data" name="make_model_string_data_works_with_weibull_survival_and_BDB_and_covariates"/>
    <testcase time="0.00399999999996226" classname="make_model_string_data" name="make_model_string_data_works_with_weibull_survival_and_BDB_and_covariates"/>
    <testcase time="0.00300000000004275" classname="make_model_string_data" name="make_model_string_data_works_with_weibull_survival_and_BDB_and_covariates"/>
    <testcase time="0.00399999999996226" classname="make_model_string_data" name="make_model_string_data_works_with_weibull_survival_and_BDB_and_covariates"/>
    <testcase time="0.00300000000004275" classname="make_model_string_data" name="make_model_string_data_works_with_weibull_survival_and_BDB_and_covariates"/>
    <testcase time="0.00399999999996226" classname="make_model_string_data" name="make_model_string_data_works_with_weibull_survival_and_BDB_and_covariates"/>
    <testcase time="0.0029999999999859" classname="make_model_string_data" name="make_model_string_data_works_with_weibull_survival_and_BDB_and_covariates"/>
    <testcase time="0.00600000000002865" classname="make_model_string_data" name="make_model_string_data_works_with_weibull_survival_and_BDB_and_covariates">
      <skipped message="Reason: On CRAN ('test-make_model_string_data.R:77')"/>
    </testcase>
    <testcase time="0.01400000000001" classname="make_model_string_data" name="make_model_string_data_works_with_binary_outcome_and_BDB_and_covariates"/>
    <testcase time="0.0029999999999859" classname="make_model_string_data" name="make_model_string_data_works_with_binary_outcome_and_BDB_and_covariates"/>
    <testcase time="0.0040000000000191" classname="make_model_string_data" name="make_model_string_data_works_with_binary_outcome_and_BDB_and_covariates"/>
    <testcase time="0.00399999999996226" classname="make_model_string_data" name="make_model_string_data_works_with_binary_outcome_and_BDB_and_covariates"/>
    <testcase time="0.00300000000004275" classname="make_model_string_data" name="make_model_string_data_works_with_binary_outcome_and_BDB_and_covariates"/>
    <testcase time="0.00399999999996226" classname="make_model_string_data" name="make_model_string_data_works_with_binary_outcome_and_BDB_and_covariates"/>
    <testcase time="0.0029999999999859" classname="make_model_string_data" name="make_model_string_data_works_with_binary_outcome_and_BDB_and_covariates"/>
    <testcase time="0.0040000000000191" classname="make_model_string_data" name="make_model_string_data_works_with_binary_outcome_and_BDB_and_covariates"/>
    <testcase time="0.00600000000002865" classname="make_model_string_data" name="make_model_string_data_works_with_binary_outcome_and_BDB_and_covariates">
      <skipped message="Reason: On CRAN ('test-make_model_string_data.R:105')"/>
    </testcase>
    <testcase time="0.0129999999999768" classname="make_model_string_data" name="make_model_string_data_works_with_binary_outcome_and_weights"/>
    <testcase time="0.0040000000000191" classname="make_model_string_data" name="make_model_string_data_works_with_binary_outcome_and_weights"/>
    <testcase time="0.00399999999996226" classname="make_model_string_data" name="make_model_string_data_works_with_binary_outcome_and_weights"/>
    <testcase time="0.0040000000000191" classname="make_model_string_data" name="make_model_string_data_works_with_binary_outcome_and_weights"/>
    <testcase time="0.0029999999999859" classname="make_model_string_data" name="make_model_string_data_works_with_binary_outcome_and_weights"/>
    <testcase time="0.0040000000000191" classname="make_model_string_data" name="make_model_string_data_works_with_binary_outcome_and_weights"/>
    <testcase time="0.0040000000000191" classname="make_model_string_data" name="make_model_string_data_works_with_binary_outcome_and_weights"/>
    <testcase time="0.00399999999996226" classname="make_model_string_data" name="make_model_string_data_works_with_binary_outcome_and_weights"/>
    <testcase time="0.00300000000004275" classname="make_model_string_data" name="make_model_string_data_works_with_binary_outcome_and_weights"/>
    <testcase time="0.00599999999997181" classname="make_model_string_data" name="make_model_string_data_works_with_binary_outcome_and_weights">
      <skipped message="Reason: On CRAN ('test-make_model_string_data.R:134')"/>
    </testcase>
  </testsuite>
  <testsuite name="make_model_string_functions" timestamp="2023-02-20T22:49:13Z" hostname="9548d18323e0" tests="16" skipped="4" failures="0" errors="0" time="0.091">
    <testcase time="0.0180000000000291" classname="make_model_string_functions" name="make_model_string_functions_works_with_exponential_survival_and_full_borrowing"/>
    <testcase time="0.000999999999976353" classname="make_model_string_functions" name="make_model_string_functions_works_with_exponential_survival_and_full_borrowing"/>
    <testcase time="0.00499999999999545" classname="make_model_string_functions" name="make_model_string_functions_works_with_exponential_survival_and_full_borrowing">
      <skipped message="Reason: On CRAN ('test-make_model_string_functions.R:15')"/>
    </testcase>
    <testcase time="0.0169999999999959" classname="make_model_string_functions" name="make_model_string_functions_works_with_exponential_survival_and_BDB"/>
    <testcase time="0.0010000000000332" classname="make_model_string_functions" name="make_model_string_functions_works_with_exponential_survival_and_BDB"/>
    <testcase time="0.00599999999997181" classname="make_model_string_functions" name="make_model_string_functions_works_with_exponential_survival_and_BDB">
      <skipped message="Reason: On CRAN ('test-make_model_string_functions.R:33')"/>
    </testcase>
    <testcase time="0.0129999999999768" classname="make_model_string_functions" name="make_model_string_functions_works_with_weibull_survival_and_BDB_and_covariates"/>
    <testcase time="0.0010000000000332" classname="make_model_string_functions" name="make_model_string_functions_works_with_weibull_survival_and_BDB_and_covariates"/>
    <testcase time="0.000999999999976353" classname="make_model_string_functions" name="make_model_string_functions_works_with_weibull_survival_and_BDB_and_covariates"/>
    <testcase time="0.0010000000000332" classname="make_model_string_functions" name="make_model_string_functions_works_with_weibull_survival_and_BDB_and_covariates"/>
    <testcase time="0.000999999999976353" classname="make_model_string_functions" name="make_model_string_functions_works_with_weibull_survival_and_BDB_and_covariates"/>
    <testcase time="0.000999999999976353" classname="make_model_string_functions" name="make_model_string_functions_works_with_weibull_survival_and_BDB_and_covariates"/>
    <testcase time="0.0050000000000523" classname="make_model_string_functions" name="make_model_string_functions_works_with_weibull_survival_and_BDB_and_covariates">
      <skipped message="Reason: On CRAN ('test-make_model_string_functions.R:64')"/>
    </testcase>
    <testcase time="0.0129999999999768" classname="make_model_string_functions" name="make_model_string_functions_works_with_binary_outcome_and_BDB_and_covariates"/>
    <testcase time="0.000999999999976353" classname="make_model_string_functions" name="make_model_string_functions_works_with_binary_outcome_and_BDB_and_covariates"/>
    <testcase time="0.00600000000002865" classname="make_model_string_functions" name="make_model_string_functions_works_with_binary_outcome_and_BDB_and_covariates">
      <skipped message="Reason: On CRAN ('test-make_model_string_functions.R:86')"/>
    </testcase>
  </testsuite>
  <testsuite name="make_model_string_model" timestamp="2023-02-20T22:49:13Z" hostname="9548d18323e0" tests="25" skipped="4" failures="0" errors="0" time="0.097">
    <testcase time="0.0169999999999959" classname="make_model_string_model" name="make_model_string_model_works_with_exponential_survival_and_full_borrowing"/>
    <testcase time="0.000999999999976353" classname="make_model_string_model" name="make_model_string_model_works_with_exponential_survival_and_full_borrowing"/>
    <testcase time="0" classname="make_model_string_model" name="make_model_string_model_works_with_exponential_survival_and_full_borrowing"/>
    <testcase time="0.0010000000000332" classname="make_model_string_model" name="make_model_string_model_works_with_exponential_survival_and_full_borrowing"/>
    <testcase time="0.00499999999999545" classname="make_model_string_model" name="make_model_string_model_works_with_exponential_survival_and_full_borrowing">
      <skipped message="Reason: On CRAN ('test-make_model_string_model.R:17')"/>
    </testcase>
    <testcase time="0.01400000000001" classname="make_model_string_model" name="make_model_string_model_works_with_exponential_survival_and_BDB"/>
    <testcase time="0.000999999999976353" classname="make_model_string_model" name="make_model_string_model_works_with_exponential_survival_and_BDB"/>
    <testcase time="0.0010000000000332" classname="make_model_string_model" name="make_model_string_model_works_with_exponential_survival_and_BDB"/>
    <testcase time="0.000999999999976353" classname="make_model_string_model" name="make_model_string_model_works_with_exponential_survival_and_BDB"/>
    <testcase time="0.000999999999976353" classname="make_model_string_model" name="make_model_string_model_works_with_exponential_survival_and_BDB"/>
    <testcase time="0.00499999999999545" classname="make_model_string_model" name="make_model_string_model_works_with_exponential_survival_and_BDB">
      <skipped message="Reason: On CRAN ('test-make_model_string_model.R:38')"/>
    </testcase>
    <testcase time="0.0150000000000432" classname="make_model_string_model" name="make_model_string_model_works_with_weibull_survival_and_BDB_and_covariates"/>
    <testcase time="0.000999999999976353" classname="make_model_string_model" name="make_model_string_model_works_with_weibull_survival_and_BDB_and_covariates"/>
    <testcase time="0.0010000000000332" classname="make_model_string_model" name="make_model_string_model_works_with_weibull_survival_and_BDB_and_covariates"/>
    <testcase time="0.000999999999976353" classname="make_model_string_model" name="make_model_string_model_works_with_weibull_survival_and_BDB_and_covariates"/>
    <testcase time="0.000999999999976353" classname="make_model_string_model" name="make_model_string_model_works_with_weibull_survival_and_BDB_and_covariates"/>
    <testcase time="0.0010000000000332" classname="make_model_string_model" name="make_model_string_model_works_with_weibull_survival_and_BDB_and_covariates"/>
    <testcase time="0.00499999999999545" classname="make_model_string_model" name="make_model_string_model_works_with_weibull_survival_and_BDB_and_covariates">
      <skipped message="Reason: On CRAN ('test-make_model_string_model.R:69')"/>
    </testcase>
    <testcase time="0.01400000000001" classname="make_model_string_model" name="make_model_string_model_works_with_binary_outcome_and_BDB_and_covariates"/>
    <testcase time="0.000999999999976353" classname="make_model_string_model" name="make_model_string_model_works_with_binary_outcome_and_BDB_and_covariates"/>
    <testcase time="0.00200000000000955" classname="make_model_string_model" name="make_model_string_model_works_with_binary_outcome_and_BDB_and_covariates"/>
    <testcase time="0.000999999999976353" classname="make_model_string_model" name="make_model_string_model_works_with_binary_outcome_and_BDB_and_covariates"/>
    <testcase time="0.0010000000000332" classname="make_model_string_model" name="make_model_string_model_works_with_binary_outcome_and_BDB_and_covariates"/>
    <testcase time="0.000999999999976353" classname="make_model_string_model" name="make_model_string_model_works_with_binary_outcome_and_BDB_and_covariates"/>
    <testcase time="0.00499999999999545" classname="make_model_string_model" name="make_model_string_model_works_with_binary_outcome_and_BDB_and_covariates">
      <skipped message="Reason: On CRAN ('test-make_model_string_model.R:95')"/>
    </testcase>
  </testsuite>
  <testsuite name="make_model_string_parameters" timestamp="2023-02-20T22:49:13Z" hostname="9548d18323e0" tests="8" skipped="4" failures="0" errors="0" time="0.086">
    <testcase time="0.0190000000000055" classname="make_model_string_parameters" name="make_model_string_parameters_works_with_exponential_survival_and_full_borrowing"/>
    <testcase time="0.00499999999999545" classname="make_model_string_parameters" name="make_model_string_parameters_works_with_exponential_survival_and_full_borrowing">
      <skipped message="Reason: On CRAN ('test-make_model_string_parameters.R:14')"/>
    </testcase>
    <testcase time="0.0149999999999864" classname="make_model_string_parameters" name="make_model_string_parameters_works_with_exponential_survival_and_BDB"/>
    <testcase time="0.00499999999999545" classname="make_model_string_parameters" name="make_model_string_parameters_works_with_exponential_survival_and_BDB">
      <skipped message="Reason: On CRAN ('test-make_model_string_parameters.R:31')"/>
    </testcase>
    <testcase time="0.0160000000000196" classname="make_model_string_parameters" name="make_model_string_parameters_works_with_weibull_survival_and_BDB"/>
    <testcase time="0.00499999999999545" classname="make_model_string_parameters" name="make_model_string_parameters_works_with_weibull_survival_and_BDB">
      <skipped message="Reason: On CRAN ('test-make_model_string_parameters.R:57')"/>
    </testcase>
    <testcase time="0.0159999999999627" classname="make_model_string_parameters" name="make_model_string_parameters_works_with_binary_outcome_and_BDB"/>
    <testcase time="0.00499999999999545" classname="make_model_string_parameters" name="make_model_string_parameters_works_with_binary_outcome_and_BDB">
      <skipped message="Reason: On CRAN ('test-make_model_string_parameters.R:78')"/>
    </testcase>
  </testsuite>
  <testsuite name="make_model_string_transformed_parameters" timestamp="2023-02-20T22:49:13Z" hostname="9548d18323e0" tests="16" skipped="4" failures="0" errors="0" time="0.116">
    <testcase time="0.0230000000000246" classname="make_model_string_transformed_parameters" name="make_model_string_transf_param_works_with_exponential_survival_and_full_borrowing"/>
    <testcase time="0.0029999999999859" classname="make_model_string_transformed_parameters" name="make_model_string_transf_param_works_with_exponential_survival_and_full_borrowing"/>
    <testcase time="0.00300000000004275" classname="make_model_string_transformed_parameters" name="make_model_string_transf_param_works_with_exponential_survival_and_full_borrowing"/>
    <testcase time="0.00499999999999545" classname="make_model_string_transformed_parameters" name="make_model_string_transf_param_works_with_exponential_survival_and_full_borrowing">
      <skipped message="Reason: On CRAN ('test-make_model_string_transformed_parameters.R:16')"/>
    </testcase>
    <testcase time="0.0149999999999864" classname="make_model_string_transformed_parameters" name="make_model_string_transf_param_works_with_exponential_survival_and_BDB"/>
    <testcase time="0.0029999999999859" classname="make_model_string_transformed_parameters" name="make_model_string_transf_param_works_with_exponential_survival_and_BDB"/>
    <testcase time="0.0040000000000191" classname="make_model_string_transformed_parameters" name="make_model_string_transf_param_works_with_exponential_survival_and_BDB"/>
    <testcase time="0.00499999999999545" classname="make_model_string_transformed_parameters" name="make_model_string_transf_param_works_with_exponential_survival_and_BDB">
      <skipped message="Reason: On CRAN ('test-make_model_string_transformed_parameters.R:35')"/>
    </testcase>
    <testcase time="0.0149999999999864" classname="make_model_string_transformed_parameters" name="make_model_string_transf_param_works_with_weibull_survival_and_BDB_and_covariates"/>
    <testcase time="0.0040000000000191" classname="make_model_string_transformed_parameters" name="make_model_string_transf_param_works_with_weibull_survival_and_BDB_and_covariates"/>
    <testcase time="0.0029999999999859" classname="make_model_string_transformed_parameters" name="make_model_string_transf_param_works_with_weibull_survival_and_BDB_and_covariates"/>
    <testcase time="0.00499999999999545" classname="make_model_string_transformed_parameters" name="make_model_string_transf_param_works_with_weibull_survival_and_BDB_and_covariates">
      <skipped message="Reason: On CRAN ('test-make_model_string_transformed_parameters.R:63')"/>
    </testcase>
    <testcase time="0.0160000000000196" classname="make_model_string_transformed_parameters" name="make_model_string_transf_param_works_with_binary_outcome_and_BDB_and_covariates"/>
    <testcase time="0.0029999999999859" classname="make_model_string_transformed_parameters" name="make_model_string_transf_param_works_with_binary_outcome_and_BDB_and_covariates"/>
    <testcase time="0.0029999999999859" classname="make_model_string_transformed_parameters" name="make_model_string_transf_param_works_with_binary_outcome_and_BDB_and_covariates"/>
    <testcase time="0.00600000000002865" classname="make_model_string_transformed_parameters" name="make_model_string_transf_param_works_with_binary_outcome_and_BDB_and_covariates">
      <skipped message="Reason: On CRAN ('test-make_model_string_transformed_parameters.R:86')"/>
    </testcase>
  </testsuite>
  <testsuite name="mcmc_sample-analysis" timestamp="2023-02-20T22:49:13Z" hostname="9548d18323e0" tests="27" skipped="24" failures="0" errors="0" time="0.265">
    <testcase time="0.0199999999999818" classname="mcmc_sample_analysis" name="mcmc_sample.default_default_method_throws_error"/>
    <testcase time="0.00499999999999545" classname="mcmc_sample_analysis" name="mcmc_sample.default_default_method_throws_error"/>
    <testcase time="0.0110000000000241" classname="mcmc_sample_analysis" name="mcmc_sample_handles_Analysis_objects_not_ready_to_sample"/>
    <testcase time="0.0029999999999859" classname="mcmc_sample_analysis" name="mcmc_sample_for_Analysis_works_for_full_borrowing_exponential_dist">
      <skipped message="Reason: On CRAN ('test-mcmc_sample-analysis.R:38')"/>
    </testcase>
    <testcase time="0.00999999999999091" classname="mcmc_sample_analysis" name="mcmc_sample_for_Analysis_works_for_no_borrowing_exponential_dist">
      <skipped message="Reason: On CRAN ('test-mcmc_sample-analysis.R:65')"/>
    </testcase>
    <testcase time="0.00900000000001455" classname="mcmc_sample_analysis" name="mcmc_sample_for_Analysis_works_for_full_borrowing_exponential_dist_one_covariate">
      <skipped message="Reason: On CRAN ('test-mcmc_sample-analysis.R:97')"/>
    </testcase>
    <testcase time="0.00999999999999091" classname="mcmc_sample_analysis" name="mcmc_sample_for_Analysis_works_for_no_borrowing_exponential_dist_one_covariate">
      <skipped message="Reason: On CRAN ('test-mcmc_sample-analysis.R:130')"/>
    </testcase>
    <testcase time="0.00900000000001455" classname="mcmc_sample_analysis" name="mcmc_sample_for_Analysis_works_for_full_borrowing_exponential_dist_two_covariates">
      <skipped message="Reason: On CRAN ('test-mcmc_sample-analysis.R:162')"/>
    </testcase>
    <testcase time="0.00999999999999091" classname="mcmc_sample_analysis" name="mcmc_sample_for_Analysis_works_for_no_borrowing_exponential_dist_two_covariates">
      <skipped message="Reason: On CRAN ('test-mcmc_sample-analysis.R:197')"/>
    </testcase>
    <testcase time="0.00999999999999091" classname="mcmc_sample_analysis" name="mcmc_sample_for_Analysis_works_for_full_borrowing_Weibull_dist">
      <skipped message="Reason: On CRAN ('test-mcmc_sample-analysis.R:233')"/>
    </testcase>
    <testcase time="0.00900000000001455" classname="mcmc_sample_analysis" name="mcmc_sample_for_Analysis_works_for_no_borrowing_Weibull_dist">
      <skipped message="Reason: On CRAN ('test-mcmc_sample-analysis.R:269')"/>
    </testcase>
    <testcase time="0.00999999999999091" classname="mcmc_sample_analysis" name="mcmc_sample_for_Analysis_works_for_full_borrowing_weibull_dist_one_covariate">
      <skipped message="Reason: On CRAN ('test-mcmc_sample-analysis.R:305')"/>
    </testcase>
    <testcase time="0.01400000000001" classname="mcmc_sample_analysis" name="mcmc_sample_for_Analysis_works_for_no_borrowing_Weibull_dist_one_covariate">
      <skipped message="Reason: On CRAN ('test-mcmc_sample-analysis.R:342')"/>
    </testcase>
    <testcase time="0.00999999999999091" classname="mcmc_sample_analysis" name="mcmc_sample_for_Analysis_works_for_full_borrowing_Weibull_dist_two_covariates">
      <skipped message="Reason: On CRAN ('test-mcmc_sample-analysis.R:379')"/>
    </testcase>
    <testcase time="0.00900000000001455" classname="mcmc_sample_analysis" name="mcmc_sample_for_Analysis_works_for_no_borrowing_Weibull_dist_two_covariates">
      <skipped message="Reason: On CRAN ('test-mcmc_sample-analysis.R:419')"/>
    </testcase>
    <testcase time="0.00999999999999091" classname="mcmc_sample_analysis" name="mcmc_sample_for_Analysis_works_for_full_borrowing_binomial_dist">
      <skipped message="Reason: On CRAN ('test-mcmc_sample-analysis.R:460')"/>
    </testcase>
    <testcase time="0.00900000000001455" classname="mcmc_sample_analysis" name="mcmc_sample_for_Analysis_works_for_no_borrowing_binomial_dist">
      <skipped message="Reason: On CRAN ('test-mcmc_sample-analysis.R:491')"/>
    </testcase>
    <testcase time="0.00999999999999091" classname="mcmc_sample_analysis" name="mcmc_sample_for_Analysis_works_for_full_borrowing_binomial_dist_one_covariate">
      <skipped message="Reason: On CRAN ('test-mcmc_sample-analysis.R:522')"/>
    </testcase>
    <testcase time="0.00999999999999091" classname="mcmc_sample_analysis" name="mcmc_sample_for_Analysis_works_for_no_borrowing_binomial_dist_one_covariate">
      <skipped message="Reason: On CRAN ('test-mcmc_sample-analysis.R:555')"/>
    </testcase>
    <testcase time="0.00900000000001455" classname="mcmc_sample_analysis" name="mcmc_sample_for_Analysis_works_for_full_borrowing_binomial_dist_two_covariates">
      <skipped message="Reason: On CRAN ('test-mcmc_sample-analysis.R:587')"/>
    </testcase>
    <testcase time="0.00999999999999091" classname="mcmc_sample_analysis" name="mcmc_sample_for_Analysis_works_for_no_borrowing_binomial_dist_two_covariates">
      <skipped message="Reason: On CRAN ('test-mcmc_sample-analysis.R:622')"/>
    </testcase>
    <testcase time="0.00999999999999091" classname="mcmc_sample_analysis" name="mcmc_sample_for_Analysis_works_for_exponential_BDB_conservative_borrowing">
      <skipped message="Reason: On CRAN ('test-mcmc_sample-analysis.R:658')"/>
    </testcase>
    <testcase time="0.00900000000001455" classname="mcmc_sample_analysis" name="mcmc_sample_for_Analysis_works_for_exponential_BDB_aggressive_borrowing">
      <skipped message="Reason: On CRAN ('test-mcmc_sample-analysis.R:688')"/>
    </testcase>
    <testcase time="0.00999999999999091" classname="mcmc_sample_analysis" name="mcmc_sample_for_Analysis_works_for_Weibull_BDB_conservative_borrowing">
      <skipped message="Reason: On CRAN ('test-mcmc_sample-analysis.R:718')"/>
    </testcase>
    <testcase time="0.00999999999999091" classname="mcmc_sample_analysis" name="mcmc_sample_for_Analysis_works_for_Weibull_BDB_aggressive_borrowing">
      <skipped message="Reason: On CRAN ('test-mcmc_sample-analysis.R:749')"/>
    </testcase>
    <testcase time="0.00900000000001455" classname="mcmc_sample_analysis" name="mcmc_sample_for_Analysis_works_for_logistic_regression_BDB_conservative_borrowing">
      <skipped message="Reason: On CRAN ('test-mcmc_sample-analysis.R:781')"/>
    </testcase>
    <testcase time="0.00999999999999091" classname="mcmc_sample_analysis" name="mcmc_sample_for_Analysis_works_for_logistic_regression_BDB_aggressive_borrowing">
      <skipped message="Reason: On CRAN ('test-mcmc_sample-analysis.R:807')"/>
    </testcase>
  </testsuite>
  <testsuite name="mcmc_sample-simulation" timestamp="2023-02-20T22:49:14Z" hostname="9548d18323e0" tests="1" skipped="1" failures="0" errors="0" time="0.443">
    <testcase time="0.442999999999984" classname="mcmc_sample_simulation" name="mcmc_sample.Simulation_creates_an_object_of_class_MCMCSimulationResult">
      <skipped message="Reason: On CRAN ('test-mcmc_sample-simulation.R:87')"/>
    </testcase>
  </testsuite>
  <testsuite name="normal_prior" timestamp="2023-02-20T22:49:14Z" hostname="9548d18323e0" tests="7" skipped="2" failures="0" errors="0" time="0.068">
    <testcase time="0.0190000000000055" classname="normal_prior" name="Normal_priors_are_rendering_correctly"/>
    <testcase time="0.00499999999999545" classname="normal_prior" name="Normal_priors_are_rendering_correctly"/>
    <testcase time="0.00499999999999545" classname="normal_prior" name="Normal_priors_are_rendering_correctly"/>
    <testcase time="0.00499999999999545" classname="normal_prior" name="Normal_priors_are_rendering_correctly"/>
    <testcase time="0.0080000000000382" classname="normal_prior" name="Normal_priors_are_rendering_correctly"/>
    <testcase time="0.007000000000005" classname="normal_prior" name="show_works_for_NormalPrior">
      <skipped message="Reason: On CRAN ('test-normal_prior.R:20')"/>
    </testcase>
    <testcase time="0.0190000000000055" classname="normal_prior" name="plot_works_for_NormalPrior">
      <skipped message="Reason: On CRAN ('test-normal_prior.R:24')"/>
    </testcase>
  </testsuite>
  <testsuite name="poisson_prior" timestamp="2023-02-20T22:49:14Z" hostname="9548d18323e0" tests="6" skipped="2" failures="0" errors="0" time="0.063">
    <testcase time="0.0239999999999441" classname="poisson_prior" name="Poisson_priors_are_rendering_correctly"/>
    <testcase time="0.0040000000000191" classname="poisson_prior" name="Poisson_priors_are_rendering_correctly"/>
    <testcase time="0.00499999999999545" classname="poisson_prior" name="Poisson_priors_are_rendering_correctly"/>
    <testcase time="0.0080000000000382" classname="poisson_prior" name="Poisson_priors_are_rendering_correctly"/>
    <testcase time="0.00699999999994816" classname="poisson_prior" name="show_works_for_PoissonPrior">
      <skipped message="Reason: On CRAN ('test-poisson_prior.R:19')"/>
    </testcase>
    <testcase time="0.0150000000000432" classname="poisson_prior" name="plot_works_for_PoissonPrior">
      <skipped message="Reason: On CRAN ('test-poisson_prior.R:23')"/>
    </testcase>
  </testsuite>
  <testsuite name="prepare_stan_data_inputs" timestamp="2023-02-20T22:49:14Z" hostname="9548d18323e0" tests="15" skipped="0" failures="0" errors="0" time="0.096">
    <testcase time="0.0190000000000055" classname="prepare_stan_data_inputs" name="prepare_stan_data_inputs_works_with_exponential_survival_and_full_borrowing"/>
    <testcase time="0.00399999999996226" classname="prepare_stan_data_inputs" name="prepare_stan_data_inputs_works_with_exponential_survival_and_full_borrowing"/>
    <testcase time="0.007000000000005" classname="prepare_stan_data_inputs" name="prepare_stan_data_inputs_works_with_exponential_survival_and_BDB"/>
    <testcase time="0.0040000000000191" classname="prepare_stan_data_inputs" name="prepare_stan_data_inputs_works_with_exponential_survival_and_BDB"/>
    <testcase time="0.00799999999998136" classname="prepare_stan_data_inputs" name="prepare_stan_data_inputs_works_with_weibull_survival_and_BDB_and_covariates"/>
    <testcase time="0.0040000000000191" classname="prepare_stan_data_inputs" name="prepare_stan_data_inputs_works_with_weibull_survival_and_BDB_and_covariates"/>
    <testcase time="0.00799999999998136" classname="prepare_stan_data_inputs" name="prepare_stan_data_inputs_works_with_binary_outcome_and_BDB_and_covariates"/>
    <testcase time="0.0040000000000191" classname="prepare_stan_data_inputs" name="prepare_stan_data_inputs_works_with_binary_outcome_and_BDB_and_covariates"/>
    <testcase time="0.00799999999998136" classname="prepare_stan_data_inputs" name="prepare_stan_data_inputs_returns_correct_matrix_dimensions_for_X"/>
    <testcase time="0.0040000000000191" classname="prepare_stan_data_inputs" name="prepare_stan_data_inputs_returns_correct_matrix_dimensions_for_X"/>
    <testcase time="0.00499999999999545" classname="prepare_stan_data_inputs" name="prepare_stan_data_inputs_returns_correct_matrix_dimensions_for_X"/>
    <testcase time="0.00499999999999545" classname="prepare_stan_data_inputs" name="prepare_stan_data_inputs_returns_correct_matrix_dimensions_for_X"/>
    <testcase time="0.007000000000005" classname="prepare_stan_data_inputs" name="prepare_stan_data_inputs_works_with_weights"/>
    <testcase time="0.0040000000000191" classname="prepare_stan_data_inputs" name="prepare_stan_data_inputs_works_with_weights"/>
    <testcase time="0.00499999999999545" classname="prepare_stan_data_inputs" name="prepare_stan_data_inputs_works_with_weights"/>
  </testsuite>
  <testsuite name="sim_borrowing_list" timestamp="2023-02-20T22:49:14Z" hostname="9548d18323e0" tests="13" skipped="0" failures="0" errors="0" time="0.083">
    <testcase time="0.0149999999999864" classname="sim_borrowing_list" name="Incorrect_inputs_lead_to_errors"/>
    <testcase time="0.00799999999998136" classname="sim_borrowing_list" name="Incorrect_inputs_lead_to_errors"/>
    <testcase time="0.0080000000000382" classname="sim_borrowing_list" name="Incorrect_inputs_lead_to_errors"/>
    <testcase time="0.00799999999998136" classname="sim_borrowing_list" name="Incorrect_inputs_lead_to_errors"/>
    <testcase time="0.00900000000001455" classname="sim_borrowing_list" name="Incorrect_inputs_lead_to_errors"/>
    <testcase time="0.00499999999999545" classname="sim_borrowing_list" name="Correct_inputs_successfully_produce_SimBorrowingList_"/>
    <testcase time="0.00799999999998136" classname="sim_borrowing_list" name="Borrowing_guide_is_produced_correctly"/>
    <testcase time="0.000999999999976353" classname="sim_borrowing_list" name="Borrowing_guide_is_produced_correctly"/>
    <testcase time="0.00300000000004275" classname="sim_borrowing_list" name="Borrowing_guide_is_produced_correctly"/>
    <testcase time="0.00499999999999545" classname="sim_borrowing_list" name="Borrowing_guide_is_produced_correctly"/>
    <testcase time="0.000999999999976353" classname="sim_borrowing_list" name="Borrowing_guide_is_produced_correctly"/>
    <testcase time="0.0040000000000191" classname="sim_borrowing_list" name="Borrowing_guide_is_produced_correctly"/>
    <testcase time="0.00799999999998136" classname="sim_borrowing_list" name="get_vars_for_sim_borrowing_list_works"/>
  </testsuite>
  <testsuite name="sim_covariate_list" timestamp="2023-02-20T22:49:14Z" hostname="9548d18323e0" tests="13" skipped="0" failures="0" errors="0" time="0.077">
    <testcase time="0.0130000000000337" classname="sim_covariate_list" name="Incorrect_inputs_lead_to_errors"/>
    <testcase time="0.00599999999997181" classname="sim_covariate_list" name="Incorrect_inputs_lead_to_errors"/>
    <testcase time="0.007000000000005" classname="sim_covariate_list" name="Incorrect_inputs_lead_to_errors"/>
    <testcase time="0.007000000000005" classname="sim_covariate_list" name="Incorrect_inputs_lead_to_errors"/>
    <testcase time="0.0120000000000005" classname="sim_covariate_list" name="Incorrect_inputs_lead_to_errors"/>
    <testcase time="0.00499999999999545" classname="sim_covariate_list" name="Correct_inputs_successfully_produce_SimCovariateList_"/>
    <testcase time="0.007000000000005" classname="sim_covariate_list" name="Covariate_guide_is_produced_correctly"/>
    <testcase time="0.000999999999976353" classname="sim_covariate_list" name="Covariate_guide_is_produced_correctly"/>
    <testcase time="0.00300000000004275" classname="sim_covariate_list" name="Covariate_guide_is_produced_correctly"/>
    <testcase time="0.00499999999999545" classname="sim_covariate_list" name="Covariate_guide_is_produced_correctly"/>
    <testcase time="0.000999999999976353" classname="sim_covariate_list" name="Covariate_guide_is_produced_correctly"/>
    <testcase time="0.0029999999999859" classname="sim_covariate_list" name="Covariate_guide_is_produced_correctly"/>
    <testcase time="0.007000000000005" classname="sim_covariate_list" name="get_vars_for_sim_covariate_list_works"/>
  </testsuite>
  <testsuite name="sim_covariates" timestamp="2023-02-20T22:49:14Z" hostname="9548d18323e0" tests="108" skipped="0" failures="0" errors="0" time="0.224">
    <testcase time="0.0080000000000382" classname="sim_covariates" name="SimCovariates_objects_created_correctly"/>
    <testcase time="0.000999999999976353" classname="sim_covariates" name="SimCovariates_objects_created_correctly"/>
    <testcase time="0" classname="sim_covariates" name="SimCovariates_objects_created_correctly"/>
    <testcase time="0.000999999999976353" classname="sim_covariates" name="SimCovariates_objects_created_correctly"/>
    <testcase time="0.00200000000000955" classname="sim_covariates" name="SimCovariates_objects_created_correctly"/>
    <testcase time="0.0010000000000332" classname="sim_covariates" name="SimCovariates_objects_created_correctly"/>
    <testcase time="0.000999999999976353" classname="sim_covariates" name="SimCovariates_objects_created_correctly"/>
    <testcase time="0" classname="sim_covariates" name="SimCovariates_objects_created_correctly"/>
    <testcase time="0.00200000000000955" classname="sim_covariates" name="SimCovariates_objects_created_correctly"/>
    <testcase time="0.000999999999976353" classname="sim_covariates" name="SimCovariates_objects_created_correctly"/>
    <testcase time="0.007000000000005" classname="sim_covariates" name="SimCovariates_objects_created_correctly"/>
    <testcase time="0.0010000000000332" classname="sim_covariates" name="SimCovariates_objects_created_correctly"/>
    <testcase time="0.000999999999976353" classname="sim_covariates" name="SimCovariates_objects_created_correctly"/>
    <testcase time="0.000999999999976353" classname="sim_covariates" name="SimCovariates_objects_created_correctly"/>
    <testcase time="0.0010000000000332" classname="sim_covariates" name="SimCovariates_objects_created_correctly"/>
    <testcase time="0.000999999999976353" classname="sim_covariates" name="SimCovariates_objects_created_correctly"/>
    <testcase time="0.0010000000000332" classname="sim_covariates" name="SimCovariates_objects_created_correctly"/>
    <testcase time="0.000999999999976353" classname="sim_covariates" name="SimCovariates_objects_created_correctly"/>
    <testcase time="0.0010000000000332" classname="sim_covariates" name="SimCovariates_objects_created_correctly"/>
    <testcase time="0.000999999999976353" classname="sim_covariates" name="SimCovariates_objects_created_correctly"/>
    <testcase time="0.0010000000000332" classname="sim_covariates" name="SimCovariates_objects_created_correctly"/>
    <testcase time="0.000999999999976353" classname="sim_covariates" name="SimCovariates_objects_created_correctly"/>
    <testcase time="0.0010000000000332" classname="sim_covariates" name="SimCovariates_objects_created_correctly"/>
    <testcase time="0.000999999999976353" classname="sim_covariates" name="SimCovariates_objects_created_correctly"/>
    <testcase time="0.000999999999976353" classname="sim_covariates" name="SimCovariates_objects_created_correctly"/>
    <testcase time="0.0010000000000332" classname="sim_covariates" name="SimCovariates_objects_created_correctly"/>
    <testcase time="0.00200000000000955" classname="sim_covariates" name="SimCovariates_objects_created_correctly"/>
    <testcase time="0.000999999999976353" classname="sim_covariates" name="SimCovariates_objects_created_correctly"/>
    <testcase time="0.0010000000000332" classname="sim_covariates" name="SimCovariates_objects_created_correctly"/>
    <testcase time="0.000999999999976353" classname="sim_covariates" name="SimCovariates_objects_created_correctly"/>
    <testcase time="0.00200000000000955" classname="sim_covariates" name="SimCovariates_objects_created_correctly"/>
    <testcase time="0.000999999999976353" classname="sim_covariates" name="SimCovariates_objects_created_correctly"/>
    <testcase time="0.0010000000000332" classname="sim_covariates" name="SimCovariates_objects_created_correctly"/>
    <testcase time="0.000999999999976353" classname="sim_covariates" name="SimCovariates_objects_created_correctly"/>
    <testcase time="0.00200000000000955" classname="sim_covariates" name="SimCovariates_objects_created_correctly"/>
    <testcase time="0.000999999999976353" classname="sim_covariates" name="SimCovariates_objects_created_correctly"/>
    <testcase time="0.0010000000000332" classname="sim_covariates" name="SimCovariates_objects_created_correctly"/>
    <testcase time="0.0029999999999859" classname="sim_covariates" name="SimCovariates_objects_created_correctly"/>
    <testcase time="0.0040000000000191" classname="sim_covariates" name="Invalid_sim_covariate_covariates_inputs_are_caught"/>
    <testcase time="0.00199999999995271" classname="sim_covariates" name="Invalid_sim_covariate_covariates_inputs_are_caught"/>
    <testcase time="0.0010000000000332" classname="sim_covariates" name="Invalid_sim_covariate_covariates_inputs_are_caught"/>
    <testcase time="0.00200000000000955" classname="sim_covariates" name="Invalid_sim_covariate_covariates_inputs_are_caught"/>
    <testcase time="0.000999999999976353" classname="sim_covariates" name="Invalid_sim_covariate_covariates_inputs_are_caught"/>
    <testcase time="0.00200000000000955" classname="sim_covariates" name="Invalid_sim_covariate_covariates_inputs_are_caught"/>
    <testcase time="0.000999999999976353" classname="sim_covariates" name="Invalid_sim_covariate_covariates_inputs_are_caught"/>
    <testcase time="0.0010000000000332" classname="sim_covariates" name="Invalid_sim_covariate_covariates_inputs_are_caught"/>
    <testcase time="0.00200000000000955" classname="sim_covariates" name="Invalid_sim_covariate_covariates_inputs_are_caught"/>
    <testcase time="0.000999999999976353" classname="sim_covariates" name="Invalid_sim_covariate_covariates_inputs_are_caught"/>
    <testcase time="0.00600000000002865" classname="sim_covariates" name="Invalid_sim_covariate_covariates_inputs_are_caught"/>
    <testcase time="0.00200000000000955" classname="sim_covariates" name="Invalid_sim_covariate_covariates_inputs_are_caught"/>
    <testcase time="0.00200000000000955" classname="sim_covariates" name="Invalid_sim_covariate_covariates_inputs_are_caught"/>
    <testcase time="0.000999999999976353" classname="sim_covariates" name="Invalid_sim_covariate_covariates_inputs_are_caught"/>
    <testcase time="0.00200000000000955" classname="sim_covariates" name="Invalid_sim_covariate_covariates_inputs_are_caught"/>
    <testcase time="0.00200000000000955" classname="sim_covariates" name="Invalid_sim_covariate_covariates_inputs_are_caught"/>
    <testcase time="0.00199999999995271" classname="sim_covariates" name="Invalid_sim_covariate_covariates_inputs_are_caught"/>
    <testcase time="0.0010000000000332" classname="sim_covariates" name="Invalid_sim_covariate_covariates_inputs_are_caught"/>
    <testcase time="0.00200000000000955" classname="sim_covariates" name="Invalid_sim_covariate_covariates_inputs_are_caught"/>
    <testcase time="0.00200000000000955" classname="sim_covariates" name="Invalid_sim_covariate_covariates_inputs_are_caught"/>
    <testcase time="0.000999999999976353" classname="sim_covariates" name="Invalid_sim_covariate_covariates_inputs_are_caught"/>
    <testcase time="0.007000000000005" classname="sim_covariates" name="Invalid_sim_covariate_covariates_inputs_are_caught"/>
    <testcase time="0.00200000000000955" classname="sim_covariates" name="Invalid_sim_covariate_covariates_inputs_are_caught"/>
    <testcase time="0.00200000000000955" classname="sim_covariates" name="Invalid_sim_covariate_covariates_inputs_are_caught"/>
    <testcase time="0.000999999999976353" classname="sim_covariates" name="Invalid_sim_covariate_covariates_inputs_are_caught"/>
    <testcase time="0.00200000000000955" classname="sim_covariates" name="Invalid_sim_covariate_covariates_inputs_are_caught"/>
    <testcase time="0.00200000000000955" classname="sim_covariates" name="Invalid_sim_covariate_covariates_inputs_are_caught"/>
    <testcase time="0.00199999999995271" classname="sim_covariates" name="Invalid_sim_covariate_covariates_inputs_are_caught"/>
    <testcase time="0.0010000000000332" classname="sim_covariates" name="Invalid_sim_covariate_covariates_inputs_are_caught"/>
    <testcase time="0.00200000000000955" classname="sim_covariates" name="Invalid_sim_covariate_covariates_inputs_are_caught"/>
    <testcase time="0.00200000000000955" classname="sim_covariates" name="Invalid_sim_covariate_covariates_inputs_are_caught"/>
    <testcase time="0.000999999999976353" classname="sim_covariates" name="Invalid_sim_covariate_covariates_inputs_are_caught"/>
    <testcase time="0.007000000000005" classname="sim_covariates" name="Invalid_sim_covariate_covariates_inputs_are_caught"/>
    <testcase time="0.00499999999999545" classname="sim_covariates" name="Invalid_sim_covariate_matrix_inputs_are_caught"/>
    <testcase time="0.00200000000000955" classname="sim_covariates" name="Invalid_sim_covariate_matrix_inputs_are_caught"/>
    <testcase time="0.00200000000000955" classname="sim_covariates" name="Invalid_sim_covariate_matrix_inputs_are_caught"/>
    <testcase time="0.00199999999995271" classname="sim_covariates" name="Invalid_sim_covariate_matrix_inputs_are_caught"/>
    <testcase time="0.00200000000000955" classname="sim_covariates" name="Invalid_sim_covariate_matrix_inputs_are_caught"/>
    <testcase time="0.0010000000000332" classname="sim_covariates" name="Invalid_sim_covariate_matrix_inputs_are_caught"/>
    <testcase time="0.0010000000000332" classname="sim_covariates" name="Invalid_sim_covariate_matrix_inputs_are_caught"/>
    <testcase time="0.00199999999995271" classname="sim_covariates" name="Invalid_sim_covariate_matrix_inputs_are_caught"/>
    <testcase time="0.00200000000000955" classname="sim_covariates" name="Invalid_sim_covariate_matrix_inputs_are_caught"/>
    <testcase time="0.00200000000000955" classname="sim_covariates" name="Invalid_sim_covariate_matrix_inputs_are_caught"/>
    <testcase time="0.007000000000005" classname="sim_covariates" name="Invalid_sim_covariate_matrix_inputs_are_caught"/>
    <testcase time="0.00200000000000955" classname="sim_covariates" name="Invalid_sim_covariate_matrix_inputs_are_caught"/>
    <testcase time="0.00200000000000955" classname="sim_covariates" name="Invalid_sim_covariate_matrix_inputs_are_caught"/>
    <testcase time="0.00199999999995271" classname="sim_covariates" name="Invalid_sim_covariate_matrix_inputs_are_caught"/>
    <testcase time="0.00200000000000955" classname="sim_covariates" name="Invalid_sim_covariate_matrix_inputs_are_caught"/>
    <testcase time="0.00200000000000955" classname="sim_covariates" name="Invalid_sim_covariate_matrix_inputs_are_caught"/>
    <testcase time="0.00200000000000955" classname="sim_covariates" name="Invalid_sim_covariate_matrix_inputs_are_caught"/>
    <testcase time="0.00200000000000955" classname="sim_covariates" name="Invalid_sim_covariate_matrix_inputs_are_caught"/>
    <testcase time="0.00200000000000955" classname="sim_covariates" name="Invalid_sim_covariate_matrix_inputs_are_caught"/>
    <testcase time="0.00199999999995271" classname="sim_covariates" name="Invalid_sim_covariate_matrix_inputs_are_caught"/>
    <testcase time="0.007000000000005" classname="sim_covariates" name="Invalid_sim_covariate_matrix_inputs_are_caught"/>
    <testcase time="0.007000000000005" classname="sim_covariates" name="Invalid_sim_covariate_matrix_inputs_are_caught"/>
    <testcase time="0.00300000000004275" classname="sim_covariates" name="Invalid_sim_covariate_matrix_inputs_are_caught"/>
    <testcase time="0.00199999999995271" classname="sim_covariates" name="Invalid_sim_covariate_matrix_inputs_are_caught"/>
    <testcase time="0.00200000000000955" classname="sim_covariates" name="Invalid_sim_covariate_matrix_inputs_are_caught"/>
    <testcase time="0.00200000000000955" classname="sim_covariates" name="Invalid_sim_covariate_matrix_inputs_are_caught"/>
    <testcase time="0.00200000000000955" classname="sim_covariates" name="Invalid_sim_covariate_matrix_inputs_are_caught"/>
    <testcase time="0.00200000000000955" classname="sim_covariates" name="Invalid_sim_covariate_matrix_inputs_are_caught"/>
    <testcase time="0.00199999999995271" classname="sim_covariates" name="Invalid_sim_covariate_matrix_inputs_are_caught"/>
    <testcase time="0.00200000000000955" classname="sim_covariates" name="Invalid_sim_covariate_matrix_inputs_are_caught"/>
    <testcase time="0.00200000000000955" classname="sim_covariates" name="Invalid_sim_covariate_matrix_inputs_are_caught"/>
    <testcase time="0.00200000000000955" classname="sim_covariates" name="Invalid_sim_covariate_matrix_inputs_are_caught"/>
    <testcase time="0.00200000000000955" classname="sim_covariates" name="Invalid_sim_covariate_matrix_inputs_are_caught"/>
    <testcase time="0.00200000000000955" classname="sim_covariates" name="Invalid_sim_covariate_matrix_inputs_are_caught"/>
    <testcase time="0.00200000000000955" classname="sim_covariates" name="Invalid_sim_covariate_matrix_inputs_are_caught"/>
    <testcase time="0.00200000000000955" classname="sim_covariates" name="Invalid_sim_covariate_matrix_inputs_are_caught"/>
    <testcase time="0.00799999999998136" classname="sim_covariates" name="Invalid_sim_covariate_matrix_inputs_are_caught"/>
  </testsuite>
  <testsuite name="sim_data_list" timestamp="2023-02-20T22:49:14Z" hostname="9548d18323e0" tests="11" skipped="0" failures="0" errors="0" time="0.081">
    <testcase time="0.0149999999999864" classname="sim_data_list" name="Incorrect_inputs_lead_to_errors"/>
    <testcase time="0.007000000000005" classname="sim_data_list" name="Incorrect_inputs_lead_to_errors"/>
    <testcase time="0.007000000000005" classname="sim_data_list" name="Incorrect_inputs_lead_to_errors"/>
    <testcase time="0.007000000000005" classname="sim_data_list" name="Incorrect_inputs_lead_to_errors"/>
    <testcase time="0.00600000000002865" classname="sim_data_list" name="Incorrect_inputs_lead_to_errors"/>
    <testcase time="0.00699999999994816" classname="sim_data_list" name="Incorrect_inputs_lead_to_errors"/>
    <testcase time="0.007000000000005" classname="sim_data_list" name="Incorrect_inputs_lead_to_errors"/>
    <testcase time="0.00600000000002865" classname="sim_data_list" name="Incorrect_inputs_lead_to_errors"/>
    <testcase time="0.007000000000005" classname="sim_data_list" name="Incorrect_inputs_lead_to_errors"/>
    <testcase time="0.00399999999996226" classname="sim_data_list" name="Correct_inputs_successfully_produce_SimDataList_"/>
    <testcase time="0.0080000000000382" classname="sim_data_list" name="N_datasets_per_param_is_correct"/>
  </testsuite>
  <testsuite name="sim_outcome_list" timestamp="2023-02-20T22:49:14Z" hostname="9548d18323e0" tests="13" skipped="0" failures="0" errors="0" time="0.091">
    <testcase time="0.0129999999999768" classname="sim_outcome_list" name="Incorrect_inputs_lead_to_errors"/>
    <testcase time="0.00600000000002865" classname="sim_outcome_list" name="Incorrect_inputs_lead_to_errors"/>
    <testcase time="0.00799999999998136" classname="sim_outcome_list" name="Incorrect_inputs_lead_to_errors"/>
    <testcase time="0.00900000000001455" classname="sim_outcome_list" name="Incorrect_inputs_lead_to_errors"/>
    <testcase time="0.00799999999998136" classname="sim_outcome_list" name="Incorrect_inputs_lead_to_errors"/>
    <testcase time="0.007000000000005" classname="sim_outcome_list" name="Correct_inputs_successfully_produce_SimOutcomeList_"/>
    <testcase time="0.00900000000001455" classname="sim_outcome_list" name="Outcome_guide_is_produced_correctly"/>
    <testcase time="0.000999999999976353" classname="sim_outcome_list" name="Outcome_guide_is_produced_correctly"/>
    <testcase time="0.0040000000000191" classname="sim_outcome_list" name="Outcome_guide_is_produced_correctly"/>
    <testcase time="0.00799999999998136" classname="sim_outcome_list" name="Outcome_guide_is_produced_correctly"/>
    <testcase time="0.0010000000000332" classname="sim_outcome_list" name="Outcome_guide_is_produced_correctly"/>
    <testcase time="0.0029999999999859" classname="sim_outcome_list" name="Outcome_guide_is_produced_correctly"/>
    <testcase time="0.01400000000001" classname="sim_outcome_list" name="get_vars_for_sim_outcome_list_works"/>
  </testsuite>
  <testsuite name="sim_samplesize" timestamp="2023-02-20T22:49:15Z" hostname="9548d18323e0" tests="9" skipped="0" failures="0" errors="0" time="0.052">
    <testcase time="0.0109999999999673" classname="sim_samplesize" name="sim_samplesize_is_catching_incorrect_inputs"/>
    <testcase time="0.00499999999999545" classname="sim_samplesize" name="sim_samplesize_is_catching_incorrect_inputs"/>
    <testcase time="0.007000000000005" classname="sim_samplesize" name="sim_samplesize_is_catching_incorrect_inputs"/>
    <testcase time="0.00600000000002865" classname="sim_samplesize" name="sim_samplesize_is_catching_incorrect_inputs"/>
    <testcase time="0.00599999999997181" classname="sim_samplesize" name="sim_samplesize_is_catching_incorrect_inputs"/>
    <testcase time="0.0040000000000191" classname="sim_samplesize" name="sim_samplesize_is_producing_the_correct_counts"/>
    <testcase time="0.00499999999999545" classname="sim_samplesize" name="sim_samplesize_is_producing_the_correct_counts"/>
    <testcase time="0.0040000000000191" classname="sim_samplesize" name="sim_samplesize_is_producing_the_correct_counts"/>
    <testcase time="0.00399999999996226" classname="sim_samplesize" name="sim_samplesize_is_producing_the_correct_counts"/>
  </testsuite>
  <testsuite name="sim_treatment_list" timestamp="2023-02-20T22:49:15Z" hostname="9548d18323e0" tests="13" skipped="0" failures="0" errors="0" time="0.073">
    <testcase time="0.0120000000000005" classname="sim_treatment_list" name="Incorrect_inputs_lead_to_errors"/>
    <testcase time="0.00600000000002865" classname="sim_treatment_list" name="Incorrect_inputs_lead_to_errors"/>
    <testcase time="0.007000000000005" classname="sim_treatment_list" name="Incorrect_inputs_lead_to_errors"/>
    <testcase time="0.007000000000005" classname="sim_treatment_list" name="Incorrect_inputs_lead_to_errors"/>
    <testcase time="0.00699999999994816" classname="sim_treatment_list" name="Incorrect_inputs_lead_to_errors"/>
    <testcase time="0.0050000000000523" classname="sim_treatment_list" name="Correct_inputs_successfully_produce_SimTreatmentList_"/>
    <testcase time="0.00699999999994816" classname="sim_treatment_list" name="Treatment_guide_is_produced_correctly"/>
    <testcase time="0.0010000000000332" classname="sim_treatment_list" name="Treatment_guide_is_produced_correctly"/>
    <testcase time="0.0040000000000191" classname="sim_treatment_list" name="Treatment_guide_is_produced_correctly"/>
    <testcase time="0.00499999999999545" classname="sim_treatment_list" name="Treatment_guide_is_produced_correctly"/>
    <testcase time="0.000999999999976353" classname="sim_treatment_list" name="Treatment_guide_is_produced_correctly"/>
    <testcase time="0.0029999999999859" classname="sim_treatment_list" name="Treatment_guide_is_produced_correctly"/>
    <testcase time="0.0080000000000382" classname="sim_treatment_list" name="get_vars_for_sim_treatment_list_works"/>
  </testsuite>
  <testsuite name="simvar_class" timestamp="2023-02-20T22:49:15Z" hostname="9548d18323e0" tests="18" skipped="0" failures="0" errors="0" time="0.043">
    <testcase time="0.00599999999997181" classname="simvar_class" name="cont_var_functions_correctly"/>
    <testcase time="0.0010000000000332" classname="simvar_class" name="cont_var_functions_correctly"/>
    <testcase time="0.000999999999976353" classname="simvar_class" name="cont_var_functions_correctly"/>
    <testcase time="0.00499999999999545" classname="simvar_class" name="cont_var_functions_correctly"/>
    <testcase time="0.000999999999976353" classname="simvar_class" name="cont_var_functions_correctly"/>
    <testcase time="0.0050000000000523" classname="simvar_class" name="cont_var_functions_correctly"/>
    <testcase time="0.00399999999996226" classname="simvar_class" name="bin_var_functions_correctly"/>
    <testcase time="0.0010000000000332" classname="simvar_class" name="bin_var_functions_correctly"/>
    <testcase time="0.000999999999976353" classname="simvar_class" name="bin_var_functions_correctly"/>
    <testcase time="0" classname="simvar_class" name="bin_var_functions_correctly"/>
    <testcase time="0.00200000000000955" classname="simvar_class" name="bin_var_functions_correctly"/>
    <testcase time="0.000999999999976353" classname="simvar_class" name="bin_var_functions_correctly"/>
    <testcase time="0.0010000000000332" classname="simvar_class" name="bin_var_functions_correctly"/>
    <testcase time="0.000999999999976353" classname="simvar_class" name="bin_var_functions_correctly"/>
    <testcase time="0.0010000000000332" classname="simvar_class" name="bin_var_functions_correctly"/>
    <testcase time="0.00599999999997181" classname="simvar_class" name="bin_var_functions_correctly"/>
    <testcase time="0.000999999999976353" classname="simvar_class" name="bin_var_functions_correctly"/>
    <testcase time="0.0050000000000523" classname="simvar_class" name="bin_var_functions_correctly"/>
  </testsuite>
  <testsuite name="treatment_details" timestamp="2023-02-20T22:49:15Z" hostname="9548d18323e0" tests="5" skipped="0" failures="0" errors="0" time="0.028">
    <testcase time="0.00799999999998136" classname="treatment_details" name="treatment_details_works_when_inputs_are_correct"/>
    <testcase time="0" classname="treatment_details" name="treatment_details_works_when_inputs_are_correct"/>
    <testcase time="0.00799999999998136" classname="treatment_details" name="treatment_details_fails_fails_for_invalid_prior_and_flag_specification"/>
    <testcase time="0.00499999999999545" classname="treatment_details" name="treatment_details_fails_fails_for_invalid_prior_and_flag_specification"/>
    <testcase time="0.007000000000005" classname="treatment_details" name="get_vars_works_for_treatment_details"/>
  </testsuite>
  <testsuite name="trim_data_matrix" timestamp="2023-02-20T22:49:15Z" hostname="9548d18323e0" tests="6" skipped="0" failures="0" errors="0" time="0.029">
    <testcase time="0.00999999999999091" classname="trim_data_matrix" name="data_matrix_trimming_works_with_BDB"/>
    <testcase time="0.0010000000000332" classname="trim_data_matrix" name="data_matrix_trimming_works_with_BDB"/>
    <testcase time="0.00599999999997181" classname="trim_data_matrix" name="data_matrix_trimming_works_with_Full_Borrowing"/>
    <testcase time="0.0010000000000332" classname="trim_data_matrix" name="data_matrix_trimming_works_with_Full_Borrowing"/>
    <testcase time="0.00999999999999091" classname="trim_data_matrix" name="data_matrix_trimming_works_with_No_Borrowing"/>
    <testcase time="0.000999999999976353" classname="trim_data_matrix" name="data_matrix_trimming_works_with_No_Borrowing"/>
  </testsuite>
  <testsuite name="uniform_prior" timestamp="2023-02-20T22:49:15Z" hostname="9548d18323e0" tests="8" skipped="2" failures="0" errors="0" time="0.05">
    <testcase time="0.0080000000000382" classname="uniform_prior" name="Uniform_priors_are_rendering_correctly"/>
    <testcase time="0.00399999999996226" classname="uniform_prior" name="Uniform_priors_are_rendering_correctly"/>
    <testcase time="0.0029999999999859" classname="uniform_prior" name="Uniform_priors_are_rendering_correctly"/>
    <testcase time="0.00300000000004275" classname="uniform_prior" name="Uniform_priors_are_rendering_correctly"/>
    <testcase time="0.00399999999996226" classname="uniform_prior" name="Uniform_priors_are_rendering_correctly"/>
    <testcase time="0.007000000000005" classname="uniform_prior" name="Uniform_priors_are_rendering_correctly"/>
    <testcase time="0.007000000000005" classname="uniform_prior" name="show_works_for_UniformPrior">
      <skipped message="Reason: On CRAN ('test-uniform_prior.R:21')"/>
    </testcase>
    <testcase time="0.01400000000001" classname="uniform_prior" name="plot_works_for_UniformPrior">
      <skipped message="Reason: On CRAN ('test-uniform_prior.R:26')"/>
    </testcase>
  </testsuite>
  <testsuite name="weib_ph_surv_dist" timestamp="2023-02-20T22:49:15Z" hostname="9548d18323e0" tests="10" skipped="0" failures="0" errors="0" time="0.05">
    <testcase time="0.0149999999999864" classname="weib_ph_surv_dist" name="Weibull_survival_distributions_are_rendering_correctly"/>
    <testcase time="0.00300000000004275" classname="weib_ph_surv_dist" name="Weibull_survival_distributions_are_rendering_correctly"/>
    <testcase time="0.00399999999996226" classname="weib_ph_surv_dist" name="Weibull_survival_distributions_are_rendering_correctly"/>
    <testcase time="0.00499999999999545" classname="weib_ph_surv_dist" name="Weibull_survival_distributions_are_rendering_correctly"/>
    <testcase time="0.007000000000005" classname="weib_ph_surv_dist" name="get_vars_works_for_WeibullPHSurvDist"/>
    <testcase time="0.00499999999999545" classname="weib_ph_surv_dist" name="get_vars_works_for_WeibullPHSurvDist"/>
    <testcase time="0.00499999999999545" classname="weib_ph_surv_dist" name="weib_ph_surv_dist_works_with_weights"/>
    <testcase time="0.0040000000000191" classname="weib_ph_surv_dist" name="weib_ph_surv_dist_works_with_weights"/>
    <testcase time="0.000999999999976353" classname="weib_ph_surv_dist" name="weib_ph_surv_dist_works_with_weights"/>
    <testcase time="0.0010000000000332" classname="weib_ph_surv_dist" name="weib_ph_surv_dist_works_with_weights"/>
  </testsuite>
</testsuites>
